[[Node 4] election]: 2026/01/24 14:13:38 {0}. Started election handle
[[Node 4] election]: 2026/01/24 14:13:38 {7}. Preparing election context...
[[Node 4] election]: 2026/01/24 14:13:38 {8}. Resetting the election context...
[[Node 4] election]: 2026/01/24 14:13:38 {9}. Orienting the nodes with current neighbors
[[Node 4] election]: 2026/01/24 14:13:38 {9}. 3: Incoming
[[Node 4] election]: 2026/01/24 14:13:38 {9}. Calculating election 8-4 status: I am Sink
[[Node 4] election]: 2026/01/24 14:13:38 {9}. Setup the election context
[[Node 4] election]: 2026/01/24 14:13:38 {9}. Sent START message to 3
[[Node 4] election]: 2026/01/24 14:13:38 {9}. Sent START to all my ON neighbors, waiting confirm or earlier election proposal
[[Node 4] election]: 2026/01/24 14:13:38 {9}. Yo down started for round 0
[[Node 4] election]: 2026/01/24 14:13:38 {9}. Sink: waiting for inlinks to send proposals
[[Node 4] election]: 2026/01/24 14:13:39 {49}. Preparing election context...
[[Node 4] election]: 2026/01/24 14:13:39 {50}. Resetting the election context...
[[Node 4] election]: 2026/01/24 14:13:39 {51}. Orienting the nodes with current neighbors
[[Node 4] election]: 2026/01/24 14:13:39 {51}. 1: Incoming
[[Node 4] election]: 2026/01/24 14:13:39 {51}. 3: Incoming
[[Node 4] election]: 2026/01/24 14:13:39 {51}. Calculating election 50-4 status: I am Sink
[[Node 4] election]: 2026/01/24 14:13:39 {51}. Setup the election context
[[Node 4] election]: 2026/01/24 14:13:39 {52}. Sent START message to 3
[[Node 4] election]: 2026/01/24 14:13:39 {52}. Sent START message to 1
[[Node 4] election]: 2026/01/24 14:13:39 {52}. Sent START to all my ON neighbors, waiting confirm or earlier election proposal
[[Node 4] election]: 2026/01/24 14:13:39 {52}. Yo down started for round 0
[[Node 4] election]: 2026/01/24 14:13:39 {52}. Sink: waiting for inlinks to send proposals
[[Node 4] election]: 2026/01/24 14:13:41 {98}. Awaiting election message...
[[Node 4] election]: 2026/01/24 14:13:41 {98}. Election message received: Header{Sender{node-3}, Destination{node-4}, Type{Election}, Timestamp{31}}, MessageType{0}, ElectionID{}, Round{0}, Body{[20-3]}. Current state{Waiting Yo Down}
[[Node 4] election]: 2026/01/24 14:13:41 {98}. 3 sent me a weaker START message: received{20-3}, mine{50-4}. Ignoring it.
[[Node 4] election]: 2026/01/24 14:13:41 {98}. Awaiting election message...
[[Node 4] election]: 2026/01/24 14:13:41 {98}. Election message received: Header{Sender{node-1}, Destination{node-4}, Type{Election}, Timestamp{65}}, MessageType{0}, ElectionID{}, Round{0}, Body{[59-1]}. Current state{Waiting Yo Down}
[[Node 4] election]: 2026/01/24 14:13:41 {98}. 1 sent me a stronger START message: received{59-1}, mine{50-4}. Switching to this one
[[Node 4] election]: 2026/01/24 14:13:41 {98}. Preparing election context for election {59-1}...
[[Node 4] election]: 2026/01/24 14:13:41 {98}. Resetting the election context...
[[Node 4] election]: 2026/01/24 14:13:41 {99}. Orienting the nodes with current neighbors
[[Node 4] election]: 2026/01/24 14:13:41 {99}. 3: Incoming
[[Node 4] election]: 2026/01/24 14:13:41 {99}. 1: Incoming
[[Node 4] election]: 2026/01/24 14:13:41 {99}. Calculating election 59-1 status: I am Sink
[[Node 4] election]: 2026/01/24 14:13:41 {99}. Finished setup for the election context
[[Node 4] election]: 2026/01/24 14:13:41 {99}. Sent START message to 3
[[Node 4] election]: 2026/01/24 14:13:41 {99}. Ignoring 1 as it is the sender
[[Node 4] election]: 2026/01/24 14:13:41 {99}. Yo down started for round 0
[[Node 4] election]: 2026/01/24 14:13:41 {99}. Sink: waiting for inlinks to send proposals
[[Node 4] election]: 2026/01/24 14:13:41 {99}. Awaiting election message...
[[Node 4] election]: 2026/01/24 14:13:41 {99}. Election message received: Header{Sender{node-1}, Destination{node-4}, Type{Election}, Timestamp{70}}, MessageType{1}, ElectionID{59-1}, Round{0}, Body{[1]}. Current state{Waiting Yo Down}
[[Node 4] election]: 2026/01/24 14:13:41 {99}. Stored the proposal of 1 by 1, waiting for 1 more votes...
[[Node 4] election]: 2026/01/24 14:13:41 {99}. Awaiting election message...
[[Node 4] election]: 2026/01/24 14:13:41 {99}. Election message received: Header{Sender{node-1}, Destination{node-4}, Type{Election}, Timestamp{71}}, MessageType{0}, ElectionID{}, Round{0}, Body{[61-1]}. Current state{Waiting Yo Down}
[[Node 4] election]: 2026/01/24 14:13:41 {99}. 1 sent me a stronger START message: received{61-1}, mine{59-1}. Switching to this one
[[Node 4] election]: 2026/01/24 14:13:41 {99}. Preparing election context for election {61-1}...
[[Node 4] election]: 2026/01/24 14:13:41 {99}. Resetting the election context...
[[Node 4] election]: 2026/01/24 14:13:41 {100}. Orienting the nodes with current neighbors
[[Node 4] election]: 2026/01/24 14:13:41 {100}. 3: Incoming
[[Node 4] election]: 2026/01/24 14:13:41 {100}. 1: Incoming
[[Node 4] election]: 2026/01/24 14:13:41 {100}. Calculating election 61-1 status: I am Sink
[[Node 4] election]: 2026/01/24 14:13:41 {100}. Finished setup for the election context
[[Node 4] election]: 2026/01/24 14:13:41 {100}. Sent START message to 3
[[Node 4] election]: 2026/01/24 14:13:41 {100}. Ignoring 1 as it is the sender
[[Node 4] election]: 2026/01/24 14:13:41 {100}. Yo down started for round 0
[[Node 4] election]: 2026/01/24 14:13:41 {100}. Sink: waiting for inlinks to send proposals
[[Node 4] election]: 2026/01/24 14:13:41 {100}. Awaiting election message...
[[Node 4] election]: 2026/01/24 14:13:41 {100}. Election message received: Header{Sender{node-1}, Destination{node-4}, Type{Election}, Timestamp{76}}, MessageType{1}, ElectionID{61-1}, Round{0}, Body{[1]}. Current state{Waiting Yo Down}
[[Node 4] election]: 2026/01/24 14:13:41 {100}. Stored the proposal of 1 by 1, waiting for 1 more votes...
[[Node 4] election]: 2026/01/24 14:13:41 {100}. Awaiting election message...
[[Node 4] election]: 2026/01/24 14:13:41 {100}. Election message received: Header{Sender{node-1}, Destination{node-4}, Type{Election}, Timestamp{83}}, MessageType{0}, ElectionID{}, Round{0}, Body{[78-1]}. Current state{Waiting Yo Down}
[[Node 4] election]: 2026/01/24 14:13:41 {100}. 1 sent me a stronger START message: received{78-1}, mine{61-1}. Switching to this one
[[Node 4] election]: 2026/01/24 14:13:41 {100}. Preparing election context for election {78-1}...
[[Node 4] election]: 2026/01/24 14:13:41 {100}. Resetting the election context...
[[Node 4] election]: 2026/01/24 14:13:41 {101}. Orienting the nodes with current neighbors
[[Node 4] election]: 2026/01/24 14:13:41 {101}. 3: Incoming
[[Node 4] election]: 2026/01/24 14:13:41 {101}. 1: Incoming
[[Node 4] election]: 2026/01/24 14:13:41 {101}. Calculating election 78-1 status: I am Sink
[[Node 4] election]: 2026/01/24 14:13:41 {101}. Finished setup for the election context
[[Node 4] election]: 2026/01/24 14:13:41 {101}. Sent START message to 3
[[Node 4] election]: 2026/01/24 14:13:41 {101}. Ignoring 1 as it is the sender
[[Node 4] election]: 2026/01/24 14:13:41 {101}. Yo down started for round 0
[[Node 4] election]: 2026/01/24 14:13:41 {101}. Sink: waiting for inlinks to send proposals
[[Node 4] election]: 2026/01/24 14:13:41 {101}. Awaiting election message...
[[Node 4] election]: 2026/01/24 14:13:41 {101}. Election message received: Header{Sender{node-1}, Destination{node-4}, Type{Election}, Timestamp{86}}, MessageType{1}, ElectionID{78-1}, Round{0}, Body{[1]}. Current state{Waiting Yo Down}
[[Node 4] election]: 2026/01/24 14:13:41 {101}. Stored the proposal of 1 by 1, waiting for 1 more votes...
[[Node 4] election]: 2026/01/24 14:13:41 {101}. Awaiting election message...
[[Node 4] election]: 2026/01/24 14:13:41 {101}. Election message received: Header{Sender{node-1}, Destination{node-4}, Type{Election}, Timestamp{89}}, MessageType{0}, ElectionID{}, Round{0}, Body{[80-1]}. Current state{Waiting Yo Down}
[[Node 4] election]: 2026/01/24 14:13:41 {101}. 1 sent me a stronger START message: received{80-1}, mine{78-1}. Switching to this one
[[Node 4] election]: 2026/01/24 14:13:41 {101}. Preparing election context for election {80-1}...
[[Node 4] election]: 2026/01/24 14:13:41 {101}. Resetting the election context...
[[Node 4] election]: 2026/01/24 14:13:41 {102}. Orienting the nodes with current neighbors
[[Node 4] election]: 2026/01/24 14:13:41 {102}. 3: Incoming
[[Node 4] election]: 2026/01/24 14:13:41 {102}. 1: Incoming
[[Node 4] election]: 2026/01/24 14:13:41 {102}. Calculating election 80-1 status: I am Sink
[[Node 4] election]: 2026/01/24 14:13:41 {102}. Finished setup for the election context
[[Node 4] election]: 2026/01/24 14:13:41 {102}. Sent START message to 3
[[Node 4] election]: 2026/01/24 14:13:41 {102}. Ignoring 1 as it is the sender
[[Node 4] election]: 2026/01/24 14:13:41 {102}. Yo down started for round 0
[[Node 4] election]: 2026/01/24 14:13:41 {102}. Sink: waiting for inlinks to send proposals
[[Node 4] election]: 2026/01/24 14:13:41 {102}. Awaiting election message...
[[Node 4] election]: 2026/01/24 14:13:41 {102}. Election message received: Header{Sender{node-1}, Destination{node-4}, Type{Election}, Timestamp{92}}, MessageType{1}, ElectionID{80-1}, Round{0}, Body{[1]}. Current state{Waiting Yo Down}
[[Node 4] election]: 2026/01/24 14:13:41 {102}. Stored the proposal of 1 by 1, waiting for 1 more votes...
[[Node 4] election]: 2026/01/24 14:13:41 {102}. Awaiting election message...
[[Node 4] election]: 2026/01/24 14:13:41 {120}. Election message received: Header{Sender{node-3}, Destination{node-4}, Type{Election}, Timestamp{116}}, MessageType{0}, ElectionID{}, Round{0}, Body{[25-2]}. Current state{Waiting Yo Down}
[[Node 4] election]: 2026/01/24 14:13:41 {120}. 3 sent me a weaker START message: received{25-2}, mine{80-1}. Ignoring it.
[[Node 4] election]: 2026/01/24 14:13:41 {120}. Awaiting election message...
[[Node 4] election]: 2026/01/24 14:13:41 {120}. Election message received: Header{Sender{node-3}, Destination{node-4}, Type{Election}, Timestamp{117}}, MessageType{1}, ElectionID{25-2}, Round{0}, Body{[2]}. Current state{Waiting Yo Down}
[[Node 4] election]: 2026/01/24 14:13:41 {120}. Proposal message received by 3 for a weaker, older, election 25-2, ignoring.
[[Node 4] election]: 2026/01/24 14:13:41 {120}. Awaiting election message...
[[Node 4] election]: 2026/01/24 14:13:41 {120}. Election message received: Header{Sender{node-3}, Destination{node-4}, Type{Election}, Timestamp{118}}, MessageType{0}, ElectionID{}, Round{0}, Body{[27-2]}. Current state{Waiting Yo Down}
[[Node 4] election]: 2026/01/24 14:13:41 {120}. 3 sent me a weaker START message: received{27-2}, mine{80-1}. Ignoring it.
[[Node 4] election]: 2026/01/24 14:13:41 {120}. Awaiting election message...
[[Node 4] election]: 2026/01/24 14:13:41 {120}. Election message received: Header{Sender{node-3}, Destination{node-4}, Type{Election}, Timestamp{119}}, MessageType{1}, ElectionID{27-2}, Round{0}, Body{[2]}. Current state{Waiting Yo Down}
[[Node 4] election]: 2026/01/24 14:13:41 {120}. Proposal message received by 3 for a weaker, older, election 27-2, ignoring.
[[Node 4] election]: 2026/01/24 14:13:41 {120}. Awaiting election message...
[[Node 4] election]: 2026/01/24 14:13:41 {122}. Election message received: Header{Sender{node-3}, Destination{node-4}, Type{Election}, Timestamp{121}}, MessageType{0}, ElectionID{}, Round{0}, Body{[52-2]}. Current state{Waiting Yo Down}
[[Node 4] election]: 2026/01/24 14:13:41 {122}. 3 sent me a weaker START message: received{52-2}, mine{80-1}. Ignoring it.
[[Node 4] election]: 2026/01/24 14:13:41 {122}. Awaiting election message...
[[Node 4] election]: 2026/01/24 14:13:42 {149}. Election message received: Header{Sender{node-3}, Destination{node-4}, Type{Election}, Timestamp{148}}, MessageType{1}, ElectionID{80-1}, Round{0}, Body{[1]}. Current state{Waiting Yo Down}
[[Node 4] election]: 2026/01/24 14:13:42 {149}. Stored the proposal of 1 by 3, waiting for 0 more votes...
[[Node 4] election]: 2026/01/24 14:13:42 {149}. Got all proposals, calculating the smallest ID... {1}
[[Node 4] election]: 2026/01/24 14:13:42 {149}. Yo up started for round 0
[[Node 4] election]: 2026/01/24 14:13:42 {149}. SINK: Got all the proposals, need to send votes back
[[Node 4] election]: 2026/01/24 14:13:42 {149}. I have multiple parents, do i need pruning? true
[[Node 4] election]: 2026/01/24 14:13:42 {149}. Sent vote true to 3
[[Node 4] election]: 2026/01/24 14:13:42 {149}. Sent vote true to 1
[[Node 4] election]: 2026/01/24 14:13:42 {149}. Preparing for next round...
[[Node 4] election]: 2026/01/24 14:13:42 {149}. Context prepared, current round is 1 and I am Sink
[[Node 4] election]: 2026/01/24 14:13:42 {149}. Awaiting election message...
[[Node 4] election]: 2026/01/24 14:13:42 {164}. Election message received: Header{Sender{node-3}, Destination{node-4}, Type{Election}, Timestamp{163}}, MessageType{1}, ElectionID{80-1}, Round{1}, Body{[1]}. Current state{Waiting Yo Down}
[[Node 4] election]: 2026/01/24 14:13:42 {164}. Stored the proposal of 1 by 3, waiting for 0 more votes...
[[Node 4] election]: 2026/01/24 14:13:42 {164}. Got all proposals, calculating the smallest ID... {1}
[[Node 4] election]: 2026/01/24 14:13:42 {164}. Yo up started for round 1
[[Node 4] election]: 2026/01/24 14:13:42 {164}. SINK: Got all the proposals, need to send votes back
[[Node 4] election]: 2026/01/24 14:13:42 {164}. I have a single parent, need pruning
[[Node 4] election]: 2026/01/24 14:13:42 {164}. Sent vote true to 3
[[Node 4] election]: 2026/01/24 14:13:42 {164}. Preparing for next round...
[[Node 4] election]: 2026/01/24 14:13:42 {164}. Context prepared, current round is 2 and I am Loser
[[Node 4] election]: 2026/01/24 14:13:42 {164}. Awaiting election message...
[[Node 4] election]: 2026/01/24 14:13:42 {185}. Election message received: Header{Sender{node-1}, Destination{node-4}, Type{Election}, Timestamp{184}}, MessageType{3}, ElectionID{80-1}, Round{4}, Body{[1 Q 0]}. Current state{Waiting Yo Down}
[[Node 4] election]: 2026/01/24 14:13:42 {185}. 1 said it was leader. closing my election context... with Election Result{LeaderID{1}, ElectionID{80-1}}
[[Node 4] election]: 2026/01/24 14:13:42 {185}. Sent new Leader (1) message to 3. Header{Sender{node-4}, Destination{node-3}, Type{Election}, Timestamp{0}}, MessageType{3}, ElectionID{80-1}, Round{2}, Body{[1 Q 1]}
[[Node 4] election]: 2026/01/24 14:13:42 {185}. Awaiting election message...
[[Node 4] election]: 2026/01/24 14:13:42 {191}. Election message received: Header{Sender{node-3}, Destination{node-4}, Type{Election}, Timestamp{190}}, MessageType{3}, ElectionID{80-1}, Round{3}, Body{[1 A true]}. Current state{Idle}
[[Node 4] election]: 2026/01/24 14:13:42 {191}. Received a leader message, by 3, for the current election (mine: 80-1, received: 80-1) Confirming.
[[Node 4] election]: 2026/01/24 14:13:42 {191}. Awaiting election message...
[[Node 4] election]: 2026/01/24 14:13:57 {331}. Timeout occurred... Current state is Idle
[[Node 4] election]: 2026/01/24 14:13:57 {331}. Awaiting election message...
[[Node 4] election]: 2026/01/24 14:14:11 {477}. Timeout occurred... Current state is Idle
[[Node 4] election]: 2026/01/24 14:14:11 {477}. Awaiting election message...
