[[Node 4] tree]: 2026/01/24 14:13:38 {0}. Started tree handle
[[Node 4] tree]: 2026/01/24 14:13:41 {98}. Awaiting tree message...
[[Node 4] tree]: 2026/01/24 14:13:42 {185}. 1 My state is Idle.
[[Node 4] tree]: 2026/01/24 14:13:42 {185}. Setting up spanning tree process, im IDLE and received a message
[[Node 4] tree]: 2026/01/24 14:13:42 {185}. Root{false}, Parent{sender:1}, TreeChildren{map[]}
[[Node 4] tree]: 2026/01/24 14:13:42 {185}. Sent yes to 1. Counter = 1
[[Node 4] tree]: 2026/01/24 14:13:42 {185}. Other neighbors, sending Q's
[[Node 4] tree]: 2026/01/24 14:13:42 {185}. Sent Q to 3
[[Node 4] tree]: 2026/01/24 14:13:42 {185}. Awaiting responses... Becoming ACTIVE
[[Node 4] tree]: 2026/01/24 14:13:42 {191}. 3 My state is Active.
[[Node 4] tree]: 2026/01/24 14:13:42 {191}. Received YES from 3, adding to tree neighbors. Current counter{2}
[[Node 4] tree]: 2026/01/24 14:13:42 {191}. Awaiting 0 responses... [3 1]
[[Node 4] tree]: 2026/01/24 14:13:42 {191}. No more neighbors to await, becoming DONE. My roles: {Persistence (R)}
[[Node 4] tree]: 2026/01/24 14:13:42 {192}. Message from 1 received: Header{Sender{node-1}, Destination{node-4}, Type{Tree}, Timestamp{191}}, Epoch{0}, Flags{64}, Body{[50001]}
[[Node 4] tree]: 2026/01/24 14:13:42 {192}. Parent (1) said he listens on port (50001) for data plane
[[Node 4] tree]: 2026/01/24 14:13:42 {192}. Sending (3) the port (50004)
[[Node 4] tree]: 2026/01/24 14:13:42 {192}. Awaiting tree message...
[[Node 4] tree]: 2026/01/24 14:13:42 {200}. Message from 3 received: Header{Sender{node-3}, Destination{node-4}, Type{Tree}, Timestamp{199}}, Epoch{0}, Flags{32}, Body{[3]}
[[Node 4] tree]: 2026/01/24 14:13:42 {200}. (3) told me that (3) is reachable through itself. Current map{map[3:3]}
[[Node 4] tree]: 2026/01/24 14:13:42 {200}. Forwarding (3) next input hop to parent (1)
[[Node 4] tree]: 2026/01/24 14:13:42 {200}. Awaiting tree message...
[[Node 4] tree]: 2026/01/24 14:13:44 {216}. Message from 1 received: Header{Sender{node-1}, Destination{node-4}, Type{Tree}, Timestamp{215}}, Epoch{0}, Flags{1}, Body{[]}
[[Node 4] tree]: 2026/01/24 14:13:44 {216}. Forwarded message to (3)
[[Node 4] tree]: 2026/01/24 14:13:44 {216}. Awaiting tree message...
[[Node 4] tree]: 2026/01/24 14:13:46 {236}. Message from 1 received: Header{Sender{node-1}, Destination{node-4}, Type{Tree}, Timestamp{235}}, Epoch{1}, Flags{1}, Body{[]}
[[Node 4] tree]: 2026/01/24 14:13:46 {236}. Forwarded message to (3)
[[Node 4] tree]: 2026/01/24 14:13:46 {236}. Awaiting tree message...
[[Node 4] tree]: 2026/01/24 14:13:48 {254}. Message from 1 received: Header{Sender{node-1}, Destination{node-4}, Type{Tree}, Timestamp{253}}, Epoch{2}, Flags{1}, Body{[]}
[[Node 4] tree]: 2026/01/24 14:13:48 {254}. Forwarded message to (3)
[[Node 4] tree]: 2026/01/24 14:13:48 {254}. Awaiting tree message...
[[Node 4] tree]: 2026/01/24 14:13:50 {273}. Message from 1 received: Header{Sender{node-1}, Destination{node-4}, Type{Tree}, Timestamp{272}}, Epoch{3}, Flags{1}, Body{[]}
[[Node 4] tree]: 2026/01/24 14:13:50 {273}. Forwarded message to (3)
[[Node 4] tree]: 2026/01/24 14:13:50 {273}. Awaiting tree message...
[[Node 4] tree]: 2026/01/24 14:13:52 {290}. Message from 1 received: Header{Sender{node-1}, Destination{node-4}, Type{Tree}, Timestamp{289}}, Epoch{4}, Flags{1}, Body{[]}
[[Node 4] tree]: 2026/01/24 14:13:52 {290}. Forwarded message to (3)
[[Node 4] tree]: 2026/01/24 14:13:52 {290}. Awaiting tree message...
[[Node 4] tree]: 2026/01/24 14:13:54 {309}. Message from 1 received: Header{Sender{node-1}, Destination{node-4}, Type{Tree}, Timestamp{308}}, Epoch{5}, Flags{1}, Body{[]}
[[Node 4] tree]: 2026/01/24 14:13:54 {309}. Forwarded message to (3)
[[Node 4] tree]: 2026/01/24 14:13:54 {309}. Awaiting tree message...
[[Node 4] tree]: 2026/01/24 14:13:56 {327}. Message from 1 received: Header{Sender{node-1}, Destination{node-4}, Type{Tree}, Timestamp{326}}, Epoch{6}, Flags{1}, Body{[]}
[[Node 4] tree]: 2026/01/24 14:13:56 {327}. Forwarded message to (3)
[[Node 4] tree]: 2026/01/24 14:13:56 {327}. Awaiting tree message...
[[Node 4] tree]: 2026/01/24 14:13:58 {346}. Message from 1 received: Header{Sender{node-1}, Destination{node-4}, Type{Tree}, Timestamp{345}}, Epoch{7}, Flags{1}, Body{[]}
[[Node 4] tree]: 2026/01/24 14:13:58 {346}. Forwarded message to (3)
[[Node 4] tree]: 2026/01/24 14:13:58 {346}. Awaiting tree message...
[[Node 4] tree]: 2026/01/24 14:13:59 {365}. Message from 1 received: Header{Sender{node-1}, Destination{node-4}, Type{Tree}, Timestamp{364}}, Epoch{8}, Flags{1}, Body{[]}
[[Node 4] tree]: 2026/01/24 14:13:59 {365}. Forwarded message to (3)
[[Node 4] tree]: 2026/01/24 14:13:59 {365}. Awaiting tree message...
[[Node 4] tree]: 2026/01/24 14:14:01 {384}. Message from 1 received: Header{Sender{node-1}, Destination{node-4}, Type{Tree}, Timestamp{383}}, Epoch{9}, Flags{1}, Body{[]}
[[Node 4] tree]: 2026/01/24 14:14:01 {384}. Forwarded message to (3)
[[Node 4] tree]: 2026/01/24 14:14:01 {384}. Awaiting tree message...
[[Node 4] tree]: 2026/01/24 14:14:03 {403}. Message from 1 received: Header{Sender{node-1}, Destination{node-4}, Type{Tree}, Timestamp{402}}, Epoch{10}, Flags{1}, Body{[]}
[[Node 4] tree]: 2026/01/24 14:14:03 {403}. Forwarded message to (3)
[[Node 4] tree]: 2026/01/24 14:14:03 {403}. Awaiting tree message...
[[Node 4] tree]: 2026/01/24 14:14:05 {421}. Message from 1 received: Header{Sender{node-1}, Destination{node-4}, Type{Tree}, Timestamp{420}}, Epoch{11}, Flags{1}, Body{[]}
[[Node 4] tree]: 2026/01/24 14:14:05 {421}. Forwarded message to (3)
[[Node 4] tree]: 2026/01/24 14:14:05 {421}. Awaiting tree message...
[[Node 4] tree]: 2026/01/24 14:14:07 {440}. Message from 1 received: Header{Sender{node-1}, Destination{node-4}, Type{Tree}, Timestamp{439}}, Epoch{12}, Flags{1}, Body{[]}
[[Node 4] tree]: 2026/01/24 14:14:07 {440}. Forwarded message to (3)
[[Node 4] tree]: 2026/01/24 14:14:07 {440}. Awaiting tree message...
[[Node 4] tree]: 2026/01/24 14:14:09 {457}. Message from 1 received: Header{Sender{node-1}, Destination{node-4}, Type{Tree}, Timestamp{456}}, Epoch{13}, Flags{1}, Body{[]}
[[Node 4] tree]: 2026/01/24 14:14:09 {457}. Forwarded message to (3)
[[Node 4] tree]: 2026/01/24 14:14:09 {457}. Awaiting tree message...
[[Node 4] tree]: 2026/01/24 14:14:11 {476}. Message from 1 received: Header{Sender{node-1}, Destination{node-4}, Type{Tree}, Timestamp{475}}, Epoch{14}, Flags{1}, Body{[]}
[[Node 4] tree]: 2026/01/24 14:14:11 {476}. Forwarded message to (3)
[[Node 4] tree]: 2026/01/24 14:14:11 {476}. Awaiting tree message...
[[Node 4] tree]: 2026/01/24 14:14:13 {494}. Message from 1 received: Header{Sender{node-1}, Destination{node-4}, Type{Tree}, Timestamp{493}}, Epoch{15}, Flags{1}, Body{[]}
[[Node 4] tree]: 2026/01/24 14:14:13 {494}. Forwarded message to (3)
[[Node 4] tree]: 2026/01/24 14:14:13 {494}. Awaiting tree message...
