[[Node 2] main]: 2026/01/24 15:57:12 {0}. Configuration component correctly created: Id{2}, Ports{Control: 46002, Data: 50002}
[[Node 2] main]: 2026/01/24 15:57:12 {0}. Created context
[[Node 2] main]: 2026/01/24 15:57:12 {0}. Node is all set
[[Node 2] main]: 2026/01/24 15:57:12 {0}. Neighbors recovered: map[1:host:"172.21.196.252"  port:46001 3:host:"172.21.196.252"  port:46003 5:host:"172.21.196.252"  port:46005]
[[Node 2] main]: 2026/01/24 15:57:12 {0}. Node booting up...
[[Node 2] main]: 2026/01/24 15:57:12 {0}. Node's goroutine started correctly
[[Node 2] main]: 2026/01/24 15:57:12 {0}. Started output dispatcher. Awaiting messages to send...
[[Node 2] main]: 2026/01/24 15:57:12 {0}. Started input dispatcher. Awaiting messages...
[[Node 2] main]: 2026/01/24 15:57:12 {0}. Sending JOIN to 5...
[[Node 2] main]: 2026/01/24 15:57:12 {1}. Sending JOIN to 1...
[[Node 2] main]: 2026/01/24 15:57:12 {1}. Message sent to 5: Header{Sender{node-2}, Destination{node-5}, Type{Topology}, Timestamp{1}}, Address{{172.21.196.252 46002}}, Flags{1}
[[Node 2] main]: 2026/01/24 15:57:12 {2}. Message sent to 1: Header{Sender{node-2}, Destination{node-1}, Type{Topology}, Timestamp{2}}, Address{{172.21.196.252 46002}}, Flags{1}
[[Node 2] main]: 2026/01/24 15:57:12 {2}. Sending JOIN to 3...
[[Node 2] main]: 2026/01/24 15:57:12 {3}. Message sent to 3: Header{Sender{node-2}, Destination{node-3}, Type{Topology}, Timestamp{3}}, Address{{172.21.196.252 46002}}, Flags{1}
[[Node 2] main]: 2026/01/24 15:57:12 {3}. Sending JOIN to 5...
[[Node 2] main]: 2026/01/24 15:57:12 {4}. Message sent to 5: Header{Sender{node-2}, Destination{node-5}, Type{Topology}, Timestamp{4}}, Address{{172.21.196.252 46002}}, Flags{1}
[[Node 2] main]: 2026/01/24 15:57:12 {4}. Sending JOIN to 1...
[[Node 2] main]: 2026/01/24 15:57:12 {5}. Message sent to 1: Header{Sender{node-2}, Destination{node-1}, Type{Topology}, Timestamp{5}}, Address{{172.21.196.252 46002}}, Flags{1}
[[Node 2] main]: 2026/01/24 15:57:12 {5}. Sending JOIN to 3...
[[Node 2] main]: 2026/01/24 15:57:12 {6}. Message sent to 3: Header{Sender{node-2}, Destination{node-3}, Type{Topology}, Timestamp{6}}, Address{{172.21.196.252 46002}}, Flags{1}
[[Node 2] main]: 2026/01/24 15:57:12 {8}. Message received on dispatcher: 1, Sender{node-1}, Destination{node-2}, Type{Topology}, Timestamp{7}
[[Node 2] main]: 2026/01/24 15:57:12 {9}. Message sent to 1: Header{Sender{node-2}, Destination{node-1}, Type{Topology}, Timestamp{9}}, Address{{172.21.196.252 46002}}, Flags{2}
[[Node 2] main]: 2026/01/24 15:57:12 {14}. Message received on dispatcher: 1, Sender{node-1}, Destination{node-2}, Type{Election}, Timestamp{13}
[[Node 2] main]: 2026/01/24 15:57:12 {15}. Message received on dispatcher: 1, Sender{node-1}, Destination{node-2}, Type{Election}, Timestamp{14}
[[Node 2] main]: 2026/01/24 15:57:13 {15}. 1 is ON, I can stop with JOINs
[[Node 2] main]: 2026/01/24 15:57:13 {15}. Sending JOIN to 5...
[[Node 2] main]: 2026/01/24 15:57:13 {16}. Message sent to 5: Header{Sender{node-2}, Destination{node-5}, Type{Topology}, Timestamp{16}}, Address{{172.21.196.252 46002}}, Flags{1}
[[Node 2] main]: 2026/01/24 15:57:13 {16}. Sending JOIN to 3...
[[Node 2] main]: 2026/01/24 15:57:13 {17}. Message sent to 3: Header{Sender{node-2}, Destination{node-3}, Type{Topology}, Timestamp{17}}, Address{{172.21.196.252 46002}}, Flags{1}
[[Node 2] main]: 2026/01/24 15:57:14 {18}. Message sent to 1: {Header{Sender{node-2}, Destination{node-1}, Type{Heartbeat}, Timestamp{18}}}
[[Node 2] main]: 2026/01/24 15:57:14 {21}. Message received on dispatcher: 1, Sender{node-1}, Destination{node-2}, Type{Heartbeat}, Timestamp{20}
[[Node 2] main]: 2026/01/24 15:57:15 {23}. Message sent to 1: Header{Sender{node-2}, Destination{node-1}, Type{Election}, Timestamp{23}}, MessageType{2}, ElectionID{11-1}, Round{0}, Body{[true true]}
[[Node 2] main]: 2026/01/24 15:57:15 {26}. Message received on dispatcher: 1, Sender{node-1}, Destination{node-2}, Type{Election}, Timestamp{25}
[[Node 2] main]: 2026/01/24 15:57:15 {27}. Message sent to 1: Header{Sender{node-2}, Destination{node-1}, Type{Election}, Timestamp{27}}, MessageType{3}, ElectionID{11-1}, Round{1}, Body{[1 A true]}
[[Node 2] main]: 2026/01/24 15:57:15 {28}. Message sent to 1: Header{Sender{node-2}, Destination{node-1}, Type{Tree}, Timestamp{28}}, Epoch{0}, Flags{32}, Body{[2]}
[[Node 2] main]: 2026/01/24 15:57:15 {31}. Message received on dispatcher: 1, Sender{node-1}, Destination{node-2}, Type{Tree}, Timestamp{30}
[[Node 2] main]: 2026/01/24 15:57:15 {31}. Sending JOIN to 5...
[[Node 2] main]: 2026/01/24 15:57:15 {32}. Message sent to 5: Header{Sender{node-2}, Destination{node-5}, Type{Topology}, Timestamp{32}}, Address{{172.21.196.252 46002}}, Flags{1}
[[Node 2] main]: 2026/01/24 15:57:15 {32}. Sending JOIN to 3...
[[Node 2] main]: 2026/01/24 15:57:15 {33}. Message sent to 3: Header{Sender{node-2}, Destination{node-3}, Type{Topology}, Timestamp{33}}, Address{{172.21.196.252 46002}}, Flags{1}
[[Node 2] main]: 2026/01/24 15:57:16 {34}. Message sent to 1: {Header{Sender{node-2}, Destination{node-1}, Type{Heartbeat}, Timestamp{34}}}
[[Node 2] main]: 2026/01/24 15:57:16 {37}. Message received on dispatcher: 1, Sender{node-1}, Destination{node-2}, Type{Heartbeat}, Timestamp{36}
[[Node 2] main]: 2026/01/24 15:57:17 {38}. Message received on dispatcher: 1, Sender{node-1}, Destination{node-2}, Type{Tree}, Timestamp{37}
[[Node 2] main]: 2026/01/24 15:57:18 {39}. Message sent to 1: {Header{Sender{node-2}, Destination{node-1}, Type{Heartbeat}, Timestamp{39}}}
[[Node 2] main]: 2026/01/24 15:57:18 {42}. Message received on dispatcher: 1, Sender{node-1}, Destination{node-2}, Type{Heartbeat}, Timestamp{41}
[[Node 2] main]: 2026/01/24 15:57:19 {43}. Message received on dispatcher: 1, Sender{node-1}, Destination{node-2}, Type{Tree}, Timestamp{42}
[[Node 2] main]: 2026/01/24 15:57:19 {43}. Sending JOIN to 5...
[[Node 2] main]: 2026/01/24 15:57:19 {44}. Message sent to 5: Header{Sender{node-2}, Destination{node-5}, Type{Topology}, Timestamp{44}}, Address{{172.21.196.252 46002}}, Flags{1}
[[Node 2] main]: 2026/01/24 15:57:19 {44}. Sending JOIN to 3...
[[Node 2] main]: 2026/01/24 15:57:19 {45}. Message sent to 3: Header{Sender{node-2}, Destination{node-3}, Type{Topology}, Timestamp{45}}, Address{{172.21.196.252 46002}}, Flags{1}
[[Node 2] main]: 2026/01/24 15:57:20 {46}. Message sent to 1: {Header{Sender{node-2}, Destination{node-1}, Type{Heartbeat}, Timestamp{46}}}
[[Node 2] main]: 2026/01/24 15:57:20 {49}. Message received on dispatcher: 1, Sender{node-1}, Destination{node-2}, Type{Heartbeat}, Timestamp{48}
[[Node 2] main]: 2026/01/24 15:57:21 {50}. Message received on dispatcher: 1, Sender{node-1}, Destination{node-2}, Type{Tree}, Timestamp{49}
[[Node 2] main]: 2026/01/24 15:57:22 {51}. Message sent to 1: {Header{Sender{node-2}, Destination{node-1}, Type{Heartbeat}, Timestamp{51}}}
[[Node 2] main]: 2026/01/24 15:57:22 {54}. Message received on dispatcher: 1, Sender{node-1}, Destination{node-2}, Type{Heartbeat}, Timestamp{53}
[[Node 2] main]: 2026/01/24 15:57:23 {55}. Message received on dispatcher: 1, Sender{node-1}, Destination{node-2}, Type{Tree}, Timestamp{54}
[[Node 2] main]: 2026/01/24 15:57:24 {56}. Message sent to 1: {Header{Sender{node-2}, Destination{node-1}, Type{Heartbeat}, Timestamp{56}}}
[[Node 2] main]: 2026/01/24 15:57:24 {59}. Message received on dispatcher: 1, Sender{node-1}, Destination{node-2}, Type{Heartbeat}, Timestamp{58}
[[Node 2] main]: 2026/01/24 15:57:25 {60}. Message received on dispatcher: 1, Sender{node-1}, Destination{node-2}, Type{Tree}, Timestamp{59}
[[Node 2] main]: 2026/01/24 15:57:25 {60}. Registering HTTP server 172.21.196.252:8082 on the nameserver
[[Node 2] main]: 2026/01/24 15:57:26 {61}. Message sent to 1: {Header{Sender{node-2}, Destination{node-1}, Type{Heartbeat}, Timestamp{61}}}
[[Node 2] main]: 2026/01/24 15:57:26 {64}. Message received on dispatcher: 1, Sender{node-1}, Destination{node-2}, Type{Heartbeat}, Timestamp{63}
[[Node 2] main]: 2026/01/24 15:57:27 {65}. Message received on dispatcher: 1, Sender{node-1}, Destination{node-2}, Type{Tree}, Timestamp{64}
[[Node 2] main]: 2026/01/24 15:57:27 {65}. Sending JOIN to 5...
[[Node 2] main]: 2026/01/24 15:57:27 {66}. Message sent to 5: Header{Sender{node-2}, Destination{node-5}, Type{Topology}, Timestamp{66}}, Address{{172.21.196.252 46002}}, Flags{1}
[[Node 2] main]: 2026/01/24 15:57:27 {66}. Sending JOIN to 3...
[[Node 2] main]: 2026/01/24 15:57:27 {67}. Message sent to 3: Header{Sender{node-2}, Destination{node-3}, Type{Topology}, Timestamp{67}}, Address{{172.21.196.252 46002}}, Flags{1}
[[Node 2] main]: 2026/01/24 15:57:28 {68}. Message sent to 1: {Header{Sender{node-2}, Destination{node-1}, Type{Heartbeat}, Timestamp{68}}}
[[Node 2] main]: 2026/01/24 15:57:28 {71}. Message received on dispatcher: 1, Sender{node-1}, Destination{node-2}, Type{Heartbeat}, Timestamp{70}
[[Node 2] main]: 2026/01/24 15:57:29 {72}. Message received on dispatcher: 1, Sender{node-1}, Destination{node-2}, Type{Tree}, Timestamp{71}
[[Node 2] main]: 2026/01/24 15:57:30 {73}. Message sent to 1: {Header{Sender{node-2}, Destination{node-1}, Type{Heartbeat}, Timestamp{73}}}
[[Node 2] main]: 2026/01/24 15:57:30 {76}. Message received on dispatcher: 1, Sender{node-1}, Destination{node-2}, Type{Heartbeat}, Timestamp{75}
[[Node 2] main]: 2026/01/24 15:57:31 {77}. Message received on dispatcher: 1, Sender{node-1}, Destination{node-2}, Type{Tree}, Timestamp{76}
[[Node 2] main]: 2026/01/24 15:57:32 {78}. Message sent to 1: {Header{Sender{node-2}, Destination{node-1}, Type{Heartbeat}, Timestamp{78}}}
[[Node 2] main]: 2026/01/24 15:57:32 {81}. Message received on dispatcher: 1, Sender{node-1}, Destination{node-2}, Type{Heartbeat}, Timestamp{80}
[[Node 2] main]: 2026/01/24 15:57:33 {82}. Message received on dispatcher: 1, Sender{node-1}, Destination{node-2}, Type{Tree}, Timestamp{81}
[[Node 2] main]: 2026/01/24 15:57:34 {83}. Message sent to 1: {Header{Sender{node-2}, Destination{node-1}, Type{Heartbeat}, Timestamp{83}}}
[[Node 2] main]: 2026/01/24 15:57:34 {86}. Message received on dispatcher: 1, Sender{node-1}, Destination{node-2}, Type{Heartbeat}, Timestamp{85}
[[Node 2] main]: 2026/01/24 15:57:35 {87}. Message received on dispatcher: 1, Sender{node-1}, Destination{node-2}, Type{Tree}, Timestamp{86}
[[Node 2] main]: 2026/01/24 15:57:36 {88}. Message sent to 1: {Header{Sender{node-2}, Destination{node-1}, Type{Heartbeat}, Timestamp{88}}}
[[Node 2] main]: 2026/01/24 15:57:36 {91}. Message received on dispatcher: 1, Sender{node-1}, Destination{node-2}, Type{Heartbeat}, Timestamp{90}
[[Node 2] main]: 2026/01/24 15:57:37 {92}. Message received on dispatcher: 1, Sender{node-1}, Destination{node-2}, Type{Tree}, Timestamp{91}
[[Node 2] main]: 2026/01/24 15:57:38 {93}. Message sent to 1: {Header{Sender{node-2}, Destination{node-1}, Type{Heartbeat}, Timestamp{93}}}
[[Node 2] main]: 2026/01/24 15:57:38 {96}. Message received on dispatcher: 1, Sender{node-1}, Destination{node-2}, Type{Heartbeat}, Timestamp{95}
[[Node 2] main]: 2026/01/24 15:57:39 {97}. Message received on dispatcher: 1, Sender{node-1}, Destination{node-2}, Type{Tree}, Timestamp{96}
[[Node 2] main]: 2026/01/24 15:57:40 {98}. Message sent to 1: {Header{Sender{node-2}, Destination{node-1}, Type{Heartbeat}, Timestamp{98}}}
[[Node 2] main]: 2026/01/24 15:57:40 {101}. Message received on dispatcher: 1, Sender{node-1}, Destination{node-2}, Type{Heartbeat}, Timestamp{100}
[[Node 2] main]: 2026/01/24 15:57:41 {102}. Message received on dispatcher: 1, Sender{node-1}, Destination{node-2}, Type{Tree}, Timestamp{101}
[[Node 2] main]: 2026/01/24 15:57:42 {103}. Message sent to 1: {Header{Sender{node-2}, Destination{node-1}, Type{Heartbeat}, Timestamp{103}}}
[[Node 2] main]: 2026/01/24 15:57:42 {106}. Message received on dispatcher: 1, Sender{node-1}, Destination{node-2}, Type{Heartbeat}, Timestamp{105}
[[Node 2] main]: 2026/01/24 15:57:43 {107}. Message received on dispatcher: 1, Sender{node-1}, Destination{node-2}, Type{Tree}, Timestamp{106}
[[Node 2] main]: 2026/01/24 15:57:43 {108}. Sending JOIN to 5...
[[Node 2] main]: 2026/01/24 15:57:43 {108}. Message sent to 5: Header{Sender{node-2}, Destination{node-5}, Type{Topology}, Timestamp{108}}, Address{{172.21.196.252 46002}}, Flags{1}
[[Node 2] main]: 2026/01/24 15:57:43 {108}. Sending JOIN to 3...
[[Node 2] main]: 2026/01/24 15:57:43 {109}. Message sent to 3: Header{Sender{node-2}, Destination{node-3}, Type{Topology}, Timestamp{109}}, Address{{172.21.196.252 46002}}, Flags{1}
[[Node 2] main]: 2026/01/24 15:57:44 {110}. Message sent to 1: {Header{Sender{node-2}, Destination{node-1}, Type{Heartbeat}, Timestamp{110}}}
[[Node 2] main]: 2026/01/24 15:57:44 {113}. Message received on dispatcher: 1, Sender{node-1}, Destination{node-2}, Type{Heartbeat}, Timestamp{112}
[[Node 2] main]: 2026/01/24 15:57:45 {114}. Message received on dispatcher: 1, Sender{node-1}, Destination{node-2}, Type{Tree}, Timestamp{113}
[[Node 2] main]: 2026/01/24 15:57:46 {115}. Message sent to 1: {Header{Sender{node-2}, Destination{node-1}, Type{Heartbeat}, Timestamp{115}}}
[[Node 2] main]: 2026/01/24 15:57:46 {118}. Message received on dispatcher: 1, Sender{node-1}, Destination{node-2}, Type{Heartbeat}, Timestamp{117}
[[Node 2] main]: 2026/01/24 15:57:47 {119}. Message received on dispatcher: 1, Sender{node-1}, Destination{node-2}, Type{Tree}, Timestamp{118}
[[Node 2] main]: 2026/01/24 15:57:48 {120}. Message sent to 1: {Header{Sender{node-2}, Destination{node-1}, Type{Heartbeat}, Timestamp{120}}}
[[Node 2] main]: 2026/01/24 15:57:48 {123}. Message received on dispatcher: 1, Sender{node-1}, Destination{node-2}, Type{Heartbeat}, Timestamp{122}
[[Node 2] main]: 2026/01/24 15:57:49 {124}. Message received on dispatcher: 1, Sender{node-1}, Destination{node-2}, Type{Tree}, Timestamp{123}
[[Node 2] main]: 2026/01/24 15:57:50 {125}. Message sent to 1: {Header{Sender{node-2}, Destination{node-1}, Type{Heartbeat}, Timestamp{125}}}
[[Node 2] main]: 2026/01/24 15:57:50 {128}. Message received on dispatcher: 1, Sender{node-1}, Destination{node-2}, Type{Heartbeat}, Timestamp{127}
[[Node 2] main]: 2026/01/24 15:57:51 {129}. Message received on dispatcher: 1, Sender{node-1}, Destination{node-2}, Type{Tree}, Timestamp{128}
[[Node 2] main]: 2026/01/24 15:57:52 {130}. Message sent to 1: {Header{Sender{node-2}, Destination{node-1}, Type{Heartbeat}, Timestamp{130}}}
[[Node 2] main]: 2026/01/24 15:57:52 {133}. Message received on dispatcher: 1, Sender{node-1}, Destination{node-2}, Type{Heartbeat}, Timestamp{132}
[[Node 2] main]: 2026/01/24 15:57:53 {134}. Message received on dispatcher: 1, Sender{node-1}, Destination{node-2}, Type{Tree}, Timestamp{133}
[[Node 2] main]: 2026/01/24 15:57:54 {135}. Message sent to 1: {Header{Sender{node-2}, Destination{node-1}, Type{Heartbeat}, Timestamp{135}}}
[[Node 2] main]: 2026/01/24 15:57:54 {138}. Message received on dispatcher: 1, Sender{node-1}, Destination{node-2}, Type{Heartbeat}, Timestamp{137}
[[Node 2] main]: 2026/01/24 15:57:55 {139}. Message received on dispatcher: 1, Sender{node-1}, Destination{node-2}, Type{Tree}, Timestamp{138}
[[Node 2] main]: 2026/01/24 15:57:56 {140}. Message sent to 1: {Header{Sender{node-2}, Destination{node-1}, Type{Heartbeat}, Timestamp{140}}}
[[Node 2] main]: 2026/01/24 15:57:56 {143}. Message received on dispatcher: 1, Sender{node-1}, Destination{node-2}, Type{Heartbeat}, Timestamp{142}
[[Node 2] main]: 2026/01/24 15:57:57 {144}. Message received on dispatcher: 1, Sender{node-1}, Destination{node-2}, Type{Tree}, Timestamp{143}
[[Node 2] main]: 2026/01/24 15:57:58 {145}. Message sent to 1: {Header{Sender{node-2}, Destination{node-1}, Type{Heartbeat}, Timestamp{145}}}
[[Node 2] main]: 2026/01/24 15:57:58 {148}. Message received on dispatcher: 1, Sender{node-1}, Destination{node-2}, Type{Heartbeat}, Timestamp{147}
[[Node 2] main]: 2026/01/24 15:57:59 {149}. Message received on dispatcher: 1, Sender{node-1}, Destination{node-2}, Type{Tree}, Timestamp{148}
[[Node 2] main]: 2026/01/24 15:57:59 {149}. Sending JOIN to 5...
[[Node 2] main]: 2026/01/24 15:57:59 {150}. Message sent to 5: Header{Sender{node-2}, Destination{node-5}, Type{Topology}, Timestamp{150}}, Address{{172.21.196.252 46002}}, Flags{1}
[[Node 2] main]: 2026/01/24 15:57:59 {150}. Sending JOIN to 3...
[[Node 2] main]: 2026/01/24 15:57:59 {151}. Message sent to 3: Header{Sender{node-2}, Destination{node-3}, Type{Topology}, Timestamp{151}}, Address{{172.21.196.252 46002}}, Flags{1}
[[Node 2] main]: 2026/01/24 15:58:00 {152}. Message sent to 1: {Header{Sender{node-2}, Destination{node-1}, Type{Heartbeat}, Timestamp{152}}}
[[Node 2] main]: 2026/01/24 15:58:00 {155}. Message received on dispatcher: 1, Sender{node-1}, Destination{node-2}, Type{Heartbeat}, Timestamp{154}
[[Node 2] main]: 2026/01/24 15:58:01 {156}. Message received on dispatcher: 1, Sender{node-1}, Destination{node-2}, Type{Tree}, Timestamp{155}
[[Node 2] main]: 2026/01/24 15:58:02 {157}. Message sent to 1: {Header{Sender{node-2}, Destination{node-1}, Type{Heartbeat}, Timestamp{157}}}
[[Node 2] main]: 2026/01/24 15:58:02 {160}. Message received on dispatcher: 1, Sender{node-1}, Destination{node-2}, Type{Heartbeat}, Timestamp{159}
[[Node 2] main]: 2026/01/24 15:58:03 {161}. Message received on dispatcher: 1, Sender{node-1}, Destination{node-2}, Type{Tree}, Timestamp{160}
[[Node 2] main]: 2026/01/24 15:58:04 {162}. Message sent to 1: {Header{Sender{node-2}, Destination{node-1}, Type{Heartbeat}, Timestamp{162}}}
[[Node 2] main]: 2026/01/24 15:58:04 {165}. Message received on dispatcher: 1, Sender{node-1}, Destination{node-2}, Type{Heartbeat}, Timestamp{164}
[[Node 2] main]: 2026/01/24 15:58:05 {166}. Message received on dispatcher: 1, Sender{node-1}, Destination{node-2}, Type{Tree}, Timestamp{165}
[[Node 2] main]: 2026/01/24 15:58:06 {167}. Message sent to 1: {Header{Sender{node-2}, Destination{node-1}, Type{Heartbeat}, Timestamp{167}}}
[[Node 2] main]: 2026/01/24 15:58:06 {170}. Message received on dispatcher: 1, Sender{node-1}, Destination{node-2}, Type{Heartbeat}, Timestamp{169}
[[Node 2] main]: 2026/01/24 15:58:07 {171}. Message received on dispatcher: 1, Sender{node-1}, Destination{node-2}, Type{Tree}, Timestamp{170}
[[Node 2] main]: 2026/01/24 15:58:08 {172}. Message sent to 1: {Header{Sender{node-2}, Destination{node-1}, Type{Heartbeat}, Timestamp{172}}}
[[Node 2] main]: 2026/01/24 15:58:08 {175}. Message received on dispatcher: 1, Sender{node-1}, Destination{node-2}, Type{Heartbeat}, Timestamp{174}
[[Node 2] main]: 2026/01/24 15:58:09 {176}. Message received on dispatcher: 1, Sender{node-1}, Destination{node-2}, Type{Tree}, Timestamp{175}
[[Node 2] main]: 2026/01/24 15:58:10 {177}. Message sent to 1: {Header{Sender{node-2}, Destination{node-1}, Type{Heartbeat}, Timestamp{177}}}
[[Node 2] main]: 2026/01/24 15:58:10 {180}. Message received on dispatcher: 1, Sender{node-1}, Destination{node-2}, Type{Heartbeat}, Timestamp{179}
[[Node 2] main]: 2026/01/24 15:58:11 {181}. Message received on dispatcher: 1, Sender{node-1}, Destination{node-2}, Type{Tree}, Timestamp{180}
[[Node 2] main]: 2026/01/24 15:58:12 {182}. Message sent to 1: {Header{Sender{node-2}, Destination{node-1}, Type{Heartbeat}, Timestamp{182}}}
[[Node 2] main]: 2026/01/24 15:58:12 {185}. Message received on dispatcher: 1, Sender{node-1}, Destination{node-2}, Type{Heartbeat}, Timestamp{184}
[[Node 2] main]: 2026/01/24 15:58:13 {186}. Message received on dispatcher: 1, Sender{node-1}, Destination{node-2}, Type{Tree}, Timestamp{185}
[[Node 2] main]: 2026/01/24 15:58:14 {187}. Message sent to 1: {Header{Sender{node-2}, Destination{node-1}, Type{Heartbeat}, Timestamp{187}}}
[[Node 2] main]: 2026/01/24 15:58:14 {190}. Message received on dispatcher: 1, Sender{node-1}, Destination{node-2}, Type{Heartbeat}, Timestamp{189}
[[Node 2] main]: 2026/01/24 15:58:15 {191}. Message received on dispatcher: 1, Sender{node-1}, Destination{node-2}, Type{Tree}, Timestamp{190}
[[Node 2] main]: 2026/01/24 15:58:15 {191}. Sending JOIN to 5...
[[Node 2] main]: 2026/01/24 15:58:15 {192}. Message sent to 5: Header{Sender{node-2}, Destination{node-5}, Type{Topology}, Timestamp{192}}, Address{{172.21.196.252 46002}}, Flags{1}
[[Node 2] main]: 2026/01/24 15:58:15 {192}. Sending JOIN to 3...
[[Node 2] main]: 2026/01/24 15:58:15 {193}. Message sent to 3: Header{Sender{node-2}, Destination{node-3}, Type{Topology}, Timestamp{193}}, Address{{172.21.196.252 46002}}, Flags{1}
[[Node 2] main]: 2026/01/24 15:58:16 {194}. Message sent to 1: {Header{Sender{node-2}, Destination{node-1}, Type{Heartbeat}, Timestamp{194}}}
[[Node 2] main]: 2026/01/24 15:58:16 {197}. Message received on dispatcher: 1, Sender{node-1}, Destination{node-2}, Type{Heartbeat}, Timestamp{196}
[[Node 2] main]: 2026/01/24 15:58:17 {198}. Message received on dispatcher: 1, Sender{node-1}, Destination{node-2}, Type{Tree}, Timestamp{197}
[[Node 2] main]: 2026/01/24 15:58:18 {199}. Message sent to 1: {Header{Sender{node-2}, Destination{node-1}, Type{Heartbeat}, Timestamp{199}}}
[[Node 2] main]: 2026/01/24 15:58:18 {202}. Message received on dispatcher: 1, Sender{node-1}, Destination{node-2}, Type{Heartbeat}, Timestamp{201}
[[Node 2] main]: 2026/01/24 15:58:19 {203}. Message received on dispatcher: 1, Sender{node-1}, Destination{node-2}, Type{Tree}, Timestamp{202}
[[Node 2] main]: 2026/01/24 15:58:20 {204}. Message sent to 1: {Header{Sender{node-2}, Destination{node-1}, Type{Heartbeat}, Timestamp{204}}}
[[Node 2] main]: 2026/01/24 15:58:20 {207}. Message received on dispatcher: 1, Sender{node-1}, Destination{node-2}, Type{Heartbeat}, Timestamp{206}
[[Node 2] main]: 2026/01/24 15:58:21 {208}. Message received on dispatcher: 1, Sender{node-1}, Destination{node-2}, Type{Tree}, Timestamp{207}
[[Node 2] main]: 2026/01/24 15:58:22 {209}. Message sent to 1: {Header{Sender{node-2}, Destination{node-1}, Type{Heartbeat}, Timestamp{209}}}
[[Node 2] main]: 2026/01/24 15:58:22 {212}. Message received on dispatcher: 1, Sender{node-1}, Destination{node-2}, Type{Heartbeat}, Timestamp{211}
[[Node 2] main]: 2026/01/24 15:58:23 {213}. Message received on dispatcher: 1, Sender{node-1}, Destination{node-2}, Type{Tree}, Timestamp{212}
[[Node 2] main]: 2026/01/24 15:58:24 {214}. Message sent to 1: {Header{Sender{node-2}, Destination{node-1}, Type{Heartbeat}, Timestamp{214}}}
[[Node 2] main]: 2026/01/24 15:58:24 {217}. Message received on dispatcher: 1, Sender{node-1}, Destination{node-2}, Type{Heartbeat}, Timestamp{216}
[[Node 2] main]: 2026/01/24 15:58:25 {218}. Message received on dispatcher: 1, Sender{node-1}, Destination{node-2}, Type{Tree}, Timestamp{217}
[[Node 2] main]: 2026/01/24 15:58:26 {219}. Message sent to 1: {Header{Sender{node-2}, Destination{node-1}, Type{Heartbeat}, Timestamp{219}}}
[[Node 2] main]: 2026/01/24 15:58:26 {222}. Message received on dispatcher: 1, Sender{node-1}, Destination{node-2}, Type{Heartbeat}, Timestamp{221}
[[Node 2] main]: 2026/01/24 15:58:27 {223}. Message received on dispatcher: 1, Sender{node-1}, Destination{node-2}, Type{Tree}, Timestamp{222}
[[Node 2] main]: 2026/01/24 15:58:28 {224}. Message sent to 1: {Header{Sender{node-2}, Destination{node-1}, Type{Heartbeat}, Timestamp{224}}}
[[Node 2] main]: 2026/01/24 15:58:28 {227}. Message received on dispatcher: 1, Sender{node-1}, Destination{node-2}, Type{Heartbeat}, Timestamp{226}
[[Node 2] main]: 2026/01/24 15:58:29 {228}. Message received on dispatcher: 1, Sender{node-1}, Destination{node-2}, Type{Tree}, Timestamp{227}
[[Node 2] main]: 2026/01/24 15:58:30 {229}. Message sent to 1: {Header{Sender{node-2}, Destination{node-1}, Type{Heartbeat}, Timestamp{229}}}
[[Node 2] main]: 2026/01/24 15:58:30 {232}. Message received on dispatcher: 1, Sender{node-1}, Destination{node-2}, Type{Heartbeat}, Timestamp{231}
[[Node 2] main]: 2026/01/24 15:58:31 {233}. Message received on dispatcher: 1, Sender{node-1}, Destination{node-2}, Type{Tree}, Timestamp{232}
[[Node 2] main]: 2026/01/24 15:58:31 {233}. Sending JOIN to 5...
[[Node 2] main]: 2026/01/24 15:58:31 {234}. Message sent to 5: Header{Sender{node-2}, Destination{node-5}, Type{Topology}, Timestamp{234}}, Address{{172.21.196.252 46002}}, Flags{1}
[[Node 2] main]: 2026/01/24 15:58:31 {234}. Sending JOIN to 3...
[[Node 2] main]: 2026/01/24 15:58:31 {235}. Message sent to 3: Header{Sender{node-2}, Destination{node-3}, Type{Topology}, Timestamp{235}}, Address{{172.21.196.252 46002}}, Flags{1}
[[Node 2] main]: 2026/01/24 15:58:32 {236}. Message sent to 1: {Header{Sender{node-2}, Destination{node-1}, Type{Heartbeat}, Timestamp{236}}}
[[Node 2] main]: 2026/01/24 15:58:32 {239}. Message received on dispatcher: 1, Sender{node-1}, Destination{node-2}, Type{Heartbeat}, Timestamp{238}
[[Node 2] main]: 2026/01/24 15:58:33 {240}. Message received on dispatcher: 1, Sender{node-1}, Destination{node-2}, Type{Tree}, Timestamp{239}
[[Node 2] main]: 2026/01/24 15:58:34 {241}. Message sent to 1: {Header{Sender{node-2}, Destination{node-1}, Type{Heartbeat}, Timestamp{241}}}
[[Node 2] main]: 2026/01/24 15:58:34 {244}. Message received on dispatcher: 1, Sender{node-1}, Destination{node-2}, Type{Heartbeat}, Timestamp{243}
[[Node 2] main]: 2026/01/24 15:58:35 {245}. Message received on dispatcher: 1, Sender{node-1}, Destination{node-2}, Type{Tree}, Timestamp{244}
[[Node 2] main]: 2026/01/24 15:58:36 {246}. Message sent to 1: {Header{Sender{node-2}, Destination{node-1}, Type{Heartbeat}, Timestamp{246}}}
[[Node 2] main]: 2026/01/24 15:58:36 {249}. Message received on dispatcher: 1, Sender{node-1}, Destination{node-2}, Type{Heartbeat}, Timestamp{248}
[[Node 2] main]: 2026/01/24 15:58:37 {250}. Message received on dispatcher: 1, Sender{node-1}, Destination{node-2}, Type{Tree}, Timestamp{249}
[[Node 2] main]: 2026/01/24 15:58:38 {251}. Message sent to 1: {Header{Sender{node-2}, Destination{node-1}, Type{Heartbeat}, Timestamp{251}}}
[[Node 2] main]: 2026/01/24 15:58:38 {254}. Message received on dispatcher: 1, Sender{node-1}, Destination{node-2}, Type{Heartbeat}, Timestamp{253}
[[Node 2] main]: 2026/01/24 15:58:39 {255}. Message received on dispatcher: 1, Sender{node-1}, Destination{node-2}, Type{Tree}, Timestamp{254}
[[Node 2] main]: 2026/01/24 15:58:40 {256}. Message sent to 1: {Header{Sender{node-2}, Destination{node-1}, Type{Heartbeat}, Timestamp{256}}}
[[Node 2] main]: 2026/01/24 15:58:40 {259}. Message received on dispatcher: 1, Sender{node-1}, Destination{node-2}, Type{Heartbeat}, Timestamp{258}
[[Node 2] main]: 2026/01/24 15:58:41 {260}. Message received on dispatcher: 1, Sender{node-1}, Destination{node-2}, Type{Tree}, Timestamp{259}
[[Node 2] main]: 2026/01/24 15:58:42 {261}. Message sent to 1: {Header{Sender{node-2}, Destination{node-1}, Type{Heartbeat}, Timestamp{261}}}
[[Node 2] main]: 2026/01/24 15:58:42 {264}. Message received on dispatcher: 1, Sender{node-1}, Destination{node-2}, Type{Heartbeat}, Timestamp{263}
[[Node 2] main]: 2026/01/24 15:58:43 {265}. Message received on dispatcher: 1, Sender{node-1}, Destination{node-2}, Type{Tree}, Timestamp{264}
[[Node 2] main]: 2026/01/24 15:58:44 {266}. Message sent to 1: {Header{Sender{node-2}, Destination{node-1}, Type{Heartbeat}, Timestamp{266}}}
[[Node 2] main]: 2026/01/24 15:58:44 {269}. Message received on dispatcher: 1, Sender{node-1}, Destination{node-2}, Type{Heartbeat}, Timestamp{268}
[[Node 2] main]: 2026/01/24 15:58:45 {270}. Message received on dispatcher: 1, Sender{node-1}, Destination{node-2}, Type{Tree}, Timestamp{269}
[[Node 2] main]: 2026/01/24 15:58:46 {271}. Message sent to 1: {Header{Sender{node-2}, Destination{node-1}, Type{Heartbeat}, Timestamp{271}}}
[[Node 2] main]: 2026/01/24 15:58:46 {274}. Message received on dispatcher: 1, Sender{node-1}, Destination{node-2}, Type{Heartbeat}, Timestamp{273}
[[Node 2] main]: 2026/01/24 15:58:47 {275}. Message received on dispatcher: 1, Sender{node-1}, Destination{node-2}, Type{Tree}, Timestamp{274}
[[Node 2] main]: 2026/01/24 15:58:47 {275}. Sending JOIN to 5...
[[Node 2] main]: 2026/01/24 15:58:47 {276}. Message sent to 5: Header{Sender{node-2}, Destination{node-5}, Type{Topology}, Timestamp{276}}, Address{{172.21.196.252 46002}}, Flags{1}
[[Node 2] main]: 2026/01/24 15:58:47 {276}. Sending JOIN to 3...
[[Node 2] main]: 2026/01/24 15:58:47 {277}. Message sent to 3: Header{Sender{node-2}, Destination{node-3}, Type{Topology}, Timestamp{277}}, Address{{172.21.196.252 46002}}, Flags{1}
[[Node 2] main]: 2026/01/24 15:58:48 {278}. Message sent to 1: {Header{Sender{node-2}, Destination{node-1}, Type{Heartbeat}, Timestamp{278}}}
[[Node 2] main]: 2026/01/24 15:58:48 {281}. Message received on dispatcher: 1, Sender{node-1}, Destination{node-2}, Type{Heartbeat}, Timestamp{280}
[[Node 2] main]: 2026/01/24 15:58:49 {282}. Message received on dispatcher: 1, Sender{node-1}, Destination{node-2}, Type{Tree}, Timestamp{281}
[[Node 2] main]: 2026/01/24 15:58:50 {283}. Message sent to 1: {Header{Sender{node-2}, Destination{node-1}, Type{Heartbeat}, Timestamp{283}}}
[[Node 2] main]: 2026/01/24 15:58:50 {286}. Message received on dispatcher: 1, Sender{node-1}, Destination{node-2}, Type{Heartbeat}, Timestamp{285}
[[Node 2] main]: 2026/01/24 15:58:51 {287}. Message received on dispatcher: 1, Sender{node-1}, Destination{node-2}, Type{Tree}, Timestamp{286}
[[Node 2] main]: 2026/01/24 15:58:52 {288}. Message sent to 1: {Header{Sender{node-2}, Destination{node-1}, Type{Heartbeat}, Timestamp{288}}}
[[Node 2] main]: 2026/01/24 15:58:52 {291}. Message received on dispatcher: 1, Sender{node-1}, Destination{node-2}, Type{Heartbeat}, Timestamp{290}
[[Node 2] main]: 2026/01/24 15:58:53 {292}. Message received on dispatcher: 1, Sender{node-1}, Destination{node-2}, Type{Tree}, Timestamp{291}
[[Node 2] main]: 2026/01/24 15:58:54 {293}. Message sent to 1: {Header{Sender{node-2}, Destination{node-1}, Type{Heartbeat}, Timestamp{293}}}
[[Node 2] main]: 2026/01/24 15:58:54 {296}. Message received on dispatcher: 1, Sender{node-1}, Destination{node-2}, Type{Heartbeat}, Timestamp{295}
[[Node 2] main]: 2026/01/24 15:58:55 {297}. Message received on dispatcher: 1, Sender{node-1}, Destination{node-2}, Type{Tree}, Timestamp{296}
[[Node 2] main]: 2026/01/24 15:58:56 {298}. Message sent to 1: {Header{Sender{node-2}, Destination{node-1}, Type{Heartbeat}, Timestamp{298}}}
[[Node 2] main]: 2026/01/24 15:58:56 {301}. Message received on dispatcher: 1, Sender{node-1}, Destination{node-2}, Type{Heartbeat}, Timestamp{300}
[[Node 2] main]: 2026/01/24 15:58:57 {302}. Message received on dispatcher: 1, Sender{node-1}, Destination{node-2}, Type{Tree}, Timestamp{301}
[[Node 2] main]: 2026/01/24 15:58:58 {303}. Message sent to 1: {Header{Sender{node-2}, Destination{node-1}, Type{Heartbeat}, Timestamp{303}}}
[[Node 2] main]: 2026/01/24 15:58:58 {306}. Message received on dispatcher: 1, Sender{node-1}, Destination{node-2}, Type{Heartbeat}, Timestamp{305}
[[Node 2] main]: 2026/01/24 15:58:59 {307}. Message received on dispatcher: 1, Sender{node-1}, Destination{node-2}, Type{Tree}, Timestamp{306}
[[Node 2] main]: 2026/01/24 15:59:00 {308}. Message sent to 1: {Header{Sender{node-2}, Destination{node-1}, Type{Heartbeat}, Timestamp{308}}}
[[Node 2] main]: 2026/01/24 15:59:00 {311}. Message received on dispatcher: 1, Sender{node-1}, Destination{node-2}, Type{Heartbeat}, Timestamp{310}
[[Node 2] main]: 2026/01/24 15:59:01 {312}. Message received on dispatcher: 1, Sender{node-1}, Destination{node-2}, Type{Tree}, Timestamp{311}
[[Node 2] main]: 2026/01/24 15:59:02 {313}. Message sent to 1: {Header{Sender{node-2}, Destination{node-1}, Type{Heartbeat}, Timestamp{313}}}
[[Node 2] main]: 2026/01/24 15:59:02 {316}. Message received on dispatcher: 1, Sender{node-1}, Destination{node-2}, Type{Heartbeat}, Timestamp{315}
[[Node 2] main]: 2026/01/24 15:59:03 {317}. Message received on dispatcher: 1, Sender{node-1}, Destination{node-2}, Type{Tree}, Timestamp{316}
[[Node 2] main]: 2026/01/24 15:59:03 {317}. Sending JOIN to 5...
[[Node 2] main]: 2026/01/24 15:59:03 {318}. Message sent to 5: Header{Sender{node-2}, Destination{node-5}, Type{Topology}, Timestamp{318}}, Address{{172.21.196.252 46002}}, Flags{1}
[[Node 2] main]: 2026/01/24 15:59:03 {318}. Sending JOIN to 3...
[[Node 2] main]: 2026/01/24 15:59:03 {319}. Message sent to 3: Header{Sender{node-2}, Destination{node-3}, Type{Topology}, Timestamp{319}}, Address{{172.21.196.252 46002}}, Flags{1}
[[Node 2] main]: 2026/01/24 15:59:04 {320}. Message sent to 1: {Header{Sender{node-2}, Destination{node-1}, Type{Heartbeat}, Timestamp{320}}}
[[Node 2] main]: 2026/01/24 15:59:04 {323}. Message received on dispatcher: 1, Sender{node-1}, Destination{node-2}, Type{Heartbeat}, Timestamp{322}
[[Node 2] main]: 2026/01/24 15:59:05 {324}. Message received on dispatcher: 1, Sender{node-1}, Destination{node-2}, Type{Tree}, Timestamp{323}
[[Node 2] main]: 2026/01/24 15:59:06 {325}. Message sent to 1: {Header{Sender{node-2}, Destination{node-1}, Type{Heartbeat}, Timestamp{325}}}
[[Node 2] main]: 2026/01/24 15:59:06 {328}. Message received on dispatcher: 1, Sender{node-1}, Destination{node-2}, Type{Heartbeat}, Timestamp{327}
[[Node 2] main]: 2026/01/24 15:59:07 {329}. Message received on dispatcher: 1, Sender{node-1}, Destination{node-2}, Type{Tree}, Timestamp{328}
[[Node 2] main]: 2026/01/24 15:59:08 {330}. Message sent to 1: {Header{Sender{node-2}, Destination{node-1}, Type{Heartbeat}, Timestamp{330}}}
[[Node 2] main]: 2026/01/24 15:59:08 {333}. Message received on dispatcher: 1, Sender{node-1}, Destination{node-2}, Type{Heartbeat}, Timestamp{332}
[[Node 2] main]: 2026/01/24 15:59:09 {334}. Message received on dispatcher: 1, Sender{node-1}, Destination{node-2}, Type{Tree}, Timestamp{333}
[[Node 2] main]: 2026/01/24 15:59:10 {335}. Message sent to 1: {Header{Sender{node-2}, Destination{node-1}, Type{Heartbeat}, Timestamp{335}}}
[[Node 2] main]: 2026/01/24 15:59:10 {338}. Message received on dispatcher: 1, Sender{node-1}, Destination{node-2}, Type{Heartbeat}, Timestamp{337}
[[Node 2] main]: 2026/01/24 15:59:11 {339}. Message received on dispatcher: 1, Sender{node-1}, Destination{node-2}, Type{Tree}, Timestamp{338}
[[Node 2] main]: 2026/01/24 15:59:12 {340}. Message sent to 1: {Header{Sender{node-2}, Destination{node-1}, Type{Heartbeat}, Timestamp{340}}}
[[Node 2] main]: 2026/01/24 15:59:12 {343}. Message received on dispatcher: 1, Sender{node-1}, Destination{node-2}, Type{Heartbeat}, Timestamp{342}
[[Node 2] main]: 2026/01/24 15:59:13 {344}. Message received on dispatcher: 1, Sender{node-1}, Destination{node-2}, Type{Tree}, Timestamp{343}
[[Node 2] main]: 2026/01/24 15:59:14 {345}. Message sent to 1: {Header{Sender{node-2}, Destination{node-1}, Type{Heartbeat}, Timestamp{345}}}
[[Node 2] main]: 2026/01/24 15:59:14 {348}. Message received on dispatcher: 1, Sender{node-1}, Destination{node-2}, Type{Heartbeat}, Timestamp{347}
[[Node 2] main]: 2026/01/24 15:59:15 {349}. Message received on dispatcher: 1, Sender{node-1}, Destination{node-2}, Type{Tree}, Timestamp{348}
[[Node 2] main]: 2026/01/24 15:59:16 {350}. Message sent to 1: {Header{Sender{node-2}, Destination{node-1}, Type{Heartbeat}, Timestamp{350}}}
[[Node 2] main]: 2026/01/24 15:59:16 {353}. Message received on dispatcher: 1, Sender{node-1}, Destination{node-2}, Type{Heartbeat}, Timestamp{352}
[[Node 2] main]: 2026/01/24 15:59:17 {354}. Message received on dispatcher: 1, Sender{node-1}, Destination{node-2}, Type{Tree}, Timestamp{353}
[[Node 2] main]: 2026/01/24 15:59:18 {355}. Message sent to 1: {Header{Sender{node-2}, Destination{node-1}, Type{Heartbeat}, Timestamp{355}}}
[[Node 2] main]: 2026/01/24 15:59:18 {358}. Message received on dispatcher: 1, Sender{node-1}, Destination{node-2}, Type{Heartbeat}, Timestamp{357}
[[Node 2] main]: 2026/01/24 15:59:19 {359}. Message received on dispatcher: 1, Sender{node-1}, Destination{node-2}, Type{Tree}, Timestamp{358}
[[Node 2] main]: 2026/01/24 15:59:19 {359}. Sending JOIN to 5...
[[Node 2] main]: 2026/01/24 15:59:19 {359}. Sending JOIN to 3...
[[Node 2] main]: 2026/01/24 15:59:19 {360}. Message sent to 3: Header{Sender{node-2}, Destination{node-3}, Type{Topology}, Timestamp{360}}, Address{{172.21.196.252 46002}}, Flags{1}
[[Node 2] main]: 2026/01/24 15:59:19 {361}. Message sent to 5: Header{Sender{node-2}, Destination{node-5}, Type{Topology}, Timestamp{361}}, Address{{172.21.196.252 46002}}, Flags{1}
[[Node 2] main]: 2026/01/24 15:59:20 {362}. Message sent to 1: {Header{Sender{node-2}, Destination{node-1}, Type{Heartbeat}, Timestamp{362}}}
[[Node 2] main]: 2026/01/24 15:59:20 {365}. Message received on dispatcher: 1, Sender{node-1}, Destination{node-2}, Type{Heartbeat}, Timestamp{364}
[[Node 2] main]: 2026/01/24 15:59:21 {366}. Message received on dispatcher: 1, Sender{node-1}, Destination{node-2}, Type{Tree}, Timestamp{365}
[[Node 2] main]: 2026/01/24 15:59:22 {367}. Message sent to 1: {Header{Sender{node-2}, Destination{node-1}, Type{Heartbeat}, Timestamp{367}}}
[[Node 2] main]: 2026/01/24 15:59:22 {370}. Message received on dispatcher: 1, Sender{node-1}, Destination{node-2}, Type{Heartbeat}, Timestamp{369}
[[Node 2] main]: 2026/01/24 15:59:23 {371}. Message received on dispatcher: 1, Sender{node-1}, Destination{node-2}, Type{Tree}, Timestamp{370}
[[Node 2] main]: 2026/01/24 15:59:24 {372}. Message sent to 1: {Header{Sender{node-2}, Destination{node-1}, Type{Heartbeat}, Timestamp{372}}}
[[Node 2] main]: 2026/01/24 15:59:24 {375}. Message received on dispatcher: 1, Sender{node-1}, Destination{node-2}, Type{Heartbeat}, Timestamp{374}
[[Node 2] main]: 2026/01/24 15:59:25 {376}. Message received on dispatcher: 1, Sender{node-1}, Destination{node-2}, Type{Tree}, Timestamp{375}
[[Node 2] main]: 2026/01/24 15:59:26 {377}. Message sent to 1: {Header{Sender{node-2}, Destination{node-1}, Type{Heartbeat}, Timestamp{377}}}
[[Node 2] main]: 2026/01/24 15:59:26 {380}. Message received on dispatcher: 1, Sender{node-1}, Destination{node-2}, Type{Heartbeat}, Timestamp{379}
[[Node 2] main]: 2026/01/24 15:59:27 {381}. Message received on dispatcher: 1, Sender{node-1}, Destination{node-2}, Type{Tree}, Timestamp{380}
[[Node 2] main]: 2026/01/24 15:59:28 {382}. Message sent to 1: {Header{Sender{node-2}, Destination{node-1}, Type{Heartbeat}, Timestamp{382}}}
[[Node 2] main]: 2026/01/24 15:59:28 {385}. Message received on dispatcher: 1, Sender{node-1}, Destination{node-2}, Type{Heartbeat}, Timestamp{384}
[[Node 2] main]: 2026/01/24 15:59:29 {386}. Message received on dispatcher: 1, Sender{node-1}, Destination{node-2}, Type{Tree}, Timestamp{385}
[[Node 2] main]: 2026/01/24 15:59:30 {387}. Message sent to 1: {Header{Sender{node-2}, Destination{node-1}, Type{Heartbeat}, Timestamp{387}}}
[[Node 2] main]: 2026/01/24 15:59:30 {390}. Message received on dispatcher: 1, Sender{node-1}, Destination{node-2}, Type{Heartbeat}, Timestamp{389}
[[Node 2] main]: 2026/01/24 15:59:31 {391}. Message received on dispatcher: 1, Sender{node-1}, Destination{node-2}, Type{Tree}, Timestamp{390}
[[Node 2] main]: 2026/01/24 15:59:32 {392}. Message sent to 1: {Header{Sender{node-2}, Destination{node-1}, Type{Heartbeat}, Timestamp{392}}}
[[Node 2] main]: 2026/01/24 15:59:32 {395}. Message received on dispatcher: 1, Sender{node-1}, Destination{node-2}, Type{Heartbeat}, Timestamp{394}
[[Node 2] main]: 2026/01/24 15:59:33 {396}. Message received on dispatcher: 1, Sender{node-1}, Destination{node-2}, Type{Tree}, Timestamp{395}
[[Node 2] main]: 2026/01/24 15:59:34 {397}. Message sent to 1: {Header{Sender{node-2}, Destination{node-1}, Type{Heartbeat}, Timestamp{397}}}
[[Node 2] main]: 2026/01/24 15:59:34 {400}. Message received on dispatcher: 1, Sender{node-1}, Destination{node-2}, Type{Heartbeat}, Timestamp{399}
[[Node 2] main]: 2026/01/24 15:59:35 {401}. Message received on dispatcher: 1, Sender{node-1}, Destination{node-2}, Type{Tree}, Timestamp{400}
[[Node 2] main]: 2026/01/24 15:59:35 {401}. Sending JOIN to 5...
[[Node 2] main]: 2026/01/24 15:59:35 {401}. Sending JOIN to 3...
[[Node 2] main]: 2026/01/24 15:59:35 {402}. Message sent to 3: Header{Sender{node-2}, Destination{node-3}, Type{Topology}, Timestamp{402}}, Address{{172.21.196.252 46002}}, Flags{1}
[[Node 2] main]: 2026/01/24 15:59:35 {403}. Message sent to 5: Header{Sender{node-2}, Destination{node-5}, Type{Topology}, Timestamp{403}}, Address{{172.21.196.252 46002}}, Flags{1}
[[Node 2] main]: 2026/01/24 15:59:36 {404}. Message sent to 1: {Header{Sender{node-2}, Destination{node-1}, Type{Heartbeat}, Timestamp{404}}}
[[Node 2] main]: 2026/01/24 15:59:36 {407}. Message received on dispatcher: 1, Sender{node-1}, Destination{node-2}, Type{Heartbeat}, Timestamp{406}
[[Node 2] main]: 2026/01/24 15:59:37 {408}. Message received on dispatcher: 1, Sender{node-1}, Destination{node-2}, Type{Tree}, Timestamp{407}
[[Node 2] main]: 2026/01/24 15:59:38 {409}. Message sent to 1: {Header{Sender{node-2}, Destination{node-1}, Type{Heartbeat}, Timestamp{409}}}
[[Node 2] main]: 2026/01/24 15:59:38 {412}. Message received on dispatcher: 1, Sender{node-1}, Destination{node-2}, Type{Heartbeat}, Timestamp{411}
[[Node 2] main]: 2026/01/24 15:59:39 {413}. Message received on dispatcher: 1, Sender{node-1}, Destination{node-2}, Type{Tree}, Timestamp{412}
[[Node 2] main]: 2026/01/24 15:59:40 {414}. Message sent to 1: {Header{Sender{node-2}, Destination{node-1}, Type{Heartbeat}, Timestamp{414}}}
[[Node 2] main]: 2026/01/24 15:59:40 {417}. Message received on dispatcher: 1, Sender{node-1}, Destination{node-2}, Type{Heartbeat}, Timestamp{416}
[[Node 2] main]: 2026/01/24 15:59:41 {418}. Message received on dispatcher: 1, Sender{node-1}, Destination{node-2}, Type{Tree}, Timestamp{417}
[[Node 2] main]: 2026/01/24 15:59:42 {419}. Message sent to 1: {Header{Sender{node-2}, Destination{node-1}, Type{Heartbeat}, Timestamp{419}}}
[[Node 2] main]: 2026/01/24 15:59:42 {422}. Message received on dispatcher: 1, Sender{node-1}, Destination{node-2}, Type{Heartbeat}, Timestamp{421}
[[Node 2] main]: 2026/01/24 15:59:43 {423}. Message received on dispatcher: 1, Sender{node-1}, Destination{node-2}, Type{Tree}, Timestamp{422}
[[Node 2] main]: 2026/01/24 15:59:44 {424}. Message sent to 1: {Header{Sender{node-2}, Destination{node-1}, Type{Heartbeat}, Timestamp{424}}}
[[Node 2] main]: 2026/01/24 15:59:44 {427}. Message received on dispatcher: 1, Sender{node-1}, Destination{node-2}, Type{Heartbeat}, Timestamp{426}
[[Node 2] main]: 2026/01/24 15:59:45 {428}. Message received on dispatcher: 1, Sender{node-1}, Destination{node-2}, Type{Tree}, Timestamp{427}
[[Node 2] main]: 2026/01/24 15:59:46 {429}. Message sent to 1: {Header{Sender{node-2}, Destination{node-1}, Type{Heartbeat}, Timestamp{429}}}
[[Node 2] main]: 2026/01/24 15:59:46 {432}. Message received on dispatcher: 1, Sender{node-1}, Destination{node-2}, Type{Heartbeat}, Timestamp{431}
[[Node 2] main]: 2026/01/24 15:59:47 {433}. Message received on dispatcher: 1, Sender{node-1}, Destination{node-2}, Type{Tree}, Timestamp{432}
[[Node 2] main]: 2026/01/24 15:59:48 {434}. Message sent to 1: {Header{Sender{node-2}, Destination{node-1}, Type{Heartbeat}, Timestamp{434}}}
[[Node 2] main]: 2026/01/24 15:59:48 {437}. Message received on dispatcher: 1, Sender{node-1}, Destination{node-2}, Type{Heartbeat}, Timestamp{436}
[[Node 2] main]: 2026/01/24 15:59:49 {438}. Message received on dispatcher: 1, Sender{node-1}, Destination{node-2}, Type{Tree}, Timestamp{437}
[[Node 2] main]: 2026/01/24 15:59:50 {439}. Message sent to 1: {Header{Sender{node-2}, Destination{node-1}, Type{Heartbeat}, Timestamp{439}}}
