[[Node 1]]: 2026/01/09 16:48:39 cluster_node.go:60: Created dispatcher and assigned election messages
[[Node 1]]: 2026/01/09 16:48:39 cluster_node.go:234: Election routine stard
[[Node 1]]: 2026/01/09 16:48:39 cluster_node.go:239: Waiting for election message
[[Node 1]]: 2026/01/09 16:48:43 cluster_node.go:242: Received {node-2 node-1 0 [192.168.1.49:46002] 0} on round 0. Also my state is 0
[[Node 1]]: 2026/01/09 16:48:43 cluster_node.go:545: A neighbor connected to me (2 192.168.1.49:46002), i have to add it!
[[Node 1]]: 2026/01/09 16:48:43 cluster_node.go:266: Election context set up perfectly
[[Node 1]]: 2026/01/09 16:48:43 cluster_node.go:110: Sent to 2, {node-1 node-2 1 [] 0}
[[Node 1]]: 2026/01/09 16:48:43 cluster_node.go:271: Mandato start ai vicini, comincio YODOWN
[[Node 1]]: 2026/01/09 16:48:43 cluster_node.go:452: Started yo down, also i am a 
[[Node 1]]: 2026/01/09 16:48:43 cluster_node.go:467: source
[[Node 1]]: 2026/01/09 16:48:43 cluster_node.go:110: Sent to 2, {node-1 node-2 2 [1] 0}
[[Node 1]]: 2026/01/09 16:48:43 cluster_node.go:471: I have completed my yo down: Election proposals sent. Waiting for YO UP
[[Node 1]]: 2026/01/09 16:48:43 cluster_node.go:239: Waiting for election message
[[Node 1]]: 2026/01/09 16:48:43 cluster_node.go:242: Received {node-2 node-1 3 [YES false] 0} on round 0. Also my state is 2
[[Node 1]]: 2026/01/09 16:48:43 cluster_node.go:376: I have received the vote: 2, true, false
[[Node 1]]: 2026/01/09 16:48:43 cluster_node.go:436: I have received all votes
[[Node 1]]: 2026/01/09 16:48:43 cluster_node.go:442: My roudn is done
[[Node 1]]: 2026/01/09 16:48:43 cluster_node.go:452: Started yo down, also i am a 
[[Node 1]]: 2026/01/09 16:48:43 cluster_node.go:467: source
[[Node 1]]: 2026/01/09 16:48:43 cluster_node.go:110: Sent to 2, {node-1 node-2 2 [1] 1}
[[Node 1]]: 2026/01/09 16:48:43 cluster_node.go:471: I have completed my yo down: Election proposals sent. Waiting for YO UP
[[Node 1]]: 2026/01/09 16:48:43 cluster_node.go:239: Waiting for election message
[[Node 1]]: 2026/01/09 16:48:43 cluster_node.go:242: Received {node-2 node-1 3 [YES true] 1} on round 1. Also my state is 2
[[Node 1]]: 2026/01/09 16:48:43 cluster_node.go:376: I have received the vote: 2, true, true
[[Node 1]]: 2026/01/09 16:48:43 cluster_node.go:436: I have received all votes
[[Node 1]]: 2026/01/09 16:48:43 cluster_node.go:442: My roudn is done
[[Node 1]]: 2026/01/09 16:48:43 cluster_node.go:452: Started yo down, also i am a 
[[Node 1]]: 2026/01/09 16:48:43 cluster_node.go:456: leader
[[Node 1]]: 2026/01/09 16:48:43 cluster_node.go:110: Sent to 2, {node-1 node-2 4 [1] 2}
[[Node 1]]: 2026/01/09 16:48:43 cluster_node.go:239: Waiting for election message
