[[Node 2]]: 2026/01/09 16:48:09 cluster_node.go:60: Created dispatcher and assigned election messages
[[Node 2]]: 2026/01/09 16:48:09 cluster_node.go:234: Election routine stard
[[Node 2]]: 2026/01/09 16:48:09 cluster_node.go:239: Waiting for election message
[[Node 2]]: 2026/01/09 16:48:15 cluster_node.go:242: Received {node-3 node-2 0 [192.168.1.49:46003] 0} on round 0. Also my state is 0
[[Node 2]]: 2026/01/09 16:48:15 cluster_node.go:545: A neighbor connected to me (3 192.168.1.49:46003), i have to add it!
[[Node 2]]: 2026/01/09 16:48:15 cluster_node.go:266: Election context set up perfectly
[[Node 2]]: 2026/01/09 16:48:15 cluster_node.go:110: Sent to 3, {node-2 node-3 1 [] 0}
[[Node 2]]: 2026/01/09 16:48:15 cluster_node.go:271: Mandato start ai vicini, comincio YODOWN
[[Node 2]]: 2026/01/09 16:48:15 cluster_node.go:452: Started yo down, also i am a 
[[Node 2]]: 2026/01/09 16:48:15 cluster_node.go:467: source
[[Node 2]]: 2026/01/09 16:48:15 cluster_node.go:110: Sent to 3, {node-2 node-3 2 [2] 0}
[[Node 2]]: 2026/01/09 16:48:15 cluster_node.go:471: I have completed my yo down: Election proposals sent. Waiting for YO UP
[[Node 2]]: 2026/01/09 16:48:15 cluster_node.go:239: Waiting for election message
[[Node 2]]: 2026/01/09 16:48:15 cluster_node.go:242: Received {node-3 node-2 3 [YES true] 0} on round 0. Also my state is 2
[[Node 2]]: 2026/01/09 16:48:15 cluster_node.go:376: I have received the vote: 3, true, true
[[Node 2]]: 2026/01/09 16:48:15 cluster_node.go:436: I have received all votes
[[Node 2]]: 2026/01/09 16:48:15 cluster_node.go:442: My roudn is done
[[Node 2]]: 2026/01/09 16:48:15 cluster_node.go:452: Started yo down, also i am a 
[[Node 2]]: 2026/01/09 16:48:15 cluster_node.go:456: leader
[[Node 2]]: 2026/01/09 16:48:15 cluster_node.go:110: Sent to 3, {node-2 node-3 4 [2] 1}
[[Node 2]]: 2026/01/09 16:48:15 cluster_node.go:239: Waiting for election message
[[Node 2]]: 2026/01/09 16:48:43 cluster_node.go:110: Sent to 1, {node-2 node-1 0 [192.168.1.49:46002] 0}
[[Node 2]]: 2026/01/09 16:48:43 cluster_node.go:242: Received {node-1 node-2 1 [] 0} on round 0. Also my state is 0
[[Node 2]]: 2026/01/09 16:48:43 cluster_node.go:282: Election context set up perfectly
[[Node 2]]: 2026/01/09 16:48:43 cluster_node.go:110: Sent to 3, {node-2 node-3 1 [] 0}
[[Node 2]]: 2026/01/09 16:48:43 cluster_node.go:289: I too have received START, i forwarded it to my neighbors, but sender, and i start yo down
[[Node 2]]: 2026/01/09 16:48:43 cluster_node.go:452: Started yo down, also i am a 
[[Node 2]]: 2026/01/09 16:48:43 cluster_node.go:475: internal node. I just switch to waiting
[[Node 2]]: 2026/01/09 16:48:43 cluster_node.go:239: Waiting for election message
[[Node 2]]: 2026/01/09 16:48:43 cluster_node.go:242: Received {node-1 node-2 2 [1] 0} on round 0. Also my state is 1
[[Node 2]]: 2026/01/09 16:48:43 cluster_node.go:328: I have received the proposal: 1
[[Node 2]]: 2026/01/09 16:48:43 cluster_node.go:338: I have received ALL!
[[Node 2]]: 2026/01/09 16:48:43 cluster_node.go:110: Sent to 3, {node-2 node-3 2 [1] 0}
[[Node 2]]: 2026/01/09 16:48:43 cluster_node.go:359: My yo down is done! I can enter yo up
[[Node 2]]: 2026/01/09 16:48:43 cluster_node.go:484: Started yo up, also i am a 
[[Node 2]]: 2026/01/09 16:48:43 cluster_node.go:530: Internal node. I have nothing to do, i go to WAIT
[[Node 2]]: 2026/01/09 16:48:43 cluster_node.go:239: Waiting for election message
[[Node 2]]: 2026/01/09 16:48:43 cluster_node.go:242: Received {node-3 node-2 3 [YES true] 0} on round 0. Also my state is 2
[[Node 2]]: 2026/01/09 16:48:43 cluster_node.go:376: I have received the vote: 3, true, true
[[Node 2]]: 2026/01/09 16:48:43 cluster_node.go:400: 2, I have received all votes
[[Node 2]]: 2026/01/09 16:48:43 cluster_node.go:110: Sent to 1, {node-2 node-1 3 [YES false] 0}
[[Node 2]]: 2026/01/09 16:48:43 cluster_node.go:442: My roudn is done
[[Node 2]]: 2026/01/09 16:48:43 cluster_node.go:452: Started yo down, also i am a 
[[Node 2]]: 2026/01/09 16:48:43 cluster_node.go:478: sink. I just switch to waiting
[[Node 2]]: 2026/01/09 16:48:43 cluster_node.go:239: Waiting for election message
[[Node 2]]: 2026/01/09 16:48:43 cluster_node.go:242: Received {node-1 node-2 2 [1] 1} on round 1. Also my state is 1
[[Node 2]]: 2026/01/09 16:48:43 cluster_node.go:328: I have received the proposal: 1
[[Node 2]]: 2026/01/09 16:48:43 cluster_node.go:353: I have received ALL!
[[Node 2]]: 2026/01/09 16:48:43 cluster_node.go:359: My yo down is done! I can enter yo up
[[Node 2]]: 2026/01/09 16:48:43 cluster_node.go:484: Started yo up, also i am a 
[[Node 2]]: 2026/01/09 16:48:43 cluster_node.go:487: Sink
[[Node 2]]: 2026/01/09 16:48:43 cluster_node.go:491: I have a single parent, i need to be pruned
[[Node 2]]: 2026/01/09 16:48:43 cluster_node.go:496: My vote is true
[[Node 2]]: 2026/01/09 16:48:43 cluster_node.go:110: Sent to 1, {node-2 node-1 3 [YES true] 1}
[[Node 2]]: 2026/01/09 16:48:43 cluster_node.go:525: My round is done
[[Node 2]]: 2026/01/09 16:48:43 cluster_node.go:239: Waiting for election message
[[Node 2]]: 2026/01/09 16:48:43 cluster_node.go:242: Received {node-1 node-2 4 [1] 2} on round 2. Also my state is 1
[[Node 2]]: 2026/01/09 16:48:43 cluster_node.go:306: I ended the election: Leader is: 1
[[Node 2]]: 2026/01/09 16:48:43 cluster_node.go:110: Sent to 3, {node-2 node-3 4 [1] 0}
[[Node 2]]: 2026/01/09 16:48:43 cluster_node.go:239: Waiting for election message
