[[Node 5] election]: 2026/01/24 14:13:56 {0}. Started election handle
[[Node 5] election]: 2026/01/24 14:13:39 {19}. Preparing election context...
[[Node 5] election]: 2026/01/24 14:13:39 {20}. Resetting the election context...
[[Node 5] election]: 2026/01/24 14:13:39 {21}. Orienting the nodes with current neighbors
[[Node 5] election]: 2026/01/24 14:13:39 {21}. 2: Incoming
[[Node 5] election]: 2026/01/24 14:13:39 {21}. Calculating election 20-5 status: I am Sink
[[Node 5] election]: 2026/01/24 14:13:39 {21}. Setup the election context
[[Node 5] election]: 2026/01/24 14:13:39 {21}. Sent START message to 2
[[Node 5] election]: 2026/01/24 14:13:39 {21}. Sent START to all my ON neighbors, waiting confirm or earlier election proposal
[[Node 5] election]: 2026/01/24 14:13:39 {21}. Yo down started for round 0
[[Node 5] election]: 2026/01/24 14:13:39 {21}. Sink: waiting for inlinks to send proposals
[[Node 5] election]: 2026/01/24 14:13:41 {56}. Awaiting election message...
[[Node 5] election]: 2026/01/24 14:13:41 {56}. Election message received: Header{Sender{node-2}, Destination{node-5}, Type{Election}, Timestamp{30}}, MessageType{0}, ElectionID{}, Round{0}, Body{[25-2]}. Current state{Waiting Yo Down}
[[Node 5] election]: 2026/01/24 14:13:41 {56}. 2 sent me a stronger START message: received{25-2}, mine{20-5}. Switching to this one
[[Node 5] election]: 2026/01/24 14:13:41 {56}. Preparing election context for election {25-2}...
[[Node 5] election]: 2026/01/24 14:13:41 {56}. Resetting the election context...
[[Node 5] election]: 2026/01/24 14:13:41 {57}. Orienting the nodes with current neighbors
[[Node 5] election]: 2026/01/24 14:13:41 {57}. 2: Incoming
[[Node 5] election]: 2026/01/24 14:13:41 {57}. Calculating election 25-2 status: I am Sink
[[Node 5] election]: 2026/01/24 14:13:41 {57}. Finished setup for the election context
[[Node 5] election]: 2026/01/24 14:13:41 {57}. Ignoring 2 as it is the sender
[[Node 5] election]: 2026/01/24 14:13:41 {57}. Yo down started for round 0
[[Node 5] election]: 2026/01/24 14:13:41 {57}. Sink: waiting for inlinks to send proposals
[[Node 5] election]: 2026/01/24 14:13:41 {57}. Awaiting election message...
[[Node 5] election]: 2026/01/24 14:13:41 {57}. Election message received: Header{Sender{node-2}, Destination{node-5}, Type{Election}, Timestamp{32}}, MessageType{1}, ElectionID{25-2}, Round{0}, Body{[2]}. Current state{Waiting Yo Down}
[[Node 5] election]: 2026/01/24 14:13:41 {57}. Stored the proposal of 2 by 2, waiting for 0 more votes...
[[Node 5] election]: 2026/01/24 14:13:41 {57}. Got all proposals, calculating the smallest ID... {2}
[[Node 5] election]: 2026/01/24 14:13:41 {57}. Yo up started for round 0
[[Node 5] election]: 2026/01/24 14:13:41 {57}. SINK: Got all the proposals, need to send votes back
[[Node 5] election]: 2026/01/24 14:13:41 {57}. I have a single parent, need pruning
[[Node 5] election]: 2026/01/24 14:13:41 {57}. Sent vote true to 2
[[Node 5] election]: 2026/01/24 14:13:41 {57}. Preparing for next round...
[[Node 5] election]: 2026/01/24 14:13:41 {57}. Context prepared, current round is 1 and I am Loser
[[Node 5] election]: 2026/01/24 14:13:41 {57}. Awaiting election message...
[[Node 5] election]: 2026/01/24 14:13:41 {58}. Election message received: Header{Sender{node-2}, Destination{node-5}, Type{Election}, Timestamp{33}}, MessageType{0}, ElectionID{}, Round{0}, Body{[27-2]}. Current state{Waiting Yo Down}
[[Node 5] election]: 2026/01/24 14:13:41 {58}. 2 sent me a stronger START message: received{27-2}, mine{25-2}. Switching to this one
[[Node 5] election]: 2026/01/24 14:13:41 {58}. Preparing election context for election {27-2}...
[[Node 5] election]: 2026/01/24 14:13:41 {58}. Resetting the election context...
[[Node 5] election]: 2026/01/24 14:13:41 {59}. Orienting the nodes with current neighbors
[[Node 5] election]: 2026/01/24 14:13:41 {59}. 2: Incoming
[[Node 5] election]: 2026/01/24 14:13:41 {59}. Calculating election 27-2 status: I am Sink
[[Node 5] election]: 2026/01/24 14:13:41 {59}. Finished setup for the election context
[[Node 5] election]: 2026/01/24 14:13:41 {59}. Ignoring 2 as it is the sender
[[Node 5] election]: 2026/01/24 14:13:41 {59}. Yo down started for round 0
[[Node 5] election]: 2026/01/24 14:13:41 {59}. Sink: waiting for inlinks to send proposals
[[Node 5] election]: 2026/01/24 14:13:41 {59}. Awaiting election message...
[[Node 5] election]: 2026/01/24 14:13:41 {59}. Election message received: Header{Sender{node-2}, Destination{node-5}, Type{Election}, Timestamp{35}}, MessageType{1}, ElectionID{27-2}, Round{0}, Body{[2]}. Current state{Waiting Yo Down}
[[Node 5] election]: 2026/01/24 14:13:41 {59}. Stored the proposal of 2 by 2, waiting for 0 more votes...
[[Node 5] election]: 2026/01/24 14:13:41 {59}. Got all proposals, calculating the smallest ID... {2}
[[Node 5] election]: 2026/01/24 14:13:41 {59}. Yo up started for round 0
[[Node 5] election]: 2026/01/24 14:13:41 {59}. SINK: Got all the proposals, need to send votes back
[[Node 5] election]: 2026/01/24 14:13:41 {59}. I have a single parent, need pruning
[[Node 5] election]: 2026/01/24 14:13:41 {59}. Sent vote true to 2
[[Node 5] election]: 2026/01/24 14:13:41 {59}. Preparing for next round...
[[Node 5] election]: 2026/01/24 14:13:41 {59}. Context prepared, current round is 1 and I am Loser
[[Node 5] election]: 2026/01/24 14:13:41 {59}. Awaiting election message...
[[Node 5] election]: 2026/01/24 14:13:41 {59}. Election message received: Header{Sender{node-2}, Destination{node-5}, Type{Election}, Timestamp{54}}, MessageType{0}, ElectionID{}, Round{0}, Body{[52-2]}. Current state{Waiting Yo Down}
[[Node 5] election]: 2026/01/24 14:13:41 {59}. 2 sent me a stronger START message: received{52-2}, mine{27-2}. Switching to this one
[[Node 5] election]: 2026/01/24 14:13:41 {59}. Preparing election context for election {52-2}...
[[Node 5] election]: 2026/01/24 14:13:41 {59}. Resetting the election context...
[[Node 5] election]: 2026/01/24 14:13:41 {60}. Orienting the nodes with current neighbors
[[Node 5] election]: 2026/01/24 14:13:41 {60}. 2: Incoming
[[Node 5] election]: 2026/01/24 14:13:41 {60}. Calculating election 52-2 status: I am Sink
[[Node 5] election]: 2026/01/24 14:13:41 {60}. Finished setup for the election context
[[Node 5] election]: 2026/01/24 14:13:41 {60}. Ignoring 2 as it is the sender
[[Node 5] election]: 2026/01/24 14:13:41 {60}. Yo down started for round 0
[[Node 5] election]: 2026/01/24 14:13:41 {60}. Sink: waiting for inlinks to send proposals
[[Node 5] election]: 2026/01/24 14:13:41 {60}. Awaiting election message...
[[Node 5] election]: 2026/01/24 14:13:42 {141}. Election message received: Header{Sender{node-2}, Destination{node-5}, Type{Election}, Timestamp{132}}, MessageType{0}, ElectionID{}, Round{0}, Body{[59-1]}. Current state{Waiting Yo Down}
[[Node 5] election]: 2026/01/24 14:13:42 {142}. 2 sent me a stronger START message: received{59-1}, mine{52-2}. Switching to this one
[[Node 5] election]: 2026/01/24 14:13:42 {142}. Preparing election context for election {59-1}...
[[Node 5] election]: 2026/01/24 14:13:42 {142}. Resetting the election context...
[[Node 5] election]: 2026/01/24 14:13:42 {143}. Orienting the nodes with current neighbors
[[Node 5] election]: 2026/01/24 14:13:42 {143}. 2: Incoming
[[Node 5] election]: 2026/01/24 14:13:42 {144}. Calculating election 59-1 status: I am Sink
[[Node 5] election]: 2026/01/24 14:13:42 {144}. Finished setup for the election context
[[Node 5] election]: 2026/01/24 14:13:42 {144}. Ignoring 2 as it is the sender
[[Node 5] election]: 2026/01/24 14:13:42 {144}. Yo down started for round 0
[[Node 5] election]: 2026/01/24 14:13:42 {144}. Sink: waiting for inlinks to send proposals
[[Node 5] election]: 2026/01/24 14:13:42 {146}. Awaiting election message...
[[Node 5] election]: 2026/01/24 14:13:42 {146}. Election message received: Header{Sender{node-2}, Destination{node-5}, Type{Election}, Timestamp{133}}, MessageType{1}, ElectionID{59-1}, Round{0}, Body{[1]}. Current state{Waiting Yo Down}
[[Node 5] election]: 2026/01/24 14:13:42 {146}. Stored the proposal of 1 by 2, waiting for 0 more votes...
[[Node 5] election]: 2026/01/24 14:13:42 {146}. Got all proposals, calculating the smallest ID... {1}
[[Node 5] election]: 2026/01/24 14:13:42 {146}. Yo up started for round 0
[[Node 5] election]: 2026/01/24 14:13:42 {146}. SINK: Got all the proposals, need to send votes back
[[Node 5] election]: 2026/01/24 14:13:42 {146}. I have a single parent, need pruning
[[Node 5] election]: 2026/01/24 14:13:42 {146}. Sent vote true to 2
[[Node 5] election]: 2026/01/24 14:13:42 {146}. Preparing for next round...
[[Node 5] election]: 2026/01/24 14:13:42 {146}. Context prepared, current round is 1 and I am Loser
[[Node 5] election]: 2026/01/24 14:13:42 {146}. Awaiting election message...
[[Node 5] election]: 2026/01/24 14:13:42 {146}. Election message received: Header{Sender{node-2}, Destination{node-5}, Type{Election}, Timestamp{135}}, MessageType{0}, ElectionID{}, Round{0}, Body{[61-1]}. Current state{Waiting Yo Down}
[[Node 5] election]: 2026/01/24 14:13:42 {146}. 2 sent me a stronger START message: received{61-1}, mine{59-1}. Switching to this one
[[Node 5] election]: 2026/01/24 14:13:42 {146}. Preparing election context for election {61-1}...
[[Node 5] election]: 2026/01/24 14:13:42 {146}. Resetting the election context...
[[Node 5] election]: 2026/01/24 14:13:42 {147}. Orienting the nodes with current neighbors
[[Node 5] election]: 2026/01/24 14:13:42 {147}. 2: Incoming
[[Node 5] election]: 2026/01/24 14:13:42 {147}. Calculating election 61-1 status: I am Sink
[[Node 5] election]: 2026/01/24 14:13:42 {148}. Finished setup for the election context
[[Node 5] election]: 2026/01/24 14:13:42 {148}. Ignoring 2 as it is the sender
[[Node 5] election]: 2026/01/24 14:13:42 {148}. Yo down started for round 0
[[Node 5] election]: 2026/01/24 14:13:42 {148}. Sink: waiting for inlinks to send proposals
[[Node 5] election]: 2026/01/24 14:13:42 {148}. Awaiting election message...
[[Node 5] election]: 2026/01/24 14:13:42 {148}. Election message received: Header{Sender{node-2}, Destination{node-5}, Type{Election}, Timestamp{137}}, MessageType{1}, ElectionID{61-1}, Round{0}, Body{[1]}. Current state{Waiting Yo Down}
[[Node 5] election]: 2026/01/24 14:13:42 {148}. Stored the proposal of 1 by 2, waiting for 0 more votes...
[[Node 5] election]: 2026/01/24 14:13:42 {148}. Got all proposals, calculating the smallest ID... {1}
[[Node 5] election]: 2026/01/24 14:13:42 {148}. Yo up started for round 0
[[Node 5] election]: 2026/01/24 14:13:42 {148}. SINK: Got all the proposals, need to send votes back
[[Node 5] election]: 2026/01/24 14:13:42 {148}. I have a single parent, need pruning
[[Node 5] election]: 2026/01/24 14:13:42 {148}. Sent vote true to 2
[[Node 5] election]: 2026/01/24 14:13:42 {148}. Preparing for next round...
[[Node 5] election]: 2026/01/24 14:13:42 {148}. Context prepared, current round is 1 and I am Loser
[[Node 5] election]: 2026/01/24 14:13:42 {148}. Awaiting election message...
[[Node 5] election]: 2026/01/24 14:13:42 {148}. Election message received: Header{Sender{node-2}, Destination{node-5}, Type{Election}, Timestamp{140}}, MessageType{0}, ElectionID{}, Round{0}, Body{[78-1]}. Current state{Waiting Yo Down}
[[Node 5] election]: 2026/01/24 14:13:42 {149}. 2 sent me a stronger START message: received{78-1}, mine{61-1}. Switching to this one
[[Node 5] election]: 2026/01/24 14:13:42 {149}. Preparing election context for election {78-1}...
[[Node 5] election]: 2026/01/24 14:13:42 {149}. Resetting the election context...
[[Node 5] election]: 2026/01/24 14:13:42 {150}. Orienting the nodes with current neighbors
[[Node 5] election]: 2026/01/24 14:13:42 {150}. 2: Incoming
[[Node 5] election]: 2026/01/24 14:13:42 {150}. Calculating election 78-1 status: I am Sink
[[Node 5] election]: 2026/01/24 14:13:42 {150}. Finished setup for the election context
[[Node 5] election]: 2026/01/24 14:13:42 {150}. Ignoring 2 as it is the sender
[[Node 5] election]: 2026/01/24 14:13:42 {150}. Yo down started for round 0
[[Node 5] election]: 2026/01/24 14:13:42 {150}. Sink: waiting for inlinks to send proposals
[[Node 5] election]: 2026/01/24 14:13:42 {150}. Awaiting election message...
[[Node 5] election]: 2026/01/24 14:13:42 {150}. Election message received: Header{Sender{node-2}, Destination{node-5}, Type{Election}, Timestamp{141}}, MessageType{1}, ElectionID{78-1}, Round{0}, Body{[1]}. Current state{Waiting Yo Down}
[[Node 5] election]: 2026/01/24 14:13:42 {150}. Stored the proposal of 1 by 2, waiting for 0 more votes...
[[Node 5] election]: 2026/01/24 14:13:42 {150}. Got all proposals, calculating the smallest ID... {1}
[[Node 5] election]: 2026/01/24 14:13:42 {150}. Yo up started for round 0
[[Node 5] election]: 2026/01/24 14:13:42 {150}. SINK: Got all the proposals, need to send votes back
[[Node 5] election]: 2026/01/24 14:13:42 {150}. I have a single parent, need pruning
[[Node 5] election]: 2026/01/24 14:13:42 {150}. Sent vote true to 2
[[Node 5] election]: 2026/01/24 14:13:42 {150}. Preparing for next round...
[[Node 5] election]: 2026/01/24 14:13:42 {150}. Context prepared, current round is 1 and I am Loser
[[Node 5] election]: 2026/01/24 14:13:42 {150}. Awaiting election message...
[[Node 5] election]: 2026/01/24 14:13:42 {150}. Election message received: Header{Sender{node-2}, Destination{node-5}, Type{Election}, Timestamp{143}}, MessageType{0}, ElectionID{}, Round{0}, Body{[80-1]}. Current state{Waiting Yo Down}
[[Node 5] election]: 2026/01/24 14:13:42 {150}. 2 sent me a stronger START message: received{80-1}, mine{78-1}. Switching to this one
[[Node 5] election]: 2026/01/24 14:13:42 {150}. Preparing election context for election {80-1}...
[[Node 5] election]: 2026/01/24 14:13:42 {150}. Resetting the election context...
[[Node 5] election]: 2026/01/24 14:13:42 {151}. Orienting the nodes with current neighbors
[[Node 5] election]: 2026/01/24 14:13:42 {151}. 2: Incoming
[[Node 5] election]: 2026/01/24 14:13:42 {151}. Calculating election 80-1 status: I am Sink
[[Node 5] election]: 2026/01/24 14:13:42 {151}. Finished setup for the election context
[[Node 5] election]: 2026/01/24 14:13:42 {151}. Ignoring 2 as it is the sender
[[Node 5] election]: 2026/01/24 14:13:42 {151}. Yo down started for round 0
[[Node 5] election]: 2026/01/24 14:13:42 {151}. Sink: waiting for inlinks to send proposals
[[Node 5] election]: 2026/01/24 14:13:42 {151}. Awaiting election message...
[[Node 5] election]: 2026/01/24 14:13:42 {151}. Election message received: Header{Sender{node-2}, Destination{node-5}, Type{Election}, Timestamp{145}}, MessageType{1}, ElectionID{80-1}, Round{0}, Body{[1]}. Current state{Waiting Yo Down}
[[Node 5] election]: 2026/01/24 14:13:42 {151}. Stored the proposal of 1 by 2, waiting for 0 more votes...
[[Node 5] election]: 2026/01/24 14:13:42 {151}. Got all proposals, calculating the smallest ID... {1}
[[Node 5] election]: 2026/01/24 14:13:42 {151}. Yo up started for round 0
[[Node 5] election]: 2026/01/24 14:13:42 {151}. SINK: Got all the proposals, need to send votes back
[[Node 5] election]: 2026/01/24 14:13:42 {151}. I have a single parent, need pruning
[[Node 5] election]: 2026/01/24 14:13:42 {151}. Sent vote true to 2
[[Node 5] election]: 2026/01/24 14:13:42 {151}. Preparing for next round...
[[Node 5] election]: 2026/01/24 14:13:42 {151}. Context prepared, current round is 1 and I am Loser
[[Node 5] election]: 2026/01/24 14:13:42 {151}. Awaiting election message...
[[Node 5] election]: 2026/01/24 14:13:42 {188}. Election message received: Header{Sender{node-2}, Destination{node-5}, Type{Election}, Timestamp{187}}, MessageType{3}, ElectionID{80-1}, Round{4}, Body{[1 Q 1]}. Current state{Waiting Yo Down}
[[Node 5] election]: 2026/01/24 14:13:42 {188}. 1 said it was leader. closing my election context... with Election Result{LeaderID{1}, ElectionID{80-1}}
[[Node 5] election]: 2026/01/24 14:13:42 {188}. Awaiting election message...
[[Node 5] election]: 2026/01/24 14:13:57 {334}. Timeout occurred... Current state is Idle
[[Node 5] election]: 2026/01/24 14:13:57 {334}. Awaiting election message...
[[Node 5] election]: 2026/01/24 14:14:11 {479}. Timeout occurred... Current state is Idle
[[Node 5] election]: 2026/01/24 14:14:11 {479}. Awaiting election message...
