[[Node 5] tree]: 2026/01/24 14:13:56 {0}. Started tree handle
[[Node 5] tree]: 2026/01/24 14:13:41 {56}. Awaiting tree message...
[[Node 5] tree]: 2026/01/24 14:13:42 {188}. 2 My state is Idle.
[[Node 5] tree]: 2026/01/24 14:13:42 {188}. Setting up spanning tree process, im IDLE and received a message
[[Node 5] tree]: 2026/01/24 14:13:42 {188}. Root{false}, Parent{sender:2}, TreeChildren{map[]}
[[Node 5] tree]: 2026/01/24 14:13:42 {188}. Sent yes to 2. Counter = 1
[[Node 5] tree]: 2026/01/24 14:13:42 {188}. No more neighbors to await, becoming DONE. My roles: {Input}
[[Node 5] tree]: 2026/01/24 14:13:42 {188}. Telling my parent (2) I am input node
[[Node 5] tree]: 2026/01/24 14:13:42 {200}. Message from 2 received: Header{Sender{node-2}, Destination{node-5}, Type{Tree}, Timestamp{199}}, Epoch{0}, Flags{64}, Body{[50002]}
[[Node 5] tree]: 2026/01/24 14:13:42 {200}. Parent (2) said he listens on port (50002) for data plane
[[Node 5] tree]: 2026/01/24 14:13:42 {200}. Awaiting tree message...
[[Node 5] tree]: 2026/01/24 14:13:44 {219}. Message from 2 received: Header{Sender{node-2}, Destination{node-5}, Type{Tree}, Timestamp{218}}, Epoch{0}, Flags{1}, Body{[]}
[[Node 5] tree]: 2026/01/24 14:13:44 {219}. Awaiting tree message...
[[Node 5] tree]: 2026/01/24 14:13:46 {236}. Message from 2 received: Header{Sender{node-2}, Destination{node-5}, Type{Tree}, Timestamp{235}}, Epoch{1}, Flags{1}, Body{[]}
[[Node 5] tree]: 2026/01/24 14:13:46 {236}. Awaiting tree message...
[[Node 5] tree]: 2026/01/24 14:13:48 {257}. Message from 2 received: Header{Sender{node-2}, Destination{node-5}, Type{Tree}, Timestamp{256}}, Epoch{2}, Flags{1}, Body{[]}
[[Node 5] tree]: 2026/01/24 14:13:48 {257}. Awaiting tree message...
[[Node 5] tree]: 2026/01/24 14:13:50 {276}. Message from 2 received: Header{Sender{node-2}, Destination{node-5}, Type{Tree}, Timestamp{275}}, Epoch{3}, Flags{1}, Body{[]}
[[Node 5] tree]: 2026/01/24 14:13:50 {276}. Awaiting tree message...
[[Node 5] tree]: 2026/01/24 14:13:52 {293}. Message from 2 received: Header{Sender{node-2}, Destination{node-5}, Type{Tree}, Timestamp{292}}, Epoch{4}, Flags{1}, Body{[]}
[[Node 5] tree]: 2026/01/24 14:13:52 {293}. Awaiting tree message...
[[Node 5] tree]: 2026/01/24 14:13:54 {312}. Message from 2 received: Header{Sender{node-2}, Destination{node-5}, Type{Tree}, Timestamp{311}}, Epoch{5}, Flags{1}, Body{[]}
[[Node 5] tree]: 2026/01/24 14:13:54 {312}. Awaiting tree message...
[[Node 5] tree]: 2026/01/24 14:13:56 {330}. Message from 2 received: Header{Sender{node-2}, Destination{node-5}, Type{Tree}, Timestamp{329}}, Epoch{6}, Flags{1}, Body{[]}
[[Node 5] tree]: 2026/01/24 14:13:56 {330}. Awaiting tree message...
[[Node 5] tree]: 2026/01/24 14:13:58 {349}. Message from 2 received: Header{Sender{node-2}, Destination{node-5}, Type{Tree}, Timestamp{348}}, Epoch{7}, Flags{1}, Body{[]}
[[Node 5] tree]: 2026/01/24 14:13:58 {349}. Awaiting tree message...
[[Node 5] tree]: 2026/01/24 14:13:59 {368}. Message from 2 received: Header{Sender{node-2}, Destination{node-5}, Type{Tree}, Timestamp{367}}, Epoch{8}, Flags{1}, Body{[]}
[[Node 5] tree]: 2026/01/24 14:13:59 {368}. Awaiting tree message...
[[Node 5] tree]: 2026/01/24 14:14:01 {387}. Message from 2 received: Header{Sender{node-2}, Destination{node-5}, Type{Tree}, Timestamp{386}}, Epoch{9}, Flags{1}, Body{[]}
[[Node 5] tree]: 2026/01/24 14:14:01 {387}. Awaiting tree message...
[[Node 5] tree]: 2026/01/24 14:14:03 {406}. Message from 2 received: Header{Sender{node-2}, Destination{node-5}, Type{Tree}, Timestamp{405}}, Epoch{10}, Flags{1}, Body{[]}
[[Node 5] tree]: 2026/01/24 14:14:03 {406}. Awaiting tree message...
[[Node 5] tree]: 2026/01/24 14:14:05 {424}. Message from 2 received: Header{Sender{node-2}, Destination{node-5}, Type{Tree}, Timestamp{423}}, Epoch{11}, Flags{1}, Body{[]}
[[Node 5] tree]: 2026/01/24 14:14:05 {424}. Awaiting tree message...
[[Node 5] tree]: 2026/01/24 14:14:07 {443}. Message from 2 received: Header{Sender{node-2}, Destination{node-5}, Type{Tree}, Timestamp{442}}, Epoch{12}, Flags{1}, Body{[]}
[[Node 5] tree]: 2026/01/24 14:14:07 {443}. Awaiting tree message...
[[Node 5] tree]: 2026/01/24 14:14:09 {460}. Message from 2 received: Header{Sender{node-2}, Destination{node-5}, Type{Tree}, Timestamp{459}}, Epoch{13}, Flags{1}, Body{[]}
[[Node 5] tree]: 2026/01/24 14:14:09 {460}. Awaiting tree message...
[[Node 5] tree]: 2026/01/24 14:14:11 {479}. Message from 2 received: Header{Sender{node-2}, Destination{node-5}, Type{Tree}, Timestamp{478}}, Epoch{14}, Flags{1}, Body{[]}
[[Node 5] tree]: 2026/01/24 14:14:11 {479}. Awaiting tree message...
[[Node 5] tree]: 2026/01/24 14:14:13 {497}. Message from 2 received: Header{Sender{node-2}, Destination{node-5}, Type{Tree}, Timestamp{496}}, Epoch{15}, Flags{1}, Body{[]}
[[Node 5] tree]: 2026/01/24 14:14:13 {497}. Awaiting tree message...
