[[Node 6] main]: 2026/01/24 14:13:37 {0}. Configuration component correctly created: Id{6}, Ports{Control: 46006, Data: 50006}
[[Node 6] main]: 2026/01/24 14:13:37 {0}. Created context
[[Node 6] main]: 2026/01/24 14:13:37 {0}. Node is all set
[[Node 6] main]: 2026/01/24 14:13:37 {0}. Neighbors recovered: map[1:host:"172.21.196.252"  port:46001]
[[Node 6] main]: 2026/01/24 14:13:37 {0}. Node booting up...
[[Node 6] main]: 2026/01/24 14:13:37 {0}. Node's goroutine started correctly
[[Node 6] main]: 2026/01/24 14:13:37 {0}. Started input dispatcher. Awaiting messages...
[[Node 6] main]: 2026/01/24 14:13:37 {0}. Started output dispatcher. Awaiting messages to send...
[[Node 6] main]: 2026/01/24 14:13:37 {0}. Sending JOIN to 1...
[[Node 6] main]: 2026/01/24 14:13:37 {1}. Message sent to 1: Header{Sender{node-6}, Destination{node-1}, Type{Topology}, Timestamp{1}}, Address{{172.21.196.252 46006}}, Flags{1}
[[Node 6] main]: 2026/01/24 14:13:38 {1}. Sending JOIN to 1...
[[Node 6] main]: 2026/01/24 14:13:38 {2}. Message sent to 1: Header{Sender{node-6}, Destination{node-1}, Type{Topology}, Timestamp{2}}, Address{{172.21.196.252 46006}}, Flags{1}
[[Node 6] main]: 2026/01/24 14:13:39 {2}. Sending JOIN to 1...
[[Node 6] main]: 2026/01/24 14:13:39 {3}. Message sent to 1: Header{Sender{node-6}, Destination{node-1}, Type{Topology}, Timestamp{3}}, Address{{172.21.196.252 46006}}, Flags{1}
[[Node 6] main]: 2026/01/24 14:13:39 {17}. Message received on dispatcher: 1, Sender{node-1}, Destination{node-6}, Type{Topology}, Timestamp{16}
[[Node 6] main]: 2026/01/24 14:13:39 {18}. Message sent to 1: Header{Sender{node-6}, Destination{node-1}, Type{Topology}, Timestamp{18}}, Address{{172.21.196.252 46006}}, Flags{3}
[[Node 6] main]: 2026/01/24 14:13:39 {45}. Message received on dispatcher: 1, Sender{node-1}, Destination{node-6}, Type{Topology}, Timestamp{44}
[[Node 6] main]: 2026/01/24 14:13:39 {47}. Message received on dispatcher: 1, Sender{node-1}, Destination{node-6}, Type{Topology}, Timestamp{46}
[[Node 6] main]: 2026/01/24 14:13:39 {50}. Message received on dispatcher: 1, Sender{node-1}, Destination{node-6}, Type{Topology}, Timestamp{49}
[[Node 6] main]: 2026/01/24 14:13:39 {53}. Message sent to 1: Header{Sender{node-6}, Destination{node-1}, Type{Topology}, Timestamp{53}}, Address{{172.21.196.252 46006}}, Flags{2}
[[Node 6] main]: 2026/01/24 14:13:39 {54}. Message sent to 1: Header{Sender{node-6}, Destination{node-1}, Type{Topology}, Timestamp{54}}, Address{{172.21.196.252 46006}}, Flags{2}
[[Node 6] main]: 2026/01/24 14:13:39 {55}. Message sent to 1: Header{Sender{node-6}, Destination{node-1}, Type{Election}, Timestamp{55}}, MessageType{0}, ElectionID{}, Round{0}, Body{[51-6]}
[[Node 6] main]: 2026/01/24 14:13:39 {67}. Message received on dispatcher: 1, Sender{node-1}, Destination{node-6}, Type{Election}, Timestamp{66}
[[Node 6] main]: 2026/01/24 14:13:39 {68}. Message received on dispatcher: 1, Sender{node-1}, Destination{node-6}, Type{Election}, Timestamp{67}
[[Node 6] main]: 2026/01/24 14:13:39 {74}. Message received on dispatcher: 1, Sender{node-1}, Destination{node-6}, Type{Election}, Timestamp{73}
[[Node 6] main]: 2026/01/24 14:13:39 {78}. Message received on dispatcher: 1, Sender{node-1}, Destination{node-6}, Type{Election}, Timestamp{77}
[[Node 6] main]: 2026/01/24 14:13:39 {85}. Message received on dispatcher: 1, Sender{node-1}, Destination{node-6}, Type{Election}, Timestamp{84}
[[Node 6] main]: 2026/01/24 14:13:39 {88}. Message received on dispatcher: 1, Sender{node-1}, Destination{node-6}, Type{Election}, Timestamp{87}
[[Node 6] main]: 2026/01/24 14:13:39 {91}. Message received on dispatcher: 1, Sender{node-1}, Destination{node-6}, Type{Election}, Timestamp{90}
[[Node 6] main]: 2026/01/24 14:13:39 {94}. Message received on dispatcher: 1, Sender{node-1}, Destination{node-6}, Type{Election}, Timestamp{93}
[[Node 6] main]: 2026/01/24 14:13:39 {95}. Message sent to 1: {Header{Sender{node-6}, Destination{node-1}, Type{Heartbeat}, Timestamp{95}}}
[[Node 6] main]: 2026/01/24 14:13:40 {99}. Message sent to 1: Header{Sender{node-6}, Destination{node-1}, Type{Election}, Timestamp{98}}, MessageType{2}, ElectionID{59-1}, Round{0}, Body{[true true]}
[[Node 6] main]: 2026/01/24 14:13:40 {100}. Message sent to 1: Header{Sender{node-6}, Destination{node-1}, Type{Election}, Timestamp{100}}, MessageType{2}, ElectionID{61-1}, Round{0}, Body{[true true]}
[[Node 6] main]: 2026/01/24 14:13:40 {101}. Message sent to 1: Header{Sender{node-6}, Destination{node-1}, Type{Election}, Timestamp{101}}, MessageType{2}, ElectionID{78-1}, Round{0}, Body{[true true]}
[[Node 6] main]: 2026/01/24 14:13:40 {103}. Message sent to 1: Header{Sender{node-6}, Destination{node-1}, Type{Election}, Timestamp{103}}, MessageType{2}, ElectionID{80-1}, Round{0}, Body{[true true]}
[[Node 6] main]: 2026/01/24 14:13:41 {103}. 1 is ON, I can stop with JOINs
[[Node 6] main]: 2026/01/24 14:13:41 {109}. Message received on dispatcher: 1, Sender{node-1}, Destination{node-6}, Type{Heartbeat}, Timestamp{108}
[[Node 6] main]: 2026/01/24 14:13:41 {110}. Message sent to 1: {Header{Sender{node-6}, Destination{node-1}, Type{Heartbeat}, Timestamp{110}}}
[[Node 6] main]: 2026/01/24 14:13:42 {186}. Message received on dispatcher: 1, Sender{node-1}, Destination{node-6}, Type{Election}, Timestamp{185}
[[Node 6] main]: 2026/01/24 14:13:42 {187}. Message sent to 1: Header{Sender{node-6}, Destination{node-1}, Type{Election}, Timestamp{187}}, MessageType{3}, ElectionID{80-1}, Round{1}, Body{[1 A true]}
[[Node 6] main]: 2026/01/24 14:13:42 {188}. Message sent to 1: Header{Sender{node-6}, Destination{node-1}, Type{Tree}, Timestamp{188}}, Epoch{0}, Flags{32}, Body{[6]}
[[Node 6] main]: 2026/01/24 14:13:42 {194}. Message received on dispatcher: 1, Sender{node-1}, Destination{node-6}, Type{Tree}, Timestamp{193}
[[Node 6] main]: 2026/01/24 14:13:43 {208}. Message received on dispatcher: 1, Sender{node-1}, Destination{node-6}, Type{Heartbeat}, Timestamp{207}
[[Node 6] main]: 2026/01/24 14:13:43 {209}. Message sent to 1: {Header{Sender{node-6}, Destination{node-1}, Type{Heartbeat}, Timestamp{209}}}
[[Node 6] main]: 2026/01/24 14:13:44 {215}. Message received on dispatcher: 1, Sender{node-1}, Destination{node-6}, Type{Tree}, Timestamp{214}
[[Node 6] main]: 2026/01/24 14:13:45 {229}. Message received on dispatcher: 1, Sender{node-1}, Destination{node-6}, Type{Heartbeat}, Timestamp{228}
[[Node 6] main]: 2026/01/24 14:13:45 {230}. Message sent to 1: {Header{Sender{node-6}, Destination{node-1}, Type{Heartbeat}, Timestamp{230}}}
[[Node 6] main]: 2026/01/24 14:13:46 {235}. Message received on dispatcher: 1, Sender{node-1}, Destination{node-6}, Type{Tree}, Timestamp{234}
[[Node 6] main]: 2026/01/24 14:13:47 {248}. Message received on dispatcher: 1, Sender{node-1}, Destination{node-6}, Type{Heartbeat}, Timestamp{247}
[[Node 6] main]: 2026/01/24 14:13:47 {249}. Message sent to 1: {Header{Sender{node-6}, Destination{node-1}, Type{Heartbeat}, Timestamp{249}}}
[[Node 6] main]: 2026/01/24 14:13:48 {253}. Message received on dispatcher: 1, Sender{node-1}, Destination{node-6}, Type{Tree}, Timestamp{252}
[[Node 6] main]: 2026/01/24 14:13:49 {267}. Message received on dispatcher: 1, Sender{node-1}, Destination{node-6}, Type{Heartbeat}, Timestamp{266}
[[Node 6] main]: 2026/01/24 14:13:49 {268}. Message sent to 1: {Header{Sender{node-6}, Destination{node-1}, Type{Heartbeat}, Timestamp{268}}}
[[Node 6] main]: 2026/01/24 14:13:50 {272}. Message received on dispatcher: 1, Sender{node-1}, Destination{node-6}, Type{Tree}, Timestamp{271}
[[Node 6] main]: 2026/01/24 14:13:51 {284}. Message received on dispatcher: 1, Sender{node-1}, Destination{node-6}, Type{Heartbeat}, Timestamp{283}
[[Node 6] main]: 2026/01/24 14:13:51 {285}. Message sent to 1: {Header{Sender{node-6}, Destination{node-1}, Type{Heartbeat}, Timestamp{285}}}
[[Node 6] main]: 2026/01/24 14:13:52 {289}. Message received on dispatcher: 1, Sender{node-1}, Destination{node-6}, Type{Tree}, Timestamp{288}
[[Node 6] main]: 2026/01/24 14:13:52 {289}. Registering HTTP server 172.21.196.252:8086 on the nameserver
[[Node 6] main]: 2026/01/24 14:14:11 {303}. Message received on dispatcher: 1, Sender{node-1}, Destination{node-6}, Type{Heartbeat}, Timestamp{302}
[[Node 6] main]: 2026/01/24 14:13:53 {304}. Message sent to 1: {Header{Sender{node-6}, Destination{node-1}, Type{Heartbeat}, Timestamp{304}}}
[[Node 6] main]: 2026/01/24 14:13:54 {308}. Message received on dispatcher: 1, Sender{node-1}, Destination{node-6}, Type{Tree}, Timestamp{307}
[[Node 6] main]: 2026/01/24 14:13:55 {319}. Message received on dispatcher: 1, Sender{node-1}, Destination{node-6}, Type{Heartbeat}, Timestamp{318}
[[Node 6] main]: 2026/01/24 14:13:55 {320}. Message sent to 1: {Header{Sender{node-6}, Destination{node-1}, Type{Heartbeat}, Timestamp{320}}}
[[Node 6] main]: 2026/01/24 14:13:56 {326}. Message received on dispatcher: 1, Sender{node-1}, Destination{node-6}, Type{Tree}, Timestamp{325}
[[Node 6] main]: 2026/01/24 14:13:57 {340}. Message received on dispatcher: 1, Sender{node-1}, Destination{node-6}, Type{Heartbeat}, Timestamp{339}
[[Node 6] main]: 2026/01/24 14:13:57 {341}. Message sent to 1: {Header{Sender{node-6}, Destination{node-1}, Type{Heartbeat}, Timestamp{341}}}
[[Node 6] main]: 2026/01/24 14:13:58 {345}. Message received on dispatcher: 1, Sender{node-1}, Destination{node-6}, Type{Tree}, Timestamp{344}
[[Node 6] main]: 2026/01/24 14:13:58 {359}. Message received on dispatcher: 1, Sender{node-1}, Destination{node-6}, Type{Heartbeat}, Timestamp{358}
[[Node 6] main]: 2026/01/24 14:13:58 {360}. Message sent to 1: {Header{Sender{node-6}, Destination{node-1}, Type{Heartbeat}, Timestamp{360}}}
[[Node 6] main]: 2026/01/24 14:13:59 {364}. Message received on dispatcher: 1, Sender{node-1}, Destination{node-6}, Type{Tree}, Timestamp{363}
[[Node 6] main]: 2026/01/24 14:14:00 {378}. Message received on dispatcher: 1, Sender{node-1}, Destination{node-6}, Type{Heartbeat}, Timestamp{377}
[[Node 6] main]: 2026/01/24 14:14:00 {379}. Message sent to 1: {Header{Sender{node-6}, Destination{node-1}, Type{Heartbeat}, Timestamp{379}}}
[[Node 6] main]: 2026/01/24 14:14:01 {383}. Message received on dispatcher: 1, Sender{node-1}, Destination{node-6}, Type{Tree}, Timestamp{382}
[[Node 6] main]: 2026/01/24 14:14:02 {397}. Message received on dispatcher: 1, Sender{node-1}, Destination{node-6}, Type{Heartbeat}, Timestamp{396}
[[Node 6] main]: 2026/01/24 14:14:02 {398}. Message sent to 1: {Header{Sender{node-6}, Destination{node-1}, Type{Heartbeat}, Timestamp{398}}}
[[Node 6] main]: 2026/01/24 14:14:03 {402}. Message received on dispatcher: 1, Sender{node-1}, Destination{node-6}, Type{Tree}, Timestamp{401}
[[Node 6] main]: 2026/01/24 14:14:04 {416}. Message received on dispatcher: 1, Sender{node-1}, Destination{node-6}, Type{Heartbeat}, Timestamp{415}
[[Node 6] main]: 2026/01/24 14:14:04 {417}. Message sent to 1: {Header{Sender{node-6}, Destination{node-1}, Type{Heartbeat}, Timestamp{417}}}
[[Node 6] main]: 2026/01/24 14:14:05 {423}. Message received on dispatcher: 1, Sender{node-1}, Destination{node-6}, Type{Tree}, Timestamp{422}
[[Node 6] main]: 2026/01/24 14:14:06 {434}. Message received on dispatcher: 1, Sender{node-1}, Destination{node-6}, Type{Heartbeat}, Timestamp{433}
[[Node 6] main]: 2026/01/24 14:14:06 {435}. Message sent to 1: {Header{Sender{node-6}, Destination{node-1}, Type{Heartbeat}, Timestamp{435}}}
[[Node 6] main]: 2026/01/24 14:14:07 {439}. Message received on dispatcher: 1, Sender{node-1}, Destination{node-6}, Type{Tree}, Timestamp{438}
[[Node 6] main]: 2026/01/24 14:14:08 {451}. Message received on dispatcher: 1, Sender{node-1}, Destination{node-6}, Type{Heartbeat}, Timestamp{450}
[[Node 6] main]: 2026/01/24 14:14:08 {452}. Message sent to 1: {Header{Sender{node-6}, Destination{node-1}, Type{Heartbeat}, Timestamp{452}}}
[[Node 6] main]: 2026/01/24 14:14:09 {456}. Message received on dispatcher: 1, Sender{node-1}, Destination{node-6}, Type{Tree}, Timestamp{455}
[[Node 6] main]: 2026/01/24 14:14:10 {470}. Message received on dispatcher: 1, Sender{node-1}, Destination{node-6}, Type{Heartbeat}, Timestamp{469}
[[Node 6] main]: 2026/01/24 14:14:10 {471}. Message sent to 1: {Header{Sender{node-6}, Destination{node-1}, Type{Heartbeat}, Timestamp{471}}}
[[Node 6] main]: 2026/01/24 14:14:11 {475}. Message received on dispatcher: 1, Sender{node-1}, Destination{node-6}, Type{Tree}, Timestamp{474}
[[Node 6] main]: 2026/01/24 14:14:12 {489}. Message received on dispatcher: 1, Sender{node-1}, Destination{node-6}, Type{Heartbeat}, Timestamp{488}
[[Node 6] main]: 2026/01/24 14:14:12 {490}. Message sent to 1: {Header{Sender{node-6}, Destination{node-1}, Type{Heartbeat}, Timestamp{490}}}
[[Node 6] main]: 2026/01/24 14:14:13 {496}. Message received on dispatcher: 1, Sender{node-1}, Destination{node-6}, Type{Tree}, Timestamp{495}
[[Node 6] main]: 2026/01/24 14:14:14 {506}. Message received on dispatcher: 1, Sender{node-1}, Destination{node-6}, Type{Heartbeat}, Timestamp{505}
[[Node 6] main]: 2026/01/24 14:14:14 {507}. Message sent to 1: {Header{Sender{node-6}, Destination{node-1}, Type{Heartbeat}, Timestamp{507}}}
[[Node 6] main]: 2026/01/24 14:14:16 {508}. Message sent to 1: {Header{Sender{node-6}, Destination{node-1}, Type{Heartbeat}, Timestamp{508}}}
[[Node 6] main]: 2026/01/24 14:14:18 {509}. Message sent to 1: {Header{Sender{node-6}, Destination{node-1}, Type{Heartbeat}, Timestamp{509}}}
