[[Node 6] tree]: 2026/01/24 14:13:37 {0}. Started tree handle
[[Node 6] tree]: 2026/01/24 14:13:40 {95}. Awaiting tree message...
[[Node 6] tree]: 2026/01/24 14:13:42 {186}. 1 My state is Idle.
[[Node 6] tree]: 2026/01/24 14:13:42 {186}. Setting up spanning tree process, im IDLE and received a message
[[Node 6] tree]: 2026/01/24 14:13:42 {186}. Root{false}, Parent{sender:1}, TreeChildren{map[]}
[[Node 6] tree]: 2026/01/24 14:13:42 {186}. Sent yes to 1. Counter = 1
[[Node 6] tree]: 2026/01/24 14:13:42 {186}. No more neighbors to await, becoming DONE. My roles: {Input}
[[Node 6] tree]: 2026/01/24 14:13:42 {186}. Telling my parent (1) I am input node
[[Node 6] tree]: 2026/01/24 14:13:42 {194}. Message from 1 received: Header{Sender{node-1}, Destination{node-6}, Type{Tree}, Timestamp{193}}, Epoch{0}, Flags{64}, Body{[50001]}
[[Node 6] tree]: 2026/01/24 14:13:42 {194}. Parent (1) said he listens on port (50001) for data plane
[[Node 6] tree]: 2026/01/24 14:13:42 {194}. Awaiting tree message...
[[Node 6] tree]: 2026/01/24 14:13:44 {215}. Message from 1 received: Header{Sender{node-1}, Destination{node-6}, Type{Tree}, Timestamp{214}}, Epoch{0}, Flags{1}, Body{[]}
[[Node 6] tree]: 2026/01/24 14:13:44 {215}. Awaiting tree message...
[[Node 6] tree]: 2026/01/24 14:13:46 {235}. Message from 1 received: Header{Sender{node-1}, Destination{node-6}, Type{Tree}, Timestamp{234}}, Epoch{1}, Flags{1}, Body{[]}
[[Node 6] tree]: 2026/01/24 14:13:46 {235}. Awaiting tree message...
[[Node 6] tree]: 2026/01/24 14:13:48 {253}. Message from 1 received: Header{Sender{node-1}, Destination{node-6}, Type{Tree}, Timestamp{252}}, Epoch{2}, Flags{1}, Body{[]}
[[Node 6] tree]: 2026/01/24 14:13:48 {253}. Awaiting tree message...
[[Node 6] tree]: 2026/01/24 14:13:50 {272}. Message from 1 received: Header{Sender{node-1}, Destination{node-6}, Type{Tree}, Timestamp{271}}, Epoch{3}, Flags{1}, Body{[]}
[[Node 6] tree]: 2026/01/24 14:13:50 {272}. Awaiting tree message...
[[Node 6] tree]: 2026/01/24 14:13:52 {289}. Message from 1 received: Header{Sender{node-1}, Destination{node-6}, Type{Tree}, Timestamp{288}}, Epoch{4}, Flags{1}, Body{[]}
[[Node 6] tree]: 2026/01/24 14:13:52 {289}. Awaiting tree message...
[[Node 6] tree]: 2026/01/24 14:13:54 {308}. Message from 1 received: Header{Sender{node-1}, Destination{node-6}, Type{Tree}, Timestamp{307}}, Epoch{5}, Flags{1}, Body{[]}
[[Node 6] tree]: 2026/01/24 14:13:54 {308}. Awaiting tree message...
[[Node 6] tree]: 2026/01/24 14:13:56 {326}. Message from 1 received: Header{Sender{node-1}, Destination{node-6}, Type{Tree}, Timestamp{325}}, Epoch{6}, Flags{1}, Body{[]}
[[Node 6] tree]: 2026/01/24 14:13:56 {326}. Awaiting tree message...
[[Node 6] tree]: 2026/01/24 14:13:58 {345}. Message from 1 received: Header{Sender{node-1}, Destination{node-6}, Type{Tree}, Timestamp{344}}, Epoch{7}, Flags{1}, Body{[]}
[[Node 6] tree]: 2026/01/24 14:13:58 {345}. Awaiting tree message...
[[Node 6] tree]: 2026/01/24 14:13:59 {364}. Message from 1 received: Header{Sender{node-1}, Destination{node-6}, Type{Tree}, Timestamp{363}}, Epoch{8}, Flags{1}, Body{[]}
[[Node 6] tree]: 2026/01/24 14:13:59 {364}. Awaiting tree message...
[[Node 6] tree]: 2026/01/24 14:14:01 {383}. Message from 1 received: Header{Sender{node-1}, Destination{node-6}, Type{Tree}, Timestamp{382}}, Epoch{9}, Flags{1}, Body{[]}
[[Node 6] tree]: 2026/01/24 14:14:01 {383}. Awaiting tree message...
[[Node 6] tree]: 2026/01/24 14:14:03 {402}. Message from 1 received: Header{Sender{node-1}, Destination{node-6}, Type{Tree}, Timestamp{401}}, Epoch{10}, Flags{1}, Body{[]}
[[Node 6] tree]: 2026/01/24 14:14:03 {402}. Awaiting tree message...
[[Node 6] tree]: 2026/01/24 14:14:05 {423}. Message from 1 received: Header{Sender{node-1}, Destination{node-6}, Type{Tree}, Timestamp{422}}, Epoch{11}, Flags{1}, Body{[]}
[[Node 6] tree]: 2026/01/24 14:14:05 {423}. Awaiting tree message...
[[Node 6] tree]: 2026/01/24 14:14:07 {439}. Message from 1 received: Header{Sender{node-1}, Destination{node-6}, Type{Tree}, Timestamp{438}}, Epoch{12}, Flags{1}, Body{[]}
[[Node 6] tree]: 2026/01/24 14:14:07 {439}. Awaiting tree message...
[[Node 6] tree]: 2026/01/24 14:14:09 {456}. Message from 1 received: Header{Sender{node-1}, Destination{node-6}, Type{Tree}, Timestamp{455}}, Epoch{13}, Flags{1}, Body{[]}
[[Node 6] tree]: 2026/01/24 14:14:09 {456}. Awaiting tree message...
[[Node 6] tree]: 2026/01/24 14:14:11 {475}. Message from 1 received: Header{Sender{node-1}, Destination{node-6}, Type{Tree}, Timestamp{474}}, Epoch{14}, Flags{1}, Body{[]}
[[Node 6] tree]: 2026/01/24 14:14:11 {475}. Awaiting tree message...
[[Node 6] tree]: 2026/01/24 14:14:13 {496}. Message from 1 received: Header{Sender{node-1}, Destination{node-6}, Type{Tree}, Timestamp{495}}, Epoch{15}, Flags{1}, Body{[]}
[[Node 6] tree]: 2026/01/24 14:14:13 {496}. Awaiting tree message...
