[[Node 1] main]: 2026/01/24 15:57:12 {0}. Configuration component correctly created: Id{1}, Ports{Control: 46001, Data: 50001}
[[Node 1] main]: 2026/01/24 15:57:12 {0}. Created context
[[Node 1] main]: 2026/01/24 15:57:12 {0}. Node is all set
[[Node 1] main]: 2026/01/24 15:57:12 {0}. Node booting up...
[[Node 1] main]: 2026/01/24 15:57:12 {0}. Node's goroutine started correctly
[[Node 1] main]: 2026/01/24 15:57:12 {0}. Started input dispatcher. Awaiting messages...
[[Node 1] main]: 2026/01/24 15:57:12 {0}. Started output dispatcher. Awaiting messages to send...
[[Node 1] main]: 2026/01/24 15:57:12 {6}. Message received on dispatcher: 2, Sender{node-2}, Destination{node-1}, Type{Topology}, Timestamp{5}
[[Node 1] main]: 2026/01/24 15:57:12 {7}. Message sent to 2: Header{Sender{node-1}, Destination{node-2}, Type{Topology}, Timestamp{7}}, Address{{172.21.196.252 46001}}, Flags{3}
[[Node 1] main]: 2026/01/24 15:57:12 {10}. Message received on dispatcher: 2, Sender{node-2}, Destination{node-1}, Type{Topology}, Timestamp{9}
[[Node 1] main]: 2026/01/24 15:57:12 {13}. Message sent to 2: Header{Sender{node-1}, Destination{node-2}, Type{Election}, Timestamp{13}}, MessageType{0}, ElectionID{}, Round{0}, Body{[11-1]}
[[Node 1] main]: 2026/01/24 15:57:12 {14}. Message sent to 2: Header{Sender{node-1}, Destination{node-2}, Type{Election}, Timestamp{14}}, MessageType{1}, ElectionID{11-1}, Round{0}, Body{[1]}
[[Node 1] main]: 2026/01/24 15:57:14 {19}. Message received on dispatcher: 2, Sender{node-2}, Destination{node-1}, Type{Heartbeat}, Timestamp{18}
[[Node 1] main]: 2026/01/24 15:57:14 {20}. Message sent to 2: {Header{Sender{node-1}, Destination{node-2}, Type{Heartbeat}, Timestamp{20}}}
[[Node 1] main]: 2026/01/24 15:57:15 {24}. Message received on dispatcher: 2, Sender{node-2}, Destination{node-1}, Type{Election}, Timestamp{23}
[[Node 1] main]: 2026/01/24 15:57:15 {25}. Message sent to 2: Header{Sender{node-1}, Destination{node-2}, Type{Election}, Timestamp{25}}, MessageType{3}, ElectionID{11-1}, Round{1}, Body{[1 Q 0]}
[[Node 1] main]: 2026/01/24 15:57:15 {28}. Message received on dispatcher: 2, Sender{node-2}, Destination{node-1}, Type{Election}, Timestamp{27}
[[Node 1] main]: 2026/01/24 15:57:15 {29}. Message received on dispatcher: 2, Sender{node-2}, Destination{node-1}, Type{Tree}, Timestamp{28}
[[Node 1] main]: 2026/01/24 15:57:15 {30}. Message sent to 2: Header{Sender{node-1}, Destination{node-2}, Type{Tree}, Timestamp{30}}, Epoch{0}, Flags{64}, Body{[50001]}
[[Node 1] main]: 2026/01/24 15:57:15 {30}. Registering callback for 1
[[Node 1] main]: 2026/01/24 15:57:15 {30}. Registering callback for 2
[[Node 1] main]: 2026/01/24 15:57:15 {30}. Registering callback for 4
[[Node 1] main]: 2026/01/24 15:57:15 {30}. Registering callback for 5
[[Node 1] main]: 2026/01/24 15:57:15 {30}. Registering callback for 3
[[Node 1] main]: 2026/01/24 15:57:15 {30}. Registering callback for 12
[[Node 1] main]: 2026/01/24 15:57:15 {30}. Registering callback for 14
[[Node 1] main]: 2026/01/24 15:57:15 {30}. Registering callback for 13
[[Node 1] main]: 2026/01/24 15:57:15 {30}. Registering callback for 15
[[Node 1] main]: 2026/01/24 15:57:15 {30}. Registering callback for 6
[[Node 1] main]: 2026/01/24 15:57:15 {30}. Registering callback for 7
[[Node 1] main]: 2026/01/24 15:57:15 {30}. Registering callback for 10
[[Node 1] main]: 2026/01/24 15:57:15 {30}. Registering callback for 11
[[Node 1] main]: 2026/01/24 15:57:15 {30}. Registering callback for 9
[[Node 1] main]: 2026/01/24 15:57:15 {30}. Registering callback for 8
[[Node 1] main]: 2026/01/24 15:57:15 {30}. Registering snapshot callback
[[Node 1] main]: 2026/01/24 15:57:15 {30}. Done registering
[[Node 1] main]: 2026/01/24 15:57:16 {35}. Message received on dispatcher: 2, Sender{node-2}, Destination{node-1}, Type{Heartbeat}, Timestamp{34}
[[Node 1] main]: 2026/01/24 15:57:16 {36}. Message sent to 2: {Header{Sender{node-1}, Destination{node-2}, Type{Heartbeat}, Timestamp{36}}}
[[Node 1] main]: 2026/01/24 15:57:17 {37}. Message sent to 2: Header{Sender{node-1}, Destination{node-2}, Type{Tree}, Timestamp{37}}, Epoch{0}, Flags{1}, Body{[]}
[[Node 1] main]: 2026/01/24 15:57:18 {40}. Message received on dispatcher: 2, Sender{node-2}, Destination{node-1}, Type{Heartbeat}, Timestamp{39}
[[Node 1] main]: 2026/01/24 15:57:18 {41}. Message sent to 2: {Header{Sender{node-1}, Destination{node-2}, Type{Heartbeat}, Timestamp{41}}}
[[Node 1] main]: 2026/01/24 15:57:19 {42}. Message sent to 2: Header{Sender{node-1}, Destination{node-2}, Type{Tree}, Timestamp{42}}, Epoch{1}, Flags{1}, Body{[]}
[[Node 1] main]: 2026/01/24 15:57:20 {47}. Message received on dispatcher: 2, Sender{node-2}, Destination{node-1}, Type{Heartbeat}, Timestamp{46}
[[Node 1] main]: 2026/01/24 15:57:20 {48}. Message sent to 2: {Header{Sender{node-1}, Destination{node-2}, Type{Heartbeat}, Timestamp{48}}}
[[Node 1] main]: 2026/01/24 15:57:21 {49}. Message sent to 2: Header{Sender{node-1}, Destination{node-2}, Type{Tree}, Timestamp{49}}, Epoch{2}, Flags{1}, Body{[]}
[[Node 1] main]: 2026/01/24 15:57:22 {52}. Message received on dispatcher: 2, Sender{node-2}, Destination{node-1}, Type{Heartbeat}, Timestamp{51}
[[Node 1] main]: 2026/01/24 15:57:22 {53}. Message sent to 2: {Header{Sender{node-1}, Destination{node-2}, Type{Heartbeat}, Timestamp{53}}}
[[Node 1] main]: 2026/01/24 15:57:23 {54}. Message sent to 2: Header{Sender{node-1}, Destination{node-2}, Type{Tree}, Timestamp{54}}, Epoch{3}, Flags{1}, Body{[]}
[[Node 1] main]: 2026/01/24 15:57:24 {57}. Message received on dispatcher: 2, Sender{node-2}, Destination{node-1}, Type{Heartbeat}, Timestamp{56}
[[Node 1] main]: 2026/01/24 15:57:24 {58}. Message sent to 2: {Header{Sender{node-1}, Destination{node-2}, Type{Heartbeat}, Timestamp{58}}}
[[Node 1] main]: 2026/01/24 15:57:25 {59}. Message sent to 2: Header{Sender{node-1}, Destination{node-2}, Type{Tree}, Timestamp{59}}, Epoch{4}, Flags{1}, Body{[]}
[[Node 1] main]: 2026/01/24 15:57:26 {62}. Message received on dispatcher: 2, Sender{node-2}, Destination{node-1}, Type{Heartbeat}, Timestamp{61}
[[Node 1] main]: 2026/01/24 15:57:26 {63}. Message sent to 2: {Header{Sender{node-1}, Destination{node-2}, Type{Heartbeat}, Timestamp{63}}}
[[Node 1] main]: 2026/01/24 15:57:27 {64}. Message sent to 2: Header{Sender{node-1}, Destination{node-2}, Type{Tree}, Timestamp{64}}, Epoch{5}, Flags{1}, Body{[]}
[[Node 1] main]: 2026/01/24 15:57:28 {69}. Message received on dispatcher: 2, Sender{node-2}, Destination{node-1}, Type{Heartbeat}, Timestamp{68}
[[Node 1] main]: 2026/01/24 15:57:28 {70}. Message sent to 2: {Header{Sender{node-1}, Destination{node-2}, Type{Heartbeat}, Timestamp{70}}}
[[Node 1] main]: 2026/01/24 15:57:29 {71}. Message sent to 2: Header{Sender{node-1}, Destination{node-2}, Type{Tree}, Timestamp{71}}, Epoch{6}, Flags{1}, Body{[]}
[[Node 1] main]: 2026/01/24 15:57:30 {74}. Message received on dispatcher: 2, Sender{node-2}, Destination{node-1}, Type{Heartbeat}, Timestamp{73}
[[Node 1] main]: 2026/01/24 15:57:30 {75}. Message sent to 2: {Header{Sender{node-1}, Destination{node-2}, Type{Heartbeat}, Timestamp{75}}}
[[Node 1] main]: 2026/01/24 15:57:31 {76}. Message sent to 2: Header{Sender{node-1}, Destination{node-2}, Type{Tree}, Timestamp{76}}, Epoch{7}, Flags{1}, Body{[]}
[[Node 1] main]: 2026/01/24 15:57:32 {79}. Message received on dispatcher: 2, Sender{node-2}, Destination{node-1}, Type{Heartbeat}, Timestamp{78}
[[Node 1] main]: 2026/01/24 15:57:32 {80}. Message sent to 2: {Header{Sender{node-1}, Destination{node-2}, Type{Heartbeat}, Timestamp{80}}}
[[Node 1] main]: 2026/01/24 15:57:33 {81}. Message sent to 2: Header{Sender{node-1}, Destination{node-2}, Type{Tree}, Timestamp{81}}, Epoch{8}, Flags{1}, Body{[]}
[[Node 1] main]: 2026/01/24 15:57:34 {84}. Message received on dispatcher: 2, Sender{node-2}, Destination{node-1}, Type{Heartbeat}, Timestamp{83}
[[Node 1] main]: 2026/01/24 15:57:34 {85}. Message sent to 2: {Header{Sender{node-1}, Destination{node-2}, Type{Heartbeat}, Timestamp{85}}}
[[Node 1] main]: 2026/01/24 15:57:35 {86}. Message sent to 2: Header{Sender{node-1}, Destination{node-2}, Type{Tree}, Timestamp{86}}, Epoch{9}, Flags{1}, Body{[]}
[[Node 1] main]: 2026/01/24 15:57:36 {89}. Message received on dispatcher: 2, Sender{node-2}, Destination{node-1}, Type{Heartbeat}, Timestamp{88}
[[Node 1] main]: 2026/01/24 15:57:36 {90}. Message sent to 2: {Header{Sender{node-1}, Destination{node-2}, Type{Heartbeat}, Timestamp{90}}}
[[Node 1] main]: 2026/01/24 15:57:37 {91}. Message sent to 2: Header{Sender{node-1}, Destination{node-2}, Type{Tree}, Timestamp{91}}, Epoch{10}, Flags{1}, Body{[]}
[[Node 1] main]: 2026/01/24 15:57:38 {94}. Message received on dispatcher: 2, Sender{node-2}, Destination{node-1}, Type{Heartbeat}, Timestamp{93}
[[Node 1] main]: 2026/01/24 15:57:38 {95}. Message sent to 2: {Header{Sender{node-1}, Destination{node-2}, Type{Heartbeat}, Timestamp{95}}}
[[Node 1] main]: 2026/01/24 15:57:39 {96}. Message sent to 2: Header{Sender{node-1}, Destination{node-2}, Type{Tree}, Timestamp{96}}, Epoch{11}, Flags{1}, Body{[]}
[[Node 1] main]: 2026/01/24 15:57:40 {99}. Message received on dispatcher: 2, Sender{node-2}, Destination{node-1}, Type{Heartbeat}, Timestamp{98}
[[Node 1] main]: 2026/01/24 15:57:40 {100}. Message sent to 2: {Header{Sender{node-1}, Destination{node-2}, Type{Heartbeat}, Timestamp{100}}}
[[Node 1] main]: 2026/01/24 15:57:41 {101}. Message sent to 2: Header{Sender{node-1}, Destination{node-2}, Type{Tree}, Timestamp{101}}, Epoch{12}, Flags{1}, Body{[]}
[[Node 1] main]: 2026/01/24 15:57:42 {104}. Message received on dispatcher: 2, Sender{node-2}, Destination{node-1}, Type{Heartbeat}, Timestamp{103}
[[Node 1] main]: 2026/01/24 15:57:42 {105}. Message sent to 2: {Header{Sender{node-1}, Destination{node-2}, Type{Heartbeat}, Timestamp{105}}}
[[Node 1] main]: 2026/01/24 15:57:43 {106}. Message sent to 2: Header{Sender{node-1}, Destination{node-2}, Type{Tree}, Timestamp{106}}, Epoch{13}, Flags{1}, Body{[]}
[[Node 1] main]: 2026/01/24 15:57:44 {111}. Message received on dispatcher: 2, Sender{node-2}, Destination{node-1}, Type{Heartbeat}, Timestamp{110}
[[Node 1] main]: 2026/01/24 15:57:44 {112}. Message sent to 2: {Header{Sender{node-1}, Destination{node-2}, Type{Heartbeat}, Timestamp{112}}}
[[Node 1] main]: 2026/01/24 15:57:45 {113}. Message sent to 2: Header{Sender{node-1}, Destination{node-2}, Type{Tree}, Timestamp{113}}, Epoch{14}, Flags{1}, Body{[]}
[[Node 1] main]: 2026/01/24 15:57:46 {116}. Message received on dispatcher: 2, Sender{node-2}, Destination{node-1}, Type{Heartbeat}, Timestamp{115}
[[Node 1] main]: 2026/01/24 15:57:46 {117}. Message sent to 2: {Header{Sender{node-1}, Destination{node-2}, Type{Heartbeat}, Timestamp{117}}}
[[Node 1] main]: 2026/01/24 15:57:47 {118}. Message sent to 2: Header{Sender{node-1}, Destination{node-2}, Type{Tree}, Timestamp{118}}, Epoch{15}, Flags{1}, Body{[]}
[[Node 1] main]: 2026/01/24 15:57:48 {121}. Message received on dispatcher: 2, Sender{node-2}, Destination{node-1}, Type{Heartbeat}, Timestamp{120}
[[Node 1] main]: 2026/01/24 15:57:48 {122}. Message sent to 2: {Header{Sender{node-1}, Destination{node-2}, Type{Heartbeat}, Timestamp{122}}}
[[Node 1] main]: 2026/01/24 15:57:49 {123}. Message sent to 2: Header{Sender{node-1}, Destination{node-2}, Type{Tree}, Timestamp{123}}, Epoch{16}, Flags{1}, Body{[]}
[[Node 1] main]: 2026/01/24 15:57:50 {126}. Message received on dispatcher: 2, Sender{node-2}, Destination{node-1}, Type{Heartbeat}, Timestamp{125}
[[Node 1] main]: 2026/01/24 15:57:50 {127}. Message sent to 2: {Header{Sender{node-1}, Destination{node-2}, Type{Heartbeat}, Timestamp{127}}}
[[Node 1] main]: 2026/01/24 15:57:51 {128}. Message sent to 2: Header{Sender{node-1}, Destination{node-2}, Type{Tree}, Timestamp{128}}, Epoch{17}, Flags{1}, Body{[]}
[[Node 1] main]: 2026/01/24 15:57:52 {131}. Message received on dispatcher: 2, Sender{node-2}, Destination{node-1}, Type{Heartbeat}, Timestamp{130}
[[Node 1] main]: 2026/01/24 15:57:52 {132}. Message sent to 2: {Header{Sender{node-1}, Destination{node-2}, Type{Heartbeat}, Timestamp{132}}}
[[Node 1] main]: 2026/01/24 15:57:53 {133}. Message sent to 2: Header{Sender{node-1}, Destination{node-2}, Type{Tree}, Timestamp{133}}, Epoch{18}, Flags{1}, Body{[]}
[[Node 1] main]: 2026/01/24 15:57:54 {136}. Message received on dispatcher: 2, Sender{node-2}, Destination{node-1}, Type{Heartbeat}, Timestamp{135}
[[Node 1] main]: 2026/01/24 15:57:54 {137}. Message sent to 2: {Header{Sender{node-1}, Destination{node-2}, Type{Heartbeat}, Timestamp{137}}}
[[Node 1] main]: 2026/01/24 15:57:55 {138}. Message sent to 2: Header{Sender{node-1}, Destination{node-2}, Type{Tree}, Timestamp{138}}, Epoch{19}, Flags{1}, Body{[]}
[[Node 1] main]: 2026/01/24 15:57:56 {141}. Message received on dispatcher: 2, Sender{node-2}, Destination{node-1}, Type{Heartbeat}, Timestamp{140}
[[Node 1] main]: 2026/01/24 15:57:56 {142}. Message sent to 2: {Header{Sender{node-1}, Destination{node-2}, Type{Heartbeat}, Timestamp{142}}}
[[Node 1] main]: 2026/01/24 15:57:57 {143}. Message sent to 2: Header{Sender{node-1}, Destination{node-2}, Type{Tree}, Timestamp{143}}, Epoch{20}, Flags{1}, Body{[]}
[[Node 1] main]: 2026/01/24 15:57:58 {146}. Message received on dispatcher: 2, Sender{node-2}, Destination{node-1}, Type{Heartbeat}, Timestamp{145}
[[Node 1] main]: 2026/01/24 15:57:58 {147}. Message sent to 2: {Header{Sender{node-1}, Destination{node-2}, Type{Heartbeat}, Timestamp{147}}}
[[Node 1] main]: 2026/01/24 15:57:59 {148}. Message sent to 2: Header{Sender{node-1}, Destination{node-2}, Type{Tree}, Timestamp{148}}, Epoch{21}, Flags{1}, Body{[]}
[[Node 1] main]: 2026/01/24 15:58:00 {153}. Message received on dispatcher: 2, Sender{node-2}, Destination{node-1}, Type{Heartbeat}, Timestamp{152}
[[Node 1] main]: 2026/01/24 15:58:00 {154}. Message sent to 2: {Header{Sender{node-1}, Destination{node-2}, Type{Heartbeat}, Timestamp{154}}}
[[Node 1] main]: 2026/01/24 15:58:01 {155}. Message sent to 2: Header{Sender{node-1}, Destination{node-2}, Type{Tree}, Timestamp{155}}, Epoch{22}, Flags{1}, Body{[]}
[[Node 1] main]: 2026/01/24 15:58:02 {158}. Message received on dispatcher: 2, Sender{node-2}, Destination{node-1}, Type{Heartbeat}, Timestamp{157}
[[Node 1] main]: 2026/01/24 15:58:02 {159}. Message sent to 2: {Header{Sender{node-1}, Destination{node-2}, Type{Heartbeat}, Timestamp{159}}}
[[Node 1] main]: 2026/01/24 15:58:03 {160}. Message sent to 2: Header{Sender{node-1}, Destination{node-2}, Type{Tree}, Timestamp{160}}, Epoch{23}, Flags{1}, Body{[]}
[[Node 1] main]: 2026/01/24 15:58:04 {163}. Message received on dispatcher: 2, Sender{node-2}, Destination{node-1}, Type{Heartbeat}, Timestamp{162}
[[Node 1] main]: 2026/01/24 15:58:04 {164}. Message sent to 2: {Header{Sender{node-1}, Destination{node-2}, Type{Heartbeat}, Timestamp{164}}}
[[Node 1] main]: 2026/01/24 15:58:05 {165}. Message sent to 2: Header{Sender{node-1}, Destination{node-2}, Type{Tree}, Timestamp{165}}, Epoch{24}, Flags{1}, Body{[]}
[[Node 1] main]: 2026/01/24 15:58:06 {168}. Message received on dispatcher: 2, Sender{node-2}, Destination{node-1}, Type{Heartbeat}, Timestamp{167}
[[Node 1] main]: 2026/01/24 15:58:06 {169}. Message sent to 2: {Header{Sender{node-1}, Destination{node-2}, Type{Heartbeat}, Timestamp{169}}}
[[Node 1] main]: 2026/01/24 15:58:07 {170}. Message sent to 2: Header{Sender{node-1}, Destination{node-2}, Type{Tree}, Timestamp{170}}, Epoch{25}, Flags{1}, Body{[]}
[[Node 1] main]: 2026/01/24 15:58:08 {173}. Message received on dispatcher: 2, Sender{node-2}, Destination{node-1}, Type{Heartbeat}, Timestamp{172}
[[Node 1] main]: 2026/01/24 15:58:08 {174}. Message sent to 2: {Header{Sender{node-1}, Destination{node-2}, Type{Heartbeat}, Timestamp{174}}}
[[Node 1] main]: 2026/01/24 15:58:09 {175}. Message sent to 2: Header{Sender{node-1}, Destination{node-2}, Type{Tree}, Timestamp{175}}, Epoch{26}, Flags{1}, Body{[]}
[[Node 1] main]: 2026/01/24 15:58:10 {178}. Message received on dispatcher: 2, Sender{node-2}, Destination{node-1}, Type{Heartbeat}, Timestamp{177}
[[Node 1] main]: 2026/01/24 15:58:10 {179}. Message sent to 2: {Header{Sender{node-1}, Destination{node-2}, Type{Heartbeat}, Timestamp{179}}}
[[Node 1] main]: 2026/01/24 15:58:11 {180}. Message sent to 2: Header{Sender{node-1}, Destination{node-2}, Type{Tree}, Timestamp{180}}, Epoch{27}, Flags{1}, Body{[]}
[[Node 1] main]: 2026/01/24 15:58:12 {183}. Message received on dispatcher: 2, Sender{node-2}, Destination{node-1}, Type{Heartbeat}, Timestamp{182}
[[Node 1] main]: 2026/01/24 15:58:12 {184}. Message sent to 2: {Header{Sender{node-1}, Destination{node-2}, Type{Heartbeat}, Timestamp{184}}}
[[Node 1] main]: 2026/01/24 15:58:13 {185}. Message sent to 2: Header{Sender{node-1}, Destination{node-2}, Type{Tree}, Timestamp{185}}, Epoch{28}, Flags{1}, Body{[]}
[[Node 1] main]: 2026/01/24 15:58:14 {188}. Message received on dispatcher: 2, Sender{node-2}, Destination{node-1}, Type{Heartbeat}, Timestamp{187}
[[Node 1] main]: 2026/01/24 15:58:14 {189}. Message sent to 2: {Header{Sender{node-1}, Destination{node-2}, Type{Heartbeat}, Timestamp{189}}}
[[Node 1] main]: 2026/01/24 15:58:15 {190}. Message sent to 2: Header{Sender{node-1}, Destination{node-2}, Type{Tree}, Timestamp{190}}, Epoch{29}, Flags{1}, Body{[]}
[[Node 1] main]: 2026/01/24 15:58:16 {195}. Message received on dispatcher: 2, Sender{node-2}, Destination{node-1}, Type{Heartbeat}, Timestamp{194}
[[Node 1] main]: 2026/01/24 15:58:16 {196}. Message sent to 2: {Header{Sender{node-1}, Destination{node-2}, Type{Heartbeat}, Timestamp{196}}}
[[Node 1] main]: 2026/01/24 15:58:17 {197}. Message sent to 2: Header{Sender{node-1}, Destination{node-2}, Type{Tree}, Timestamp{197}}, Epoch{30}, Flags{1}, Body{[]}
[[Node 1] main]: 2026/01/24 15:58:18 {200}. Message received on dispatcher: 2, Sender{node-2}, Destination{node-1}, Type{Heartbeat}, Timestamp{199}
[[Node 1] main]: 2026/01/24 15:58:18 {201}. Message sent to 2: {Header{Sender{node-1}, Destination{node-2}, Type{Heartbeat}, Timestamp{201}}}
[[Node 1] main]: 2026/01/24 15:58:19 {202}. Message sent to 2: Header{Sender{node-1}, Destination{node-2}, Type{Tree}, Timestamp{202}}, Epoch{31}, Flags{1}, Body{[]}
[[Node 1] main]: 2026/01/24 15:58:20 {205}. Message received on dispatcher: 2, Sender{node-2}, Destination{node-1}, Type{Heartbeat}, Timestamp{204}
[[Node 1] main]: 2026/01/24 15:58:20 {206}. Message sent to 2: {Header{Sender{node-1}, Destination{node-2}, Type{Heartbeat}, Timestamp{206}}}
[[Node 1] main]: 2026/01/24 15:58:21 {207}. Message sent to 2: Header{Sender{node-1}, Destination{node-2}, Type{Tree}, Timestamp{207}}, Epoch{32}, Flags{1}, Body{[]}
[[Node 1] main]: 2026/01/24 15:58:22 {210}. Message received on dispatcher: 2, Sender{node-2}, Destination{node-1}, Type{Heartbeat}, Timestamp{209}
[[Node 1] main]: 2026/01/24 15:58:22 {211}. Message sent to 2: {Header{Sender{node-1}, Destination{node-2}, Type{Heartbeat}, Timestamp{211}}}
[[Node 1] main]: 2026/01/24 15:58:23 {212}. Message sent to 2: Header{Sender{node-1}, Destination{node-2}, Type{Tree}, Timestamp{212}}, Epoch{33}, Flags{1}, Body{[]}
[[Node 1] main]: 2026/01/24 15:58:24 {215}. Message received on dispatcher: 2, Sender{node-2}, Destination{node-1}, Type{Heartbeat}, Timestamp{214}
[[Node 1] main]: 2026/01/24 15:58:24 {216}. Message sent to 2: {Header{Sender{node-1}, Destination{node-2}, Type{Heartbeat}, Timestamp{216}}}
[[Node 1] main]: 2026/01/24 15:58:25 {217}. Message sent to 2: Header{Sender{node-1}, Destination{node-2}, Type{Tree}, Timestamp{217}}, Epoch{34}, Flags{1}, Body{[]}
[[Node 1] main]: 2026/01/24 15:58:26 {220}. Message received on dispatcher: 2, Sender{node-2}, Destination{node-1}, Type{Heartbeat}, Timestamp{219}
[[Node 1] main]: 2026/01/24 15:58:26 {221}. Message sent to 2: {Header{Sender{node-1}, Destination{node-2}, Type{Heartbeat}, Timestamp{221}}}
[[Node 1] main]: 2026/01/24 15:58:27 {222}. Message sent to 2: Header{Sender{node-1}, Destination{node-2}, Type{Tree}, Timestamp{222}}, Epoch{35}, Flags{1}, Body{[]}
[[Node 1] main]: 2026/01/24 15:58:28 {225}. Message received on dispatcher: 2, Sender{node-2}, Destination{node-1}, Type{Heartbeat}, Timestamp{224}
[[Node 1] main]: 2026/01/24 15:58:28 {226}. Message sent to 2: {Header{Sender{node-1}, Destination{node-2}, Type{Heartbeat}, Timestamp{226}}}
[[Node 1] main]: 2026/01/24 15:58:29 {227}. Message sent to 2: Header{Sender{node-1}, Destination{node-2}, Type{Tree}, Timestamp{227}}, Epoch{36}, Flags{1}, Body{[]}
[[Node 1] main]: 2026/01/24 15:58:30 {230}. Message received on dispatcher: 2, Sender{node-2}, Destination{node-1}, Type{Heartbeat}, Timestamp{229}
[[Node 1] main]: 2026/01/24 15:58:30 {231}. Message sent to 2: {Header{Sender{node-1}, Destination{node-2}, Type{Heartbeat}, Timestamp{231}}}
[[Node 1] main]: 2026/01/24 15:58:31 {232}. Message sent to 2: Header{Sender{node-1}, Destination{node-2}, Type{Tree}, Timestamp{232}}, Epoch{37}, Flags{1}, Body{[]}
[[Node 1] main]: 2026/01/24 15:58:32 {237}. Message received on dispatcher: 2, Sender{node-2}, Destination{node-1}, Type{Heartbeat}, Timestamp{236}
[[Node 1] main]: 2026/01/24 15:58:32 {238}. Message sent to 2: {Header{Sender{node-1}, Destination{node-2}, Type{Heartbeat}, Timestamp{238}}}
[[Node 1] main]: 2026/01/24 15:58:33 {239}. Message sent to 2: Header{Sender{node-1}, Destination{node-2}, Type{Tree}, Timestamp{239}}, Epoch{38}, Flags{1}, Body{[]}
[[Node 1] main]: 2026/01/24 15:58:34 {242}. Message received on dispatcher: 2, Sender{node-2}, Destination{node-1}, Type{Heartbeat}, Timestamp{241}
[[Node 1] main]: 2026/01/24 15:58:34 {243}. Message sent to 2: {Header{Sender{node-1}, Destination{node-2}, Type{Heartbeat}, Timestamp{243}}}
[[Node 1] main]: 2026/01/24 15:58:35 {244}. Message sent to 2: Header{Sender{node-1}, Destination{node-2}, Type{Tree}, Timestamp{244}}, Epoch{39}, Flags{1}, Body{[]}
[[Node 1] main]: 2026/01/24 15:58:36 {247}. Message received on dispatcher: 2, Sender{node-2}, Destination{node-1}, Type{Heartbeat}, Timestamp{246}
[[Node 1] main]: 2026/01/24 15:58:36 {248}. Message sent to 2: {Header{Sender{node-1}, Destination{node-2}, Type{Heartbeat}, Timestamp{248}}}
[[Node 1] main]: 2026/01/24 15:58:37 {249}. Message sent to 2: Header{Sender{node-1}, Destination{node-2}, Type{Tree}, Timestamp{249}}, Epoch{40}, Flags{1}, Body{[]}
[[Node 1] main]: 2026/01/24 15:58:38 {252}. Message received on dispatcher: 2, Sender{node-2}, Destination{node-1}, Type{Heartbeat}, Timestamp{251}
[[Node 1] main]: 2026/01/24 15:58:38 {253}. Message sent to 2: {Header{Sender{node-1}, Destination{node-2}, Type{Heartbeat}, Timestamp{253}}}
[[Node 1] main]: 2026/01/24 15:58:39 {254}. Message sent to 2: Header{Sender{node-1}, Destination{node-2}, Type{Tree}, Timestamp{254}}, Epoch{41}, Flags{1}, Body{[]}
[[Node 1] main]: 2026/01/24 15:58:40 {257}. Message received on dispatcher: 2, Sender{node-2}, Destination{node-1}, Type{Heartbeat}, Timestamp{256}
[[Node 1] main]: 2026/01/24 15:58:40 {258}. Message sent to 2: {Header{Sender{node-1}, Destination{node-2}, Type{Heartbeat}, Timestamp{258}}}
[[Node 1] main]: 2026/01/24 15:58:41 {259}. Message sent to 2: Header{Sender{node-1}, Destination{node-2}, Type{Tree}, Timestamp{259}}, Epoch{42}, Flags{1}, Body{[]}
[[Node 1] main]: 2026/01/24 15:58:42 {262}. Message received on dispatcher: 2, Sender{node-2}, Destination{node-1}, Type{Heartbeat}, Timestamp{261}
[[Node 1] main]: 2026/01/24 15:58:42 {263}. Message sent to 2: {Header{Sender{node-1}, Destination{node-2}, Type{Heartbeat}, Timestamp{263}}}
[[Node 1] main]: 2026/01/24 15:58:43 {264}. Message sent to 2: Header{Sender{node-1}, Destination{node-2}, Type{Tree}, Timestamp{264}}, Epoch{43}, Flags{1}, Body{[]}
[[Node 1] main]: 2026/01/24 15:58:44 {267}. Message received on dispatcher: 2, Sender{node-2}, Destination{node-1}, Type{Heartbeat}, Timestamp{266}
[[Node 1] main]: 2026/01/24 15:58:44 {268}. Message sent to 2: {Header{Sender{node-1}, Destination{node-2}, Type{Heartbeat}, Timestamp{268}}}
[[Node 1] main]: 2026/01/24 15:58:45 {269}. Message sent to 2: Header{Sender{node-1}, Destination{node-2}, Type{Tree}, Timestamp{269}}, Epoch{44}, Flags{1}, Body{[]}
[[Node 1] main]: 2026/01/24 15:58:46 {272}. Message received on dispatcher: 2, Sender{node-2}, Destination{node-1}, Type{Heartbeat}, Timestamp{271}
[[Node 1] main]: 2026/01/24 15:58:46 {273}. Message sent to 2: {Header{Sender{node-1}, Destination{node-2}, Type{Heartbeat}, Timestamp{273}}}
[[Node 1] main]: 2026/01/24 15:58:47 {274}. Message sent to 2: Header{Sender{node-1}, Destination{node-2}, Type{Tree}, Timestamp{274}}, Epoch{45}, Flags{1}, Body{[]}
[[Node 1] main]: 2026/01/24 15:58:48 {279}. Message received on dispatcher: 2, Sender{node-2}, Destination{node-1}, Type{Heartbeat}, Timestamp{278}
[[Node 1] main]: 2026/01/24 15:58:48 {280}. Message sent to 2: {Header{Sender{node-1}, Destination{node-2}, Type{Heartbeat}, Timestamp{280}}}
[[Node 1] main]: 2026/01/24 15:58:49 {281}. Message sent to 2: Header{Sender{node-1}, Destination{node-2}, Type{Tree}, Timestamp{281}}, Epoch{46}, Flags{1}, Body{[]}
[[Node 1] main]: 2026/01/24 15:58:50 {284}. Message received on dispatcher: 2, Sender{node-2}, Destination{node-1}, Type{Heartbeat}, Timestamp{283}
[[Node 1] main]: 2026/01/24 15:58:50 {285}. Message sent to 2: {Header{Sender{node-1}, Destination{node-2}, Type{Heartbeat}, Timestamp{285}}}
[[Node 1] main]: 2026/01/24 15:58:51 {286}. Message sent to 2: Header{Sender{node-1}, Destination{node-2}, Type{Tree}, Timestamp{286}}, Epoch{47}, Flags{1}, Body{[]}
[[Node 1] main]: 2026/01/24 15:58:52 {289}. Message received on dispatcher: 2, Sender{node-2}, Destination{node-1}, Type{Heartbeat}, Timestamp{288}
[[Node 1] main]: 2026/01/24 15:58:52 {290}. Message sent to 2: {Header{Sender{node-1}, Destination{node-2}, Type{Heartbeat}, Timestamp{290}}}
[[Node 1] main]: 2026/01/24 15:58:53 {291}. Message sent to 2: Header{Sender{node-1}, Destination{node-2}, Type{Tree}, Timestamp{291}}, Epoch{48}, Flags{1}, Body{[]}
[[Node 1] main]: 2026/01/24 15:58:54 {294}. Message received on dispatcher: 2, Sender{node-2}, Destination{node-1}, Type{Heartbeat}, Timestamp{293}
[[Node 1] main]: 2026/01/24 15:58:54 {295}. Message sent to 2: {Header{Sender{node-1}, Destination{node-2}, Type{Heartbeat}, Timestamp{295}}}
[[Node 1] main]: 2026/01/24 15:58:55 {296}. Message sent to 2: Header{Sender{node-1}, Destination{node-2}, Type{Tree}, Timestamp{296}}, Epoch{49}, Flags{1}, Body{[]}
[[Node 1] main]: 2026/01/24 15:58:56 {299}. Message received on dispatcher: 2, Sender{node-2}, Destination{node-1}, Type{Heartbeat}, Timestamp{298}
[[Node 1] main]: 2026/01/24 15:58:56 {300}. Message sent to 2: {Header{Sender{node-1}, Destination{node-2}, Type{Heartbeat}, Timestamp{300}}}
[[Node 1] main]: 2026/01/24 15:58:57 {301}. Message sent to 2: Header{Sender{node-1}, Destination{node-2}, Type{Tree}, Timestamp{301}}, Epoch{50}, Flags{1}, Body{[]}
[[Node 1] main]: 2026/01/24 15:58:58 {304}. Message received on dispatcher: 2, Sender{node-2}, Destination{node-1}, Type{Heartbeat}, Timestamp{303}
[[Node 1] main]: 2026/01/24 15:58:58 {305}. Message sent to 2: {Header{Sender{node-1}, Destination{node-2}, Type{Heartbeat}, Timestamp{305}}}
[[Node 1] main]: 2026/01/24 15:58:59 {306}. Message sent to 2: Header{Sender{node-1}, Destination{node-2}, Type{Tree}, Timestamp{306}}, Epoch{51}, Flags{1}, Body{[]}
[[Node 1] main]: 2026/01/24 15:59:00 {309}. Message received on dispatcher: 2, Sender{node-2}, Destination{node-1}, Type{Heartbeat}, Timestamp{308}
[[Node 1] main]: 2026/01/24 15:59:00 {310}. Message sent to 2: {Header{Sender{node-1}, Destination{node-2}, Type{Heartbeat}, Timestamp{310}}}
[[Node 1] main]: 2026/01/24 15:59:01 {311}. Message sent to 2: Header{Sender{node-1}, Destination{node-2}, Type{Tree}, Timestamp{311}}, Epoch{52}, Flags{1}, Body{[]}
[[Node 1] main]: 2026/01/24 15:59:02 {314}. Message received on dispatcher: 2, Sender{node-2}, Destination{node-1}, Type{Heartbeat}, Timestamp{313}
[[Node 1] main]: 2026/01/24 15:59:02 {315}. Message sent to 2: {Header{Sender{node-1}, Destination{node-2}, Type{Heartbeat}, Timestamp{315}}}
[[Node 1] main]: 2026/01/24 15:59:03 {316}. Message sent to 2: Header{Sender{node-1}, Destination{node-2}, Type{Tree}, Timestamp{316}}, Epoch{53}, Flags{1}, Body{[]}
[[Node 1] main]: 2026/01/24 15:59:04 {321}. Message received on dispatcher: 2, Sender{node-2}, Destination{node-1}, Type{Heartbeat}, Timestamp{320}
[[Node 1] main]: 2026/01/24 15:59:04 {322}. Message sent to 2: {Header{Sender{node-1}, Destination{node-2}, Type{Heartbeat}, Timestamp{322}}}
[[Node 1] main]: 2026/01/24 15:59:05 {323}. Message sent to 2: Header{Sender{node-1}, Destination{node-2}, Type{Tree}, Timestamp{323}}, Epoch{54}, Flags{1}, Body{[]}
[[Node 1] main]: 2026/01/24 15:59:06 {326}. Message received on dispatcher: 2, Sender{node-2}, Destination{node-1}, Type{Heartbeat}, Timestamp{325}
[[Node 1] main]: 2026/01/24 15:59:06 {327}. Message sent to 2: {Header{Sender{node-1}, Destination{node-2}, Type{Heartbeat}, Timestamp{327}}}
[[Node 1] main]: 2026/01/24 15:59:07 {328}. Message sent to 2: Header{Sender{node-1}, Destination{node-2}, Type{Tree}, Timestamp{328}}, Epoch{55}, Flags{1}, Body{[]}
[[Node 1] main]: 2026/01/24 15:59:08 {331}. Message received on dispatcher: 2, Sender{node-2}, Destination{node-1}, Type{Heartbeat}, Timestamp{330}
[[Node 1] main]: 2026/01/24 15:59:08 {332}. Message sent to 2: {Header{Sender{node-1}, Destination{node-2}, Type{Heartbeat}, Timestamp{332}}}
[[Node 1] main]: 2026/01/24 15:59:09 {333}. Message sent to 2: Header{Sender{node-1}, Destination{node-2}, Type{Tree}, Timestamp{333}}, Epoch{56}, Flags{1}, Body{[]}
[[Node 1] main]: 2026/01/24 15:59:10 {336}. Message received on dispatcher: 2, Sender{node-2}, Destination{node-1}, Type{Heartbeat}, Timestamp{335}
[[Node 1] main]: 2026/01/24 15:59:10 {337}. Message sent to 2: {Header{Sender{node-1}, Destination{node-2}, Type{Heartbeat}, Timestamp{337}}}
[[Node 1] main]: 2026/01/24 15:59:11 {338}. Message sent to 2: Header{Sender{node-1}, Destination{node-2}, Type{Tree}, Timestamp{338}}, Epoch{57}, Flags{1}, Body{[]}
[[Node 1] main]: 2026/01/24 15:59:12 {341}. Message received on dispatcher: 2, Sender{node-2}, Destination{node-1}, Type{Heartbeat}, Timestamp{340}
[[Node 1] main]: 2026/01/24 15:59:12 {342}. Message sent to 2: {Header{Sender{node-1}, Destination{node-2}, Type{Heartbeat}, Timestamp{342}}}
[[Node 1] main]: 2026/01/24 15:59:13 {343}. Message sent to 2: Header{Sender{node-1}, Destination{node-2}, Type{Tree}, Timestamp{343}}, Epoch{58}, Flags{1}, Body{[]}
[[Node 1] main]: 2026/01/24 15:59:14 {346}. Message received on dispatcher: 2, Sender{node-2}, Destination{node-1}, Type{Heartbeat}, Timestamp{345}
[[Node 1] main]: 2026/01/24 15:59:14 {347}. Message sent to 2: {Header{Sender{node-1}, Destination{node-2}, Type{Heartbeat}, Timestamp{347}}}
[[Node 1] main]: 2026/01/24 15:59:15 {348}. Message sent to 2: Header{Sender{node-1}, Destination{node-2}, Type{Tree}, Timestamp{348}}, Epoch{59}, Flags{1}, Body{[]}
[[Node 1] main]: 2026/01/24 15:59:16 {351}. Message received on dispatcher: 2, Sender{node-2}, Destination{node-1}, Type{Heartbeat}, Timestamp{350}
[[Node 1] main]: 2026/01/24 15:59:16 {352}. Message sent to 2: {Header{Sender{node-1}, Destination{node-2}, Type{Heartbeat}, Timestamp{352}}}
[[Node 1] main]: 2026/01/24 15:59:17 {353}. Message sent to 2: Header{Sender{node-1}, Destination{node-2}, Type{Tree}, Timestamp{353}}, Epoch{60}, Flags{1}, Body{[]}
[[Node 1] main]: 2026/01/24 15:59:18 {356}. Message received on dispatcher: 2, Sender{node-2}, Destination{node-1}, Type{Heartbeat}, Timestamp{355}
[[Node 1] main]: 2026/01/24 15:59:18 {357}. Message sent to 2: {Header{Sender{node-1}, Destination{node-2}, Type{Heartbeat}, Timestamp{357}}}
[[Node 1] main]: 2026/01/24 15:59:19 {358}. Message sent to 2: Header{Sender{node-1}, Destination{node-2}, Type{Tree}, Timestamp{358}}, Epoch{61}, Flags{1}, Body{[]}
[[Node 1] main]: 2026/01/24 15:59:20 {363}. Message received on dispatcher: 2, Sender{node-2}, Destination{node-1}, Type{Heartbeat}, Timestamp{362}
[[Node 1] main]: 2026/01/24 15:59:20 {364}. Message sent to 2: {Header{Sender{node-1}, Destination{node-2}, Type{Heartbeat}, Timestamp{364}}}
[[Node 1] main]: 2026/01/24 15:59:21 {365}. Message sent to 2: Header{Sender{node-1}, Destination{node-2}, Type{Tree}, Timestamp{365}}, Epoch{62}, Flags{1}, Body{[]}
[[Node 1] main]: 2026/01/24 15:59:22 {368}. Message received on dispatcher: 2, Sender{node-2}, Destination{node-1}, Type{Heartbeat}, Timestamp{367}
[[Node 1] main]: 2026/01/24 15:59:22 {369}. Message sent to 2: {Header{Sender{node-1}, Destination{node-2}, Type{Heartbeat}, Timestamp{369}}}
[[Node 1] main]: 2026/01/24 15:59:23 {370}. Message sent to 2: Header{Sender{node-1}, Destination{node-2}, Type{Tree}, Timestamp{370}}, Epoch{63}, Flags{1}, Body{[]}
[[Node 1] main]: 2026/01/24 15:59:24 {373}. Message received on dispatcher: 2, Sender{node-2}, Destination{node-1}, Type{Heartbeat}, Timestamp{372}
[[Node 1] main]: 2026/01/24 15:59:24 {374}. Message sent to 2: {Header{Sender{node-1}, Destination{node-2}, Type{Heartbeat}, Timestamp{374}}}
[[Node 1] main]: 2026/01/24 15:59:25 {375}. Message sent to 2: Header{Sender{node-1}, Destination{node-2}, Type{Tree}, Timestamp{375}}, Epoch{64}, Flags{1}, Body{[]}
[[Node 1] main]: 2026/01/24 15:59:26 {378}. Message received on dispatcher: 2, Sender{node-2}, Destination{node-1}, Type{Heartbeat}, Timestamp{377}
[[Node 1] main]: 2026/01/24 15:59:26 {379}. Message sent to 2: {Header{Sender{node-1}, Destination{node-2}, Type{Heartbeat}, Timestamp{379}}}
[[Node 1] main]: 2026/01/24 15:59:27 {380}. Message sent to 2: Header{Sender{node-1}, Destination{node-2}, Type{Tree}, Timestamp{380}}, Epoch{65}, Flags{1}, Body{[]}
[[Node 1] main]: 2026/01/24 15:59:28 {383}. Message received on dispatcher: 2, Sender{node-2}, Destination{node-1}, Type{Heartbeat}, Timestamp{382}
[[Node 1] main]: 2026/01/24 15:59:28 {384}. Message sent to 2: {Header{Sender{node-1}, Destination{node-2}, Type{Heartbeat}, Timestamp{384}}}
[[Node 1] main]: 2026/01/24 15:59:29 {385}. Message sent to 2: Header{Sender{node-1}, Destination{node-2}, Type{Tree}, Timestamp{385}}, Epoch{66}, Flags{1}, Body{[]}
[[Node 1] main]: 2026/01/24 15:59:30 {388}. Message received on dispatcher: 2, Sender{node-2}, Destination{node-1}, Type{Heartbeat}, Timestamp{387}
[[Node 1] main]: 2026/01/24 15:59:30 {389}. Message sent to 2: {Header{Sender{node-1}, Destination{node-2}, Type{Heartbeat}, Timestamp{389}}}
[[Node 1] main]: 2026/01/24 15:59:31 {390}. Message sent to 2: Header{Sender{node-1}, Destination{node-2}, Type{Tree}, Timestamp{390}}, Epoch{67}, Flags{1}, Body{[]}
[[Node 1] main]: 2026/01/24 15:59:32 {393}. Message received on dispatcher: 2, Sender{node-2}, Destination{node-1}, Type{Heartbeat}, Timestamp{392}
[[Node 1] main]: 2026/01/24 15:59:32 {394}. Message sent to 2: {Header{Sender{node-1}, Destination{node-2}, Type{Heartbeat}, Timestamp{394}}}
[[Node 1] main]: 2026/01/24 15:59:33 {395}. Message sent to 2: Header{Sender{node-1}, Destination{node-2}, Type{Tree}, Timestamp{395}}, Epoch{68}, Flags{1}, Body{[]}
[[Node 1] main]: 2026/01/24 15:59:34 {398}. Message received on dispatcher: 2, Sender{node-2}, Destination{node-1}, Type{Heartbeat}, Timestamp{397}
[[Node 1] main]: 2026/01/24 15:59:34 {399}. Message sent to 2: {Header{Sender{node-1}, Destination{node-2}, Type{Heartbeat}, Timestamp{399}}}
[[Node 1] main]: 2026/01/24 15:59:35 {400}. Message sent to 2: Header{Sender{node-1}, Destination{node-2}, Type{Tree}, Timestamp{400}}, Epoch{69}, Flags{1}, Body{[]}
[[Node 1] main]: 2026/01/24 15:59:36 {405}. Message received on dispatcher: 2, Sender{node-2}, Destination{node-1}, Type{Heartbeat}, Timestamp{404}
[[Node 1] main]: 2026/01/24 15:59:36 {406}. Message sent to 2: {Header{Sender{node-1}, Destination{node-2}, Type{Heartbeat}, Timestamp{406}}}
[[Node 1] main]: 2026/01/24 15:59:37 {407}. Message sent to 2: Header{Sender{node-1}, Destination{node-2}, Type{Tree}, Timestamp{407}}, Epoch{70}, Flags{1}, Body{[]}
[[Node 1] main]: 2026/01/24 15:59:38 {410}. Message received on dispatcher: 2, Sender{node-2}, Destination{node-1}, Type{Heartbeat}, Timestamp{409}
[[Node 1] main]: 2026/01/24 15:59:38 {411}. Message sent to 2: {Header{Sender{node-1}, Destination{node-2}, Type{Heartbeat}, Timestamp{411}}}
[[Node 1] main]: 2026/01/24 15:59:39 {412}. Message sent to 2: Header{Sender{node-1}, Destination{node-2}, Type{Tree}, Timestamp{412}}, Epoch{71}, Flags{1}, Body{[]}
[[Node 1] main]: 2026/01/24 15:59:40 {415}. Message received on dispatcher: 2, Sender{node-2}, Destination{node-1}, Type{Heartbeat}, Timestamp{414}
[[Node 1] main]: 2026/01/24 15:59:40 {416}. Message sent to 2: {Header{Sender{node-1}, Destination{node-2}, Type{Heartbeat}, Timestamp{416}}}
[[Node 1] main]: 2026/01/24 15:59:41 {417}. Message sent to 2: Header{Sender{node-1}, Destination{node-2}, Type{Tree}, Timestamp{417}}, Epoch{72}, Flags{1}, Body{[]}
[[Node 1] main]: 2026/01/24 15:59:42 {420}. Message received on dispatcher: 2, Sender{node-2}, Destination{node-1}, Type{Heartbeat}, Timestamp{419}
[[Node 1] main]: 2026/01/24 15:59:42 {421}. Message sent to 2: {Header{Sender{node-1}, Destination{node-2}, Type{Heartbeat}, Timestamp{421}}}
[[Node 1] main]: 2026/01/24 15:59:43 {422}. Message sent to 2: Header{Sender{node-1}, Destination{node-2}, Type{Tree}, Timestamp{422}}, Epoch{73}, Flags{1}, Body{[]}
[[Node 1] main]: 2026/01/24 15:59:44 {425}. Message received on dispatcher: 2, Sender{node-2}, Destination{node-1}, Type{Heartbeat}, Timestamp{424}
[[Node 1] main]: 2026/01/24 15:59:44 {426}. Message sent to 2: {Header{Sender{node-1}, Destination{node-2}, Type{Heartbeat}, Timestamp{426}}}
[[Node 1] main]: 2026/01/24 15:59:45 {427}. Message sent to 2: Header{Sender{node-1}, Destination{node-2}, Type{Tree}, Timestamp{427}}, Epoch{74}, Flags{1}, Body{[]}
[[Node 1] main]: 2026/01/24 15:59:46 {430}. Message received on dispatcher: 2, Sender{node-2}, Destination{node-1}, Type{Heartbeat}, Timestamp{429}
[[Node 1] main]: 2026/01/24 15:59:46 {431}. Message sent to 2: {Header{Sender{node-1}, Destination{node-2}, Type{Heartbeat}, Timestamp{431}}}
[[Node 1] main]: 2026/01/24 15:59:47 {432}. Message sent to 2: Header{Sender{node-1}, Destination{node-2}, Type{Tree}, Timestamp{432}}, Epoch{75}, Flags{1}, Body{[]}
[[Node 1] main]: 2026/01/24 15:59:48 {435}. Message received on dispatcher: 2, Sender{node-2}, Destination{node-1}, Type{Heartbeat}, Timestamp{434}
[[Node 1] main]: 2026/01/24 15:59:48 {436}. Message sent to 2: {Header{Sender{node-1}, Destination{node-2}, Type{Heartbeat}, Timestamp{436}}}
[[Node 1] main]: 2026/01/24 15:59:49 {437}. Message sent to 2: Header{Sender{node-1}, Destination{node-2}, Type{Tree}, Timestamp{437}}, Epoch{76}, Flags{1}, Body{[]}
