[[Node 3] election]: 2026/01/24 14:13:38 {0}. Started election handle
[[Node 3] election]: 2026/01/24 14:13:39 {19}. Preparing election context...
[[Node 3] election]: 2026/01/24 14:13:39 {20}. Resetting the election context...
[[Node 3] election]: 2026/01/24 14:13:39 {21}. Orienting the nodes with current neighbors
[[Node 3] election]: 2026/01/24 14:13:39 {21}. 4: Outgoing
[[Node 3] election]: 2026/01/24 14:13:39 {21}. 2: Incoming
[[Node 3] election]: 2026/01/24 14:13:39 {21}. Calculating election 20-3 status: I am InternalNode
[[Node 3] election]: 2026/01/24 14:13:39 {21}. Setup the election context
[[Node 3] election]: 2026/01/24 14:13:39 {21}. Sent START message to 4
[[Node 3] election]: 2026/01/24 14:13:39 {21}. Sent START message to 2
[[Node 3] election]: 2026/01/24 14:13:39 {21}. Sent START to all my ON neighbors, waiting confirm or earlier election proposal
[[Node 3] election]: 2026/01/24 14:13:39 {21}. Yo down started for round 0
[[Node 3] election]: 2026/01/24 14:13:39 {21}. Internal node: waiting for inlinks to send proposals
[[Node 3] election]: 2026/01/24 14:13:41 {107}. Awaiting election message...
[[Node 3] election]: 2026/01/24 14:13:41 {107}. Election message received: Header{Sender{node-4}, Destination{node-3}, Type{Election}, Timestamp{10}}, MessageType{0}, ElectionID{}, Round{0}, Body{[8-4]}. Current state{Waiting Yo Down}
[[Node 3] election]: 2026/01/24 14:13:41 {107}. 4 sent me a weaker START message: received{8-4}, mine{20-3}. Ignoring it.
[[Node 3] election]: 2026/01/24 14:13:41 {107}. Awaiting election message...
[[Node 3] election]: 2026/01/24 14:13:41 {107}. Election message received: Header{Sender{node-2}, Destination{node-3}, Type{Election}, Timestamp{29}}, MessageType{0}, ElectionID{}, Round{0}, Body{[25-2]}. Current state{Waiting Yo Down}
[[Node 3] election]: 2026/01/24 14:13:41 {107}. 2 sent me a stronger START message: received{25-2}, mine{20-3}. Switching to this one
[[Node 3] election]: 2026/01/24 14:13:41 {107}. Preparing election context for election {25-2}...
[[Node 3] election]: 2026/01/24 14:13:41 {107}. Resetting the election context...
[[Node 3] election]: 2026/01/24 14:13:41 {108}. Orienting the nodes with current neighbors
[[Node 3] election]: 2026/01/24 14:13:41 {108}. 4: Outgoing
[[Node 3] election]: 2026/01/24 14:13:41 {108}. 2: Incoming
[[Node 3] election]: 2026/01/24 14:13:41 {108}. Calculating election 25-2 status: I am InternalNode
[[Node 3] election]: 2026/01/24 14:13:41 {108}. Finished setup for the election context
[[Node 3] election]: 2026/01/24 14:13:41 {108}. Sent START message to 4
[[Node 3] election]: 2026/01/24 14:13:41 {108}. Ignoring 2 as it is the sender
[[Node 3] election]: 2026/01/24 14:13:41 {108}. Yo down started for round 0
[[Node 3] election]: 2026/01/24 14:13:41 {108}. Internal node: waiting for inlinks to send proposals
[[Node 3] election]: 2026/01/24 14:13:41 {108}. Awaiting election message...
[[Node 3] election]: 2026/01/24 14:13:41 {108}. Election message received: Header{Sender{node-2}, Destination{node-3}, Type{Election}, Timestamp{31}}, MessageType{1}, ElectionID{25-2}, Round{0}, Body{[2]}. Current state{Waiting Yo Down}
[[Node 3] election]: 2026/01/24 14:13:41 {108}. Stored the proposal of 2 by 2, waiting for 0 more proposals...
[[Node 3] election]: 2026/01/24 14:13:41 {108}. Got all proposals, calculating the smallest ID... {2}
[[Node 3] election]: 2026/01/24 14:13:41 {108}. Forwarding proposal to 4
[[Node 3] election]: 2026/01/24 14:13:41 {108}. Yo up started for round 0
[[Node 3] election]: 2026/01/24 14:13:41 {108}. Internal node: waiting for outlinks to send votes
[[Node 3] election]: 2026/01/24 14:13:41 {108}. Awaiting election message...
[[Node 3] election]: 2026/01/24 14:13:41 {108}. Election message received: Header{Sender{node-2}, Destination{node-3}, Type{Election}, Timestamp{34}}, MessageType{0}, ElectionID{}, Round{0}, Body{[27-2]}. Current state{Waiting Yo Up}
[[Node 3] election]: 2026/01/24 14:13:41 {108}. 2 sent me a stronger START message: received{27-2}, mine{25-2}. Switching to this one
[[Node 3] election]: 2026/01/24 14:13:41 {108}. Preparing election context for election {27-2}...
[[Node 3] election]: 2026/01/24 14:13:41 {108}. Resetting the election context...
[[Node 3] election]: 2026/01/24 14:13:41 {109}. Orienting the nodes with current neighbors
[[Node 3] election]: 2026/01/24 14:13:41 {109}. 2: Incoming
[[Node 3] election]: 2026/01/24 14:13:41 {109}. 4: Outgoing
[[Node 3] election]: 2026/01/24 14:13:41 {109}. Calculating election 27-2 status: I am InternalNode
[[Node 3] election]: 2026/01/24 14:13:41 {109}. Finished setup for the election context
[[Node 3] election]: 2026/01/24 14:13:41 {109}. Sent START message to 4
[[Node 3] election]: 2026/01/24 14:13:41 {109}. Ignoring 2 as it is the sender
[[Node 3] election]: 2026/01/24 14:13:41 {109}. Yo down started for round 0
[[Node 3] election]: 2026/01/24 14:13:41 {109}. Internal node: waiting for inlinks to send proposals
[[Node 3] election]: 2026/01/24 14:13:41 {109}. Awaiting election message...
[[Node 3] election]: 2026/01/24 14:13:41 {109}. Election message received: Header{Sender{node-2}, Destination{node-3}, Type{Election}, Timestamp{36}}, MessageType{1}, ElectionID{27-2}, Round{0}, Body{[2]}. Current state{Waiting Yo Down}
[[Node 3] election]: 2026/01/24 14:13:41 {109}. Stored the proposal of 2 by 2, waiting for 0 more proposals...
[[Node 3] election]: 2026/01/24 14:13:41 {109}. Got all proposals, calculating the smallest ID... {2}
[[Node 3] election]: 2026/01/24 14:13:41 {109}. Forwarding proposal to 4
[[Node 3] election]: 2026/01/24 14:13:41 {109}. Yo up started for round 0
[[Node 3] election]: 2026/01/24 14:13:41 {109}. Internal node: waiting for outlinks to send votes
[[Node 3] election]: 2026/01/24 14:13:41 {109}. Awaiting election message...
[[Node 3] election]: 2026/01/24 14:13:41 {109}. Election message received: Header{Sender{node-4}, Destination{node-3}, Type{Election}, Timestamp{53}}, MessageType{0}, ElectionID{}, Round{0}, Body{[50-4]}. Current state{Waiting Yo Up}
[[Node 3] election]: 2026/01/24 14:13:41 {109}. 4 sent me a stronger START message: received{50-4}, mine{27-2}. Switching to this one
[[Node 3] election]: 2026/01/24 14:13:41 {109}. Preparing election context for election {50-4}...
[[Node 3] election]: 2026/01/24 14:13:41 {109}. Resetting the election context...
[[Node 3] election]: 2026/01/24 14:13:41 {110}. Orienting the nodes with current neighbors
[[Node 3] election]: 2026/01/24 14:13:41 {110}. 4: Outgoing
[[Node 3] election]: 2026/01/24 14:13:41 {110}. 2: Incoming
[[Node 3] election]: 2026/01/24 14:13:41 {110}. Calculating election 50-4 status: I am InternalNode
[[Node 3] election]: 2026/01/24 14:13:41 {110}. Finished setup for the election context
[[Node 3] election]: 2026/01/24 14:13:41 {110}. Ignoring 4 as it is the sender
[[Node 3] election]: 2026/01/24 14:13:41 {110}. Sent START message to 2
[[Node 3] election]: 2026/01/24 14:13:41 {110}. Yo down started for round 0
[[Node 3] election]: 2026/01/24 14:13:41 {110}. Internal node: waiting for inlinks to send proposals
[[Node 3] election]: 2026/01/24 14:13:41 {110}. Awaiting election message...
[[Node 3] election]: 2026/01/24 14:13:41 {110}. Election message received: Header{Sender{node-2}, Destination{node-3}, Type{Election}, Timestamp{55}}, MessageType{0}, ElectionID{}, Round{0}, Body{[52-2]}. Current state{Waiting Yo Down}
[[Node 3] election]: 2026/01/24 14:13:41 {110}. 2 sent me a stronger START message: received{52-2}, mine{50-4}. Switching to this one
[[Node 3] election]: 2026/01/24 14:13:41 {110}. Preparing election context for election {52-2}...
[[Node 3] election]: 2026/01/24 14:13:41 {110}. Resetting the election context...
[[Node 3] election]: 2026/01/24 14:13:41 {111}. Orienting the nodes with current neighbors
[[Node 3] election]: 2026/01/24 14:13:41 {111}. 4: Outgoing
[[Node 3] election]: 2026/01/24 14:13:41 {111}. 2: Incoming
[[Node 3] election]: 2026/01/24 14:13:41 {111}. Calculating election 52-2 status: I am InternalNode
[[Node 3] election]: 2026/01/24 14:13:41 {111}. Finished setup for the election context
[[Node 3] election]: 2026/01/24 14:13:41 {111}. Sent START message to 4
[[Node 3] election]: 2026/01/24 14:13:41 {111}. Ignoring 2 as it is the sender
[[Node 3] election]: 2026/01/24 14:13:41 {111}. Yo down started for round 0
[[Node 3] election]: 2026/01/24 14:13:41 {111}. Internal node: waiting for inlinks to send proposals
[[Node 3] election]: 2026/01/24 14:13:41 {111}. Awaiting election message...
[[Node 3] election]: 2026/01/24 14:13:41 {111}. Election message received: Header{Sender{node-4}, Destination{node-3}, Type{Election}, Timestamp{103}}, MessageType{0}, ElectionID{}, Round{0}, Body{[59-1]}. Current state{Waiting Yo Down}
[[Node 3] election]: 2026/01/24 14:13:41 {111}. 4 sent me a stronger START message: received{59-1}, mine{52-2}. Switching to this one
[[Node 3] election]: 2026/01/24 14:13:41 {111}. Preparing election context for election {59-1}...
[[Node 3] election]: 2026/01/24 14:13:41 {111}. Resetting the election context...
[[Node 3] election]: 2026/01/24 14:13:41 {112}. Orienting the nodes with current neighbors
[[Node 3] election]: 2026/01/24 14:13:41 {112}. 4: Outgoing
[[Node 3] election]: 2026/01/24 14:13:41 {112}. 2: Incoming
[[Node 3] election]: 2026/01/24 14:13:41 {112}. Calculating election 59-1 status: I am InternalNode
[[Node 3] election]: 2026/01/24 14:13:41 {112}. Finished setup for the election context
[[Node 3] election]: 2026/01/24 14:13:41 {112}. Ignoring 4 as it is the sender
[[Node 3] election]: 2026/01/24 14:13:41 {112}. Sent START message to 2
[[Node 3] election]: 2026/01/24 14:13:41 {112}. Yo down started for round 0
[[Node 3] election]: 2026/01/24 14:13:41 {112}. Internal node: waiting for inlinks to send proposals
[[Node 3] election]: 2026/01/24 14:13:41 {112}. Awaiting election message...
[[Node 3] election]: 2026/01/24 14:13:41 {112}. Election message received: Header{Sender{node-4}, Destination{node-3}, Type{Election}, Timestamp{104}}, MessageType{0}, ElectionID{}, Round{0}, Body{[61-1]}. Current state{Waiting Yo Down}
[[Node 3] election]: 2026/01/24 14:13:41 {112}. 4 sent me a stronger START message: received{61-1}, mine{59-1}. Switching to this one
[[Node 3] election]: 2026/01/24 14:13:41 {112}. Preparing election context for election {61-1}...
[[Node 3] election]: 2026/01/24 14:13:41 {112}. Resetting the election context...
[[Node 3] election]: 2026/01/24 14:13:41 {113}. Orienting the nodes with current neighbors
[[Node 3] election]: 2026/01/24 14:13:41 {113}. 4: Outgoing
[[Node 3] election]: 2026/01/24 14:13:41 {113}. 2: Incoming
[[Node 3] election]: 2026/01/24 14:13:41 {113}. Calculating election 61-1 status: I am InternalNode
[[Node 3] election]: 2026/01/24 14:13:41 {113}. Finished setup for the election context
[[Node 3] election]: 2026/01/24 14:13:41 {113}. Ignoring 4 as it is the sender
[[Node 3] election]: 2026/01/24 14:13:41 {113}. Sent START message to 2
[[Node 3] election]: 2026/01/24 14:13:41 {113}. Yo down started for round 0
[[Node 3] election]: 2026/01/24 14:13:41 {113}. Internal node: waiting for inlinks to send proposals
[[Node 3] election]: 2026/01/24 14:13:41 {113}. Awaiting election message...
[[Node 3] election]: 2026/01/24 14:13:41 {113}. Election message received: Header{Sender{node-4}, Destination{node-3}, Type{Election}, Timestamp{105}}, MessageType{0}, ElectionID{}, Round{0}, Body{[78-1]}. Current state{Waiting Yo Down}
[[Node 3] election]: 2026/01/24 14:13:41 {113}. 4 sent me a stronger START message: received{78-1}, mine{61-1}. Switching to this one
[[Node 3] election]: 2026/01/24 14:13:41 {113}. Preparing election context for election {78-1}...
[[Node 3] election]: 2026/01/24 14:13:41 {113}. Resetting the election context...
[[Node 3] election]: 2026/01/24 14:13:41 {114}. Orienting the nodes with current neighbors
[[Node 3] election]: 2026/01/24 14:13:41 {114}. 4: Outgoing
[[Node 3] election]: 2026/01/24 14:13:41 {114}. 2: Incoming
[[Node 3] election]: 2026/01/24 14:13:41 {114}. Calculating election 78-1 status: I am InternalNode
[[Node 3] election]: 2026/01/24 14:13:41 {114}. Finished setup for the election context
[[Node 3] election]: 2026/01/24 14:13:41 {114}. Ignoring 4 as it is the sender
[[Node 3] election]: 2026/01/24 14:13:41 {114}. Sent START message to 2
[[Node 3] election]: 2026/01/24 14:13:41 {114}. Yo down started for round 0
[[Node 3] election]: 2026/01/24 14:13:41 {114}. Internal node: waiting for inlinks to send proposals
[[Node 3] election]: 2026/01/24 14:13:41 {114}. Awaiting election message...
[[Node 3] election]: 2026/01/24 14:13:41 {114}. Election message received: Header{Sender{node-4}, Destination{node-3}, Type{Election}, Timestamp{106}}, MessageType{0}, ElectionID{}, Round{0}, Body{[80-1]}. Current state{Waiting Yo Down}
[[Node 3] election]: 2026/01/24 14:13:41 {114}. 4 sent me a stronger START message: received{80-1}, mine{78-1}. Switching to this one
[[Node 3] election]: 2026/01/24 14:13:41 {114}. Preparing election context for election {80-1}...
[[Node 3] election]: 2026/01/24 14:13:41 {114}. Resetting the election context...
[[Node 3] election]: 2026/01/24 14:13:41 {115}. Orienting the nodes with current neighbors
[[Node 3] election]: 2026/01/24 14:13:41 {115}. 4: Outgoing
[[Node 3] election]: 2026/01/24 14:13:41 {115}. 2: Incoming
[[Node 3] election]: 2026/01/24 14:13:41 {115}. Calculating election 80-1 status: I am InternalNode
[[Node 3] election]: 2026/01/24 14:13:41 {115}. Finished setup for the election context
[[Node 3] election]: 2026/01/24 14:13:41 {115}. Ignoring 4 as it is the sender
[[Node 3] election]: 2026/01/24 14:13:41 {115}. Sent START message to 2
[[Node 3] election]: 2026/01/24 14:13:41 {115}. Yo down started for round 0
[[Node 3] election]: 2026/01/24 14:13:41 {115}. Internal node: waiting for inlinks to send proposals
[[Node 3] election]: 2026/01/24 14:13:41 {115}. Awaiting election message...
[[Node 3] election]: 2026/01/24 14:13:42 {147}. Election message received: Header{Sender{node-2}, Destination{node-3}, Type{Election}, Timestamp{131}}, MessageType{0}, ElectionID{}, Round{0}, Body{[59-1]}. Current state{Waiting Yo Down}
[[Node 3] election]: 2026/01/24 14:13:42 {147}. 2 sent me a weaker START message: received{59-1}, mine{80-1}. Ignoring it.
[[Node 3] election]: 2026/01/24 14:13:42 {147}. Awaiting election message...
[[Node 3] election]: 2026/01/24 14:13:42 {147}. Election message received: Header{Sender{node-2}, Destination{node-3}, Type{Election}, Timestamp{134}}, MessageType{1}, ElectionID{59-1}, Round{0}, Body{[1]}. Current state{Waiting Yo Down}
[[Node 3] election]: 2026/01/24 14:13:42 {147}. Proposal message received by 2 for a weaker, older, election 59-1, ignoring.
[[Node 3] election]: 2026/01/24 14:13:42 {147}. Awaiting election message...
[[Node 3] election]: 2026/01/24 14:13:42 {147}. Election message received: Header{Sender{node-2}, Destination{node-3}, Type{Election}, Timestamp{136}}, MessageType{0}, ElectionID{}, Round{0}, Body{[61-1]}. Current state{Waiting Yo Down}
[[Node 3] election]: 2026/01/24 14:13:42 {147}. 2 sent me a weaker START message: received{61-1}, mine{80-1}. Ignoring it.
[[Node 3] election]: 2026/01/24 14:13:42 {147}. Awaiting election message...
[[Node 3] election]: 2026/01/24 14:13:42 {147}. Election message received: Header{Sender{node-2}, Destination{node-3}, Type{Election}, Timestamp{138}}, MessageType{1}, ElectionID{61-1}, Round{0}, Body{[1]}. Current state{Waiting Yo Down}
[[Node 3] election]: 2026/01/24 14:13:42 {147}. Proposal message received by 2 for a weaker, older, election 61-1, ignoring.
[[Node 3] election]: 2026/01/24 14:13:42 {147}. Awaiting election message...
[[Node 3] election]: 2026/01/24 14:13:42 {147}. Election message received: Header{Sender{node-2}, Destination{node-3}, Type{Election}, Timestamp{139}}, MessageType{0}, ElectionID{}, Round{0}, Body{[78-1]}. Current state{Waiting Yo Down}
[[Node 3] election]: 2026/01/24 14:13:42 {147}. 2 sent me a weaker START message: received{78-1}, mine{80-1}. Ignoring it.
[[Node 3] election]: 2026/01/24 14:13:42 {147}. Awaiting election message...
[[Node 3] election]: 2026/01/24 14:13:42 {147}. Election message received: Header{Sender{node-2}, Destination{node-3}, Type{Election}, Timestamp{142}}, MessageType{1}, ElectionID{78-1}, Round{0}, Body{[1]}. Current state{Waiting Yo Down}
[[Node 3] election]: 2026/01/24 14:13:42 {147}. Proposal message received by 2 for a weaker, older, election 78-1, ignoring.
[[Node 3] election]: 2026/01/24 14:13:42 {147}. Awaiting election message...
[[Node 3] election]: 2026/01/24 14:13:42 {147}. Election message received: Header{Sender{node-2}, Destination{node-3}, Type{Election}, Timestamp{144}}, MessageType{0}, ElectionID{}, Round{0}, Body{[80-1]}. Current state{Waiting Yo Down}
[[Node 3] election]: 2026/01/24 14:13:42 {147}. 2 sent me my own start back. Considering it as (ACK)
[[Node 3] election]: 2026/01/24 14:13:42 {147}. Awaiting election message...
[[Node 3] election]: 2026/01/24 14:13:42 {147}. Election message received: Header{Sender{node-2}, Destination{node-3}, Type{Election}, Timestamp{146}}, MessageType{1}, ElectionID{80-1}, Round{0}, Body{[1]}. Current state{Waiting Yo Down}
[[Node 3] election]: 2026/01/24 14:13:42 {147}. Stored the proposal of 1 by 2, waiting for 0 more proposals...
[[Node 3] election]: 2026/01/24 14:13:42 {147}. Got all proposals, calculating the smallest ID... {1}
[[Node 3] election]: 2026/01/24 14:13:42 {147}. Forwarding proposal to 4
[[Node 3] election]: 2026/01/24 14:13:42 {147}. Yo up started for round 0
[[Node 3] election]: 2026/01/24 14:13:42 {147}. Internal node: waiting for outlinks to send votes
[[Node 3] election]: 2026/01/24 14:13:42 {147}. Awaiting election message...
[[Node 3] election]: 2026/01/24 14:13:42 {151}. Election message received: Header{Sender{node-4}, Destination{node-3}, Type{Election}, Timestamp{150}}, MessageType{2}, ElectionID{80-1}, Round{0}, Body{[true false]}. Current state{Waiting Yo Up}
[[Node 3] election]: 2026/01/24 14:13:42 {151}. Stored the vote of true by 4, waiting for 1 more vote...  Pruning asked: false
[[Node 3] election]: 2026/01/24 14:13:42 {151}. Got all votes, also am I gonna prune some of my parents? true
[[Node 3] election]: 2026/01/24 14:13:42 {151}. Sent vote message to 2
[[Node 3] election]: 2026/01/24 14:13:42 {151}. Preparing for next round...
[[Node 3] election]: 2026/01/24 14:13:42 {151}. Context prepared, current round is 1 and I am InternalNode
[[Node 3] election]: 2026/01/24 14:13:42 {151}. Yo down started for round 1
[[Node 3] election]: 2026/01/24 14:13:42 {151}. Internal node: waiting for inlinks to send proposals
[[Node 3] election]: 2026/01/24 14:13:42 {151}. Awaiting election message...
[[Node 3] election]: 2026/01/24 14:13:42 {162}. Election message received: Header{Sender{node-2}, Destination{node-3}, Type{Election}, Timestamp{161}}, MessageType{1}, ElectionID{80-1}, Round{1}, Body{[1]}. Current state{Waiting Yo Down}
[[Node 3] election]: 2026/01/24 14:13:42 {162}. Stored the proposal of 1 by 2, waiting for 0 more proposals...
[[Node 3] election]: 2026/01/24 14:13:42 {162}. Got all proposals, calculating the smallest ID... {1}
[[Node 3] election]: 2026/01/24 14:13:42 {162}. Forwarding proposal to 4
[[Node 3] election]: 2026/01/24 14:13:42 {162}. Yo up started for round 1
[[Node 3] election]: 2026/01/24 14:13:42 {162}. Internal node: waiting for outlinks to send votes
[[Node 3] election]: 2026/01/24 14:13:42 {162}. Awaiting election message...
[[Node 3] election]: 2026/01/24 14:13:42 {166}. Election message received: Header{Sender{node-4}, Destination{node-3}, Type{Election}, Timestamp{165}}, MessageType{2}, ElectionID{80-1}, Round{1}, Body{[true true]}. Current state{Waiting Yo Up}
[[Node 3] election]: 2026/01/24 14:13:42 {166}. Stored the vote of true by 4, waiting for 1 more vote...  Pruning asked: true
[[Node 3] election]: 2026/01/24 14:13:42 {166}. Got all votes, also am I gonna prune some of my parents? true
[[Node 3] election]: 2026/01/24 14:13:42 {166}. Sent vote message to 2
[[Node 3] election]: 2026/01/24 14:13:42 {166}. Preparing for next round...
[[Node 3] election]: 2026/01/24 14:13:42 {167}. Context prepared, current round is 2 and I am Sink
[[Node 3] election]: 2026/01/24 14:13:42 {167}. Yo down started for round 2
[[Node 3] election]: 2026/01/24 14:13:42 {167}. Sink: waiting for inlinks to send proposals
[[Node 3] election]: 2026/01/24 14:13:42 {167}. Awaiting election message...
[[Node 3] election]: 2026/01/24 14:13:42 {174}. Election message received: Header{Sender{node-2}, Destination{node-3}, Type{Election}, Timestamp{173}}, MessageType{1}, ElectionID{80-1}, Round{2}, Body{[1]}. Current state{Waiting Yo Down}
[[Node 3] election]: 2026/01/24 14:13:42 {174}. Stored the proposal of 1 by 2, waiting for 0 more votes...
[[Node 3] election]: 2026/01/24 14:13:42 {174}. Got all proposals, calculating the smallest ID... {1}
[[Node 3] election]: 2026/01/24 14:13:42 {174}. Yo up started for round 2
[[Node 3] election]: 2026/01/24 14:13:42 {174}. SINK: Got all the proposals, need to send votes back
[[Node 3] election]: 2026/01/24 14:13:42 {174}. I have a single parent, need pruning
[[Node 3] election]: 2026/01/24 14:13:42 {174}. Sent vote true to 2
[[Node 3] election]: 2026/01/24 14:13:42 {174}. Preparing for next round...
[[Node 3] election]: 2026/01/24 14:13:42 {174}. Context prepared, current round is 3 and I am Loser
[[Node 3] election]: 2026/01/24 14:13:42 {174}. Awaiting election message...
[[Node 3] election]: 2026/01/24 14:13:42 {189}. Election message received: Header{Sender{node-4}, Destination{node-3}, Type{Election}, Timestamp{187}}, MessageType{3}, ElectionID{80-1}, Round{2}, Body{[1 Q 1]}. Current state{Waiting Yo Down}
[[Node 3] election]: 2026/01/24 14:13:42 {189}. 1 said it was leader. closing my election context... with Election Result{LeaderID{1}, ElectionID{80-1}}
[[Node 3] election]: 2026/01/24 14:13:42 {189}. Sent new Leader (1) message to 2. Header{Sender{node-3}, Destination{node-2}, Type{Election}, Timestamp{0}}, MessageType{3}, ElectionID{80-1}, Round{3}, Body{[1 Q 2]}
[[Node 3] election]: 2026/01/24 14:13:42 {189}. Awaiting election message...
[[Node 3] election]: 2026/01/24 14:13:42 {189}. Election message received: Header{Sender{node-2}, Destination{node-3}, Type{Election}, Timestamp{186}}, MessageType{3}, ElectionID{80-1}, Round{4}, Body{[1 Q 1]}. Current state{Idle}
[[Node 3] election]: 2026/01/24 14:13:42 {189}. Received a leader message, by 2, for the current election (mine: 80-1, received: 80-1) Confirming.
[[Node 3] election]: 2026/01/24 14:13:42 {189}. Awaiting election message...
[[Node 3] election]: 2026/01/24 14:13:42 {198}. Election message received: Header{Sender{node-2}, Destination{node-3}, Type{Election}, Timestamp{197}}, MessageType{3}, ElectionID{80-1}, Round{4}, Body{[1 A false]}. Current state{Idle}
[[Node 3] election]: 2026/01/24 14:13:42 {198}. Received a leader message, by 2, for the current election (mine: 80-1, received: 80-1) Confirming.
[[Node 3] election]: 2026/01/24 14:13:42 {198}. Awaiting election message...
[[Node 3] election]: 2026/01/24 14:13:57 {335}. Timeout occurred... Current state is Idle
[[Node 3] election]: 2026/01/24 14:13:57 {335}. Awaiting election message...
[[Node 3] election]: 2026/01/24 14:14:11 {478}. Timeout occurred... Current state is Idle
[[Node 3] election]: 2026/01/24 14:14:11 {478}. Awaiting election message...
