[[Node 3] tree]: 2026/01/24 14:13:38 {0}. Started tree handle
[[Node 3] tree]: 2026/01/24 14:13:41 {107}. Awaiting tree message...
[[Node 3] tree]: 2026/01/24 14:13:42 {189}. 4 My state is Idle.
[[Node 3] tree]: 2026/01/24 14:13:42 {189}. Setting up spanning tree process, im IDLE and received a message
[[Node 3] tree]: 2026/01/24 14:13:42 {189}. Root{false}, Parent{sender:4}, TreeChildren{map[]}
[[Node 3] tree]: 2026/01/24 14:13:42 {189}. Sent yes to 4. Counter = 1
[[Node 3] tree]: 2026/01/24 14:13:42 {189}. Other neighbors, sending Q's
[[Node 3] tree]: 2026/01/24 14:13:42 {189}. Sent Q to 2
[[Node 3] tree]: 2026/01/24 14:13:42 {189}. Awaiting responses... Becoming ACTIVE
[[Node 3] tree]: 2026/01/24 14:13:42 {189}. 2 My state is Active.
[[Node 3] tree]: 2026/01/24 14:13:42 {189}. Received Q leader message from 2. Sending NO
[[Node 3] tree]: 2026/01/24 14:13:42 {198}. 2 My state is Active.
[[Node 3] tree]: 2026/01/24 14:13:42 {198}. Received NO from 2, just increasing counter {2}
[[Node 3] tree]: 2026/01/24 14:13:42 {198}. Awaiting 0 responses... [4 2]
[[Node 3] tree]: 2026/01/24 14:13:42 {198}. No more neighbors to await, becoming DONE. My roles: {Input}
[[Node 3] tree]: 2026/01/24 14:13:42 {198}. Telling my parent (4) I am input node
[[Node 3] tree]: 2026/01/24 14:13:42 {200}. Message from 4 received: Header{Sender{node-4}, Destination{node-3}, Type{Tree}, Timestamp{193}}, Epoch{0}, Flags{64}, Body{[50004]}
[[Node 3] tree]: 2026/01/24 14:13:42 {200}. Parent (4) said he listens on port (50004) for data plane
[[Node 3] tree]: 2026/01/24 14:13:42 {200}. Awaiting tree message...
[[Node 3] tree]: 2026/01/24 14:13:44 {218}. Message from 4 received: Header{Sender{node-4}, Destination{node-3}, Type{Tree}, Timestamp{217}}, Epoch{0}, Flags{1}, Body{[]}
[[Node 3] tree]: 2026/01/24 14:13:44 {218}. Awaiting tree message...
[[Node 3] tree]: 2026/01/24 14:13:46 {238}. Message from 4 received: Header{Sender{node-4}, Destination{node-3}, Type{Tree}, Timestamp{237}}, Epoch{1}, Flags{1}, Body{[]}
[[Node 3] tree]: 2026/01/24 14:13:46 {238}. Awaiting tree message...
[[Node 3] tree]: 2026/01/24 14:13:48 {256}. Message from 4 received: Header{Sender{node-4}, Destination{node-3}, Type{Tree}, Timestamp{255}}, Epoch{2}, Flags{1}, Body{[]}
[[Node 3] tree]: 2026/01/24 14:13:48 {256}. Awaiting tree message...
[[Node 3] tree]: 2026/01/24 14:13:50 {275}. Message from 4 received: Header{Sender{node-4}, Destination{node-3}, Type{Tree}, Timestamp{274}}, Epoch{3}, Flags{1}, Body{[]}
[[Node 3] tree]: 2026/01/24 14:13:50 {275}. Awaiting tree message...
[[Node 3] tree]: 2026/01/24 14:13:52 {292}. Message from 4 received: Header{Sender{node-4}, Destination{node-3}, Type{Tree}, Timestamp{291}}, Epoch{4}, Flags{1}, Body{[]}
[[Node 3] tree]: 2026/01/24 14:13:52 {292}. Awaiting tree message...
[[Node 3] tree]: 2026/01/24 14:13:54 {311}. Message from 4 received: Header{Sender{node-4}, Destination{node-3}, Type{Tree}, Timestamp{310}}, Epoch{5}, Flags{1}, Body{[]}
[[Node 3] tree]: 2026/01/24 14:13:54 {311}. Awaiting tree message...
[[Node 3] tree]: 2026/01/24 14:13:56 {329}. Message from 4 received: Header{Sender{node-4}, Destination{node-3}, Type{Tree}, Timestamp{328}}, Epoch{6}, Flags{1}, Body{[]}
[[Node 3] tree]: 2026/01/24 14:13:56 {329}. Awaiting tree message...
[[Node 3] tree]: 2026/01/24 14:13:58 {348}. Message from 4 received: Header{Sender{node-4}, Destination{node-3}, Type{Tree}, Timestamp{347}}, Epoch{7}, Flags{1}, Body{[]}
[[Node 3] tree]: 2026/01/24 14:13:58 {348}. Awaiting tree message...
[[Node 3] tree]: 2026/01/24 14:13:59 {367}. Message from 4 received: Header{Sender{node-4}, Destination{node-3}, Type{Tree}, Timestamp{366}}, Epoch{8}, Flags{1}, Body{[]}
[[Node 3] tree]: 2026/01/24 14:13:59 {367}. Awaiting tree message...
[[Node 3] tree]: 2026/01/24 14:14:01 {386}. Message from 4 received: Header{Sender{node-4}, Destination{node-3}, Type{Tree}, Timestamp{385}}, Epoch{9}, Flags{1}, Body{[]}
[[Node 3] tree]: 2026/01/24 14:14:01 {386}. Awaiting tree message...
[[Node 3] tree]: 2026/01/24 14:14:03 {405}. Message from 4 received: Header{Sender{node-4}, Destination{node-3}, Type{Tree}, Timestamp{404}}, Epoch{10}, Flags{1}, Body{[]}
[[Node 3] tree]: 2026/01/24 14:14:03 {405}. Awaiting tree message...
[[Node 3] tree]: 2026/01/24 14:14:05 {423}. Message from 4 received: Header{Sender{node-4}, Destination{node-3}, Type{Tree}, Timestamp{422}}, Epoch{11}, Flags{1}, Body{[]}
[[Node 3] tree]: 2026/01/24 14:14:05 {423}. Awaiting tree message...
[[Node 3] tree]: 2026/01/24 14:14:07 {442}. Message from 4 received: Header{Sender{node-4}, Destination{node-3}, Type{Tree}, Timestamp{441}}, Epoch{12}, Flags{1}, Body{[]}
[[Node 3] tree]: 2026/01/24 14:14:07 {442}. Awaiting tree message...
[[Node 3] tree]: 2026/01/24 14:14:09 {459}. Message from 4 received: Header{Sender{node-4}, Destination{node-3}, Type{Tree}, Timestamp{458}}, Epoch{13}, Flags{1}, Body{[]}
[[Node 3] tree]: 2026/01/24 14:14:09 {459}. Awaiting tree message...
[[Node 3] tree]: 2026/01/24 14:14:11 {478}. Message from 4 received: Header{Sender{node-4}, Destination{node-3}, Type{Tree}, Timestamp{477}}, Epoch{14}, Flags{1}, Body{[]}
[[Node 3] tree]: 2026/01/24 14:14:11 {478}. Awaiting tree message...
[[Node 3] tree]: 2026/01/24 14:14:13 {496}. Message from 4 received: Header{Sender{node-4}, Destination{node-3}, Type{Tree}, Timestamp{495}}, Epoch{15}, Flags{1}, Body{[]}
[[Node 3] tree]: 2026/01/24 14:14:13 {496}. Awaiting tree message...
